2025-01-31 16:08:29,125 - INFO - ✅ Successfully connected to the PostgreSQL database.
2025-01-31 16:08:29,127 - INFO - ✅ Table 'telegram_messages' created successfully.
2025-01-31 16:08:29,199 - INFO - ✅ Successfully connected to the PostgreSQL database.
2025-01-31 16:08:29,215 - INFO - ✅ Table 'telegram_messages' created successfully.
2025-01-31 16:15:03,113 - INFO - ✅ Successfully connected to the PostgreSQL database.
2025-01-31 16:15:03,114 - INFO - ✅ Table 'telegram_messages' created successfully.
2025-01-31 16:15:03,179 - INFO - ✅ Successfully connected to the PostgreSQL database.
2025-01-31 16:15:03,196 - INFO - ✅ Table 'telegram_messages' created successfully.
2025-01-31 16:17:10,871 - INFO - ✅ Successfully connected to the PostgreSQL database.
2025-01-31 16:17:10,873 - INFO - ✅ Table 'telegram_messages' created successfully.
2025-01-31 16:17:10,945 - INFO - ✅ Successfully connected to the PostgreSQL database.
2025-01-31 16:17:10,961 - INFO - ✅ Table 'telegram_messages' created successfully.
2025-01-31 16:57:02,036 - INFO - ✅ Successfully connected to the PostgreSQL database.
2025-01-31 16:57:02,038 - INFO - ✅ Table 'telegram_messages' created successfully.
2025-01-31 16:57:02,122 - INFO - ✅ Successfully connected to the PostgreSQL database.
2025-01-31 16:57:05,468 - INFO - ✅ Table 'telegram_messages' created successfully.
2025-01-31 17:03:09,996 - INFO - Inserting: 97 - 2023-02-10 12:23:06+00:00
2025-01-31 17:03:09,997 - ERROR - ❌ Error inserting data: 'channel_title'
2025-01-31 17:09:33,934 - INFO - ✅ Successfully connected to the PostgreSQL database.
2025-01-31 17:09:33,936 - INFO - ✅ Table 'telegram_messages' created successfully.
2025-01-31 17:09:33,999 - INFO - ✅ Successfully connected to the PostgreSQL database.
2025-01-31 17:09:34,014 - INFO - ✅ Table 'telegram_messages' created successfully.
2025-01-31 17:09:47,994 - INFO - Inserting: 97 - 2023-02-10 12:23:06+00:00
2025-01-31 17:09:48,015 - INFO - Inserting: 96 - 2023-02-02 08:58:52+00:00
2025-01-31 17:09:48,017 - INFO - Inserting: 95 - 2023-02-01 08:59:37+00:00
2025-01-31 17:09:48,019 - INFO - Inserting: 94 - 2023-01-31 09:19:53+00:00
2025-01-31 17:09:48,020 - INFO - Inserting: 93 - 2023-01-30 09:45:25+00:00
2025-01-31 17:09:48,021 - INFO - Inserting: 92 - 2023-01-27 07:18:40+00:00
2025-01-31 17:09:48,022 - INFO - Inserting: 91 - 2023-01-26 18:27:53+00:00
2025-01-31 17:09:48,023 - INFO - Inserting: 90 - 2023-01-23 10:39:20+00:00
2025-01-31 17:09:48,023 - INFO - Inserting: 89 - 2023-01-17 19:10:57+00:00
2025-01-31 17:09:48,025 - INFO - Inserting: 88 - 2023-01-17 08:43:12+00:00
2025-01-31 17:09:48,025 - INFO - Inserting: 87 - 2023-01-16 13:41:35+00:00
2025-01-31 17:09:48,026 - INFO - Inserting: 86 - 2023-01-16 10:13:42+00:00
2025-01-31 17:09:48,026 - INFO - Inserting: 85 - 2023-01-16 09:26:09+00:00
2025-01-31 17:09:48,028 - INFO - Inserting: 82 - 2023-01-13 12:48:47+00:00
2025-01-31 17:09:48,028 - INFO - Inserting: 81 - 2023-01-13 09:44:14+00:00
2025-01-31 17:09:48,029 - INFO - Inserting: 80 - 2023-01-06 16:06:21+00:00
2025-01-31 17:09:48,031 - INFO - Inserting: 79 - 2023-01-06 09:31:17+00:00
2025-01-31 17:09:48,032 - INFO - Inserting: 78 - 2023-01-06 06:05:01+00:00
2025-01-31 17:09:48,032 - INFO - Inserting: 77 - 2023-01-04 05:58:02+00:00
2025-01-31 17:09:48,033 - INFO - Inserting: 76 - 2023-01-03 17:49:48+00:00
2025-01-31 17:09:48,034 - INFO - Inserting: 75 - 2023-01-03 05:48:34+00:00
2025-01-31 17:09:48,034 - INFO - Inserting: 74 - 2023-01-02 07:02:55+00:00
2025-01-31 17:09:48,035 - INFO - Inserting: 73 - 2023-01-02 06:58:48+00:00
2025-01-31 17:09:48,035 - INFO - Inserting: 71 - 2022-12-30 15:45:35+00:00
2025-01-31 17:09:48,037 - INFO - Inserting: 70 - 2022-12-28 17:02:08+00:00
2025-01-31 17:09:48,037 - INFO - Inserting: 67 - 2022-12-28 06:31:50+00:00
2025-01-31 17:09:48,038 - INFO - Inserting: 64 - 2022-12-27 17:06:32+00:00
2025-01-31 17:09:48,038 - INFO - Inserting: 62 - 2022-12-25 15:46:05+00:00
2025-01-31 17:09:48,040 - INFO - Inserting: 60 - 2022-12-23 06:26:15+00:00
2025-01-31 17:09:48,040 - INFO - Inserting: 59 - 2022-12-22 06:40:25+00:00
2025-01-31 17:09:48,041 - INFO - Inserting: 58 - 2022-12-22 03:11:26+00:00
2025-01-31 17:09:48,041 - INFO - Inserting: 57 - 2022-12-21 15:13:27+00:00
2025-01-31 17:09:48,043 - INFO - Inserting: 56 - 2022-12-20 17:25:05+00:00
2025-01-31 17:09:48,043 - INFO - Inserting: 55 - 2022-12-20 11:28:59+00:00
2025-01-31 17:09:48,044 - INFO - Inserting: 53 - 2022-12-20 07:41:33+00:00
2025-01-31 17:09:48,045 - INFO - Inserting: 52 - 2022-12-16 12:21:01+00:00
2025-01-31 17:09:48,046 - INFO - Inserting: 51 - 2022-12-15 06:16:41+00:00
2025-01-31 17:09:48,046 - INFO - Inserting: 50 - 2022-12-13 05:55:18+00:00
2025-01-31 17:09:48,047 - INFO - Inserting: 49 - 2022-12-09 12:28:53+00:00
2025-01-31 17:09:48,047 - INFO - Inserting: 48 - 2022-12-09 04:09:49+00:00
2025-01-31 17:09:48,049 - INFO - Inserting: 46 - 2022-12-07 06:43:48+00:00
2025-01-31 17:09:48,050 - INFO - Inserting: 45 - 2022-12-05 05:57:22+00:00
2025-01-31 17:09:48,050 - INFO - Inserting: 44 - 2022-12-04 12:35:18+00:00
2025-01-31 17:09:48,051 - INFO - Inserting: 43 - 2022-12-02 13:44:41+00:00
2025-01-31 17:09:48,052 - INFO - Inserting: 41 - 2022-12-02 06:06:12+00:00
2025-01-31 17:09:48,053 - INFO - Inserting: 40 - 2022-12-01 06:47:22+00:00
2025-01-31 17:09:48,054 - INFO - Inserting: 39 - 2022-11-30 06:31:44+00:00
2025-01-31 17:09:48,055 - INFO - Inserting: 38 - 2022-11-29 07:43:06+00:00
2025-01-31 17:09:48,056 - INFO - Inserting: 34 - 2022-11-22 08:15:47+00:00
2025-01-31 17:09:48,057 - INFO - Inserting: 33 - 2022-11-15 11:51:16+00:00
2025-01-31 17:09:48,058 - INFO - Inserting: 32 - 2022-11-15 08:17:41+00:00
2025-01-31 17:09:48,059 - INFO - Inserting: 31 - 2022-11-15 05:24:41+00:00
2025-01-31 17:09:48,059 - INFO - Inserting: 30 - 2022-11-09 08:53:25+00:00
2025-01-31 17:09:48,060 - INFO - Inserting: 29 - 2022-10-29 20:26:28+00:00
2025-01-31 17:09:48,061 - INFO - Inserting: 27 - 2022-10-28 09:15:09+00:00
2025-01-31 17:09:48,061 - INFO - Inserting: 26 - 2022-10-28 06:49:36+00:00
2025-01-31 17:09:48,063 - INFO - Inserting: 25 - 2022-10-24 09:34:19+00:00
2025-01-31 17:09:48,063 - INFO - Inserting: 23 - 2022-10-20 12:24:01+00:00
2025-01-31 17:09:48,064 - INFO - Inserting: 22 - 2022-10-18 07:57:36+00:00
2025-01-31 17:09:48,064 - INFO - Inserting: 21 - 2022-10-17 14:02:40+00:00
2025-01-31 17:09:48,066 - INFO - Inserting: 20 - 2022-10-12 14:14:52+00:00
2025-01-31 17:09:48,066 - INFO - Inserting: 19 - 2022-10-12 14:14:19+00:00
2025-01-31 17:09:48,067 - INFO - Inserting: 18 - 2022-10-06 09:23:46+00:00
2025-01-31 17:09:48,068 - INFO - Inserting: 17 - 2022-10-03 05:16:30+00:00
2025-01-31 17:09:48,068 - INFO - Inserting: 15 - 2022-09-30 07:33:42+00:00
2025-01-31 17:09:48,069 - INFO - Inserting: 14 - 2022-09-28 05:45:31+00:00
2025-01-31 17:09:48,070 - INFO - Inserting: 13 - 2022-09-16 07:42:31+00:00
2025-01-31 17:09:48,070 - INFO - Inserting: 11 - 2022-09-10 15:55:25+00:00
2025-01-31 17:09:48,071 - INFO - Inserting: 10 - 2022-09-07 09:16:40+00:00
2025-01-31 17:09:48,071 - INFO - Inserting: 9 - 2022-09-06 04:26:15+00:00
2025-01-31 17:09:48,073 - INFO - Inserting: 7 - 2022-09-06 04:25:26+00:00
2025-01-31 17:09:48,073 - INFO - Inserting: 6 - 2022-09-05 10:02:48+00:00
2025-01-31 17:09:48,074 - INFO - Inserting: 4 - 2022-09-05 10:02:24+00:00
2025-01-31 17:09:48,074 - INFO - Inserting: 3 - 2022-09-05 10:02:05+00:00
2025-01-31 17:09:48,076 - INFO - Inserting: 2 - 2022-09-05 09:57:09+00:00
2025-01-31 17:09:48,076 - INFO - Inserting: 1 - 2022-09-05 08:35:59+00:00
2025-01-31 17:09:48,077 - INFO - Inserting: 864 - 2023-12-18 17:04:02+00:00
2025-01-31 17:09:48,077 - INFO - Inserting: 863 - 2023-11-03 16:14:39+00:00
2025-01-31 17:09:48,079 - INFO - Inserting: 862 - 2023-10-02 16:37:39+00:00
2025-01-31 17:09:48,079 - INFO - Inserting: 861 - 2023-09-16 07:54:32+00:00
2025-01-31 17:09:48,080 - INFO - Inserting: 860 - 2023-09-01 16:16:15+00:00
2025-01-31 17:09:48,080 - INFO - Inserting: 859 - 2023-08-29 17:20:05+00:00
2025-01-31 17:09:48,081 - INFO - Inserting: 848 - 2022-08-02 17:42:08+00:00
2025-01-31 17:09:48,083 - INFO - Inserting: 847 - 2022-06-12 17:15:47+00:00
2025-01-31 17:09:48,083 - INFO - Inserting: 846 - 2022-05-31 17:51:13+00:00
2025-01-31 17:09:48,084 - INFO - Inserting: 845 - 2022-05-20 18:04:53+00:00
2025-01-31 17:09:48,085 - INFO - Inserting: 844 - 2022-05-15 15:59:10+00:00
2025-01-31 17:09:48,086 - INFO - Inserting: 843 - 2022-05-07 18:22:14+00:00
2025-01-31 17:09:48,086 - INFO - Inserting: 842 - 2022-05-06 17:51:05+00:00
2025-01-31 17:09:48,087 - INFO - Inserting: 841 - 2022-05-06 17:51:05+00:00
2025-01-31 17:09:48,088 - INFO - Inserting: 840 - 2022-05-06 17:51:05+00:00
2025-01-31 17:09:48,089 - INFO - Inserting: 839 - 2022-05-06 17:51:05+00:00
2025-01-31 17:09:48,089 - INFO - Inserting: 836 - 2022-05-01 11:13:33+00:00
2025-01-31 17:09:48,090 - INFO - Inserting: 835 - 2022-04-29 18:59:05+00:00
2025-01-31 17:09:48,090 - INFO - Inserting: 834 - 2022-04-29 18:57:35+00:00
2025-01-31 17:09:48,091 - INFO - Inserting: 833 - 2022-04-28 05:46:38+00:00
2025-01-31 17:09:48,092 - INFO - Inserting: 832 - 2022-04-28 05:46:38+00:00
2025-01-31 17:09:48,094 - INFO - Inserting: 831 - 2022-04-28 05:46:38+00:00
2025-01-31 17:09:48,094 - INFO - Inserting: 830 - 2022-04-28 05:46:38+00:00
2025-01-31 17:09:48,095 - INFO - Inserting: 829 - 2022-04-24 17:11:09+00:00
2025-01-31 17:09:48,095 - INFO - Inserting: 828 - 2022-04-22 18:55:31+00:00
2025-01-31 17:09:48,096 - INFO - Inserting: 827 - 2022-04-22 17:51:05+00:00
2025-01-31 17:09:48,097 - INFO - Inserting: 826 - 2022-04-22 17:51:05+00:00
2025-01-31 17:09:48,098 - INFO - Inserting: 825 - 2022-04-22 17:51:04+00:00
2025-01-31 17:09:48,098 - INFO - Inserting: 824 - 2022-04-22 17:51:04+00:00
2025-01-31 17:09:48,099 - INFO - Inserting: 823 - 2022-04-22 17:51:04+00:00
2025-01-31 17:09:48,099 - INFO - Inserting: 822 - 2022-04-22 17:51:04+00:00
2025-01-31 17:09:48,101 - INFO - Inserting: 821 - 2022-04-19 17:38:05+00:00
2025-01-31 17:09:48,102 - INFO - Inserting: 820 - 2022-04-15 18:06:19+00:00
2025-01-31 17:09:48,102 - INFO - Inserting: 819 - 2022-04-15 18:06:19+00:00
2025-01-31 17:09:48,103 - INFO - Inserting: 818 - 2022-04-15 18:06:19+00:00
2025-01-31 17:09:48,104 - INFO - Inserting: 817 - 2022-04-14 04:14:11+00:00
2025-01-31 17:09:48,105 - INFO - Inserting: 815 - 2022-04-12 18:01:18+00:00
2025-01-31 17:09:48,105 - INFO - Inserting: 814 - 2022-04-08 17:07:21+00:00
2025-01-31 17:09:48,106 - INFO - Inserting: 813 - 2022-04-08 17:07:21+00:00
2025-01-31 17:09:48,107 - INFO - Inserting: 812 - 2022-04-08 17:07:21+00:00
2025-01-31 17:09:48,107 - INFO - Inserting: 811 - 2022-04-08 17:07:21+00:00
2025-01-31 17:09:48,109 - INFO - Inserting: 810 - 2022-04-07 04:24:11+00:00
2025-01-31 17:09:48,109 - INFO - Inserting: 809 - 2022-04-07 04:24:11+00:00
2025-01-31 17:09:48,110 - INFO - Inserting: 808 - 2022-04-07 04:24:11+00:00
2025-01-31 17:09:48,110 - INFO - Inserting: 807 - 2022-04-07 04:24:11+00:00
2025-01-31 17:09:48,112 - INFO - Inserting: 805 - 2022-04-03 16:15:29+00:00
2025-01-31 17:09:48,112 - INFO - Inserting: 804 - 2022-04-02 06:06:36+00:00
2025-01-31 17:09:48,113 - INFO - Inserting: 802 - 2022-04-01 17:02:54+00:00
2025-01-31 17:09:48,113 - INFO - Inserting: 801 - 2022-04-01 17:02:54+00:00
2025-01-31 17:09:48,114 - INFO - Inserting: 800 - 2022-04-01 17:02:54+00:00
2025-01-31 17:09:48,114 - INFO - Inserting: 799 - 2022-04-01 17:02:54+00:00
2025-01-31 17:09:48,116 - INFO - Inserting: 798 - 2022-04-01 17:02:54+00:00
2025-01-31 17:09:48,116 - INFO - Inserting: 797 - 2022-03-26 17:46:39+00:00
2025-01-31 17:09:48,117 - INFO - Inserting: 796 - 2022-03-25 17:21:06+00:00
2025-01-31 17:09:48,118 - INFO - Inserting: 795 - 2022-03-25 17:21:06+00:00
2025-01-31 17:09:48,119 - INFO - Inserting: 794 - 2022-03-25 17:21:06+00:00
2025-01-31 17:09:48,120 - INFO - Inserting: 793 - 2022-03-25 17:21:06+00:00
2025-01-31 17:09:48,121 - INFO - Inserting: 792 - 2022-03-25 17:21:06+00:00
2025-01-31 17:09:48,122 - INFO - Inserting: 791 - 2022-03-25 17:21:06+00:00
2025-01-31 17:09:48,123 - INFO - Inserting: 790 - 2022-03-19 16:57:52+00:00
2025-01-31 17:09:48,124 - INFO - Inserting: 789 - 2022-03-18 18:39:57+00:00
2025-01-31 17:09:48,125 - INFO - Inserting: 788 - 2022-03-18 18:39:57+00:00
2025-01-31 17:09:48,125 - INFO - Inserting: 787 - 2022-03-18 17:53:09+00:00
2025-01-31 17:09:48,126 - INFO - Inserting: 786 - 2022-03-18 17:53:09+00:00
2025-01-31 17:09:48,126 - INFO - Inserting: 785 - 2022-03-18 17:53:09+00:00
2025-01-31 17:09:48,127 - INFO - Inserting: 784 - 2022-03-18 17:53:09+00:00
2025-01-31 17:09:48,127 - INFO - Inserting: 783 - 2022-03-18 17:53:08+00:00
2025-01-31 17:09:48,129 - INFO - Inserting: 782 - 2022-03-15 17:57:48+00:00
2025-01-31 17:09:48,129 - INFO - Inserting: 781 - 2022-03-14 16:42:04+00:00
2025-01-31 17:09:48,130 - INFO - Inserting: 780 - 2022-03-09 17:35:30+00:00
2025-01-31 17:09:48,130 - INFO - Inserting: 779 - 2022-03-06 17:25:38+00:00
2025-01-31 17:09:48,132 - INFO - Inserting: 778 - 2022-03-04 18:27:46+00:00
2025-01-31 17:09:48,132 - INFO - Inserting: 777 - 2022-03-04 18:27:46+00:00
2025-01-31 17:09:48,134 - INFO - Inserting: 776 - 2022-03-04 18:27:46+00:00
2025-01-31 17:09:48,134 - INFO - Inserting: 775 - 2022-03-02 17:50:31+00:00
2025-01-31 17:09:48,135 - INFO - Inserting: 774 - 2022-02-25 18:57:34+00:00
2025-01-31 17:09:48,136 - INFO - Inserting: 773 - 2022-02-25 17:46:07+00:00
2025-01-31 17:09:48,136 - INFO - Inserting: 772 - 2022-02-25 17:46:07+00:00
2025-01-31 17:09:48,137 - INFO - Inserting: 771 - 2022-02-25 17:46:07+00:00
2025-01-31 17:09:48,137 - INFO - Inserting: 770 - 2022-02-25 17:46:07+00:00
2025-01-31 17:09:48,139 - INFO - Inserting: 769 - 2022-02-25 17:46:07+00:00
2025-01-31 17:09:48,139 - INFO - Inserting: 768 - 2022-02-25 17:46:07+00:00
2025-01-31 17:09:48,140 - INFO - Inserting: 767 - 2022-02-25 17:46:07+00:00
2025-01-31 17:09:48,140 - INFO - Inserting: 766 - 2022-02-25 17:46:06+00:00
2025-01-31 17:09:48,141 - INFO - Inserting: 765 - 2022-02-24 17:09:10+00:00
2025-01-31 17:09:48,141 - INFO - Inserting: 764 - 2022-02-18 16:56:56+00:00
2025-01-31 17:09:48,143 - INFO - Inserting: 763 - 2022-02-18 16:56:56+00:00
2025-01-31 17:09:48,143 - INFO - Inserting: 762 - 2022-02-18 16:56:56+00:00
2025-01-31 17:09:48,144 - INFO - Inserting: 761 - 2022-02-18 16:56:56+00:00
2025-01-31 17:09:48,144 - INFO - Inserting: 760 - 2022-02-18 16:56:55+00:00
2025-01-31 17:09:48,146 - INFO - Inserting: 759 - 2022-02-18 16:56:55+00:00
2025-01-31 17:09:48,146 - INFO - Inserting: 758 - 2022-02-17 17:29:28+00:00
2025-01-31 17:09:48,147 - INFO - Inserting: 757 - 2022-02-11 18:39:23+00:00
2025-01-31 17:09:48,147 - INFO - Inserting: 756 - 2022-02-11 17:23:23+00:00
2025-01-31 17:09:48,149 - INFO - Inserting: 755 - 2022-02-11 17:23:23+00:00
2025-01-31 17:09:48,149 - INFO - Inserting: 754 - 2022-02-11 17:23:23+00:00
2025-01-31 17:09:48,150 - INFO - Inserting: 753 - 2022-02-11 17:23:23+00:00
2025-01-31 17:09:48,150 - INFO - Inserting: 752 - 2022-02-08 18:21:30+00:00
2025-01-31 17:09:48,151 - INFO - Inserting: 751 - 2022-02-08 18:20:57+00:00
2025-01-31 17:09:48,152 - INFO - Inserting: 750 - 2022-02-05 04:59:06+00:00
2025-01-31 17:09:48,152 - INFO - Inserting: 749 - 2022-02-05 04:57:35+00:00
2025-01-31 17:09:48,155 - INFO - Inserting: 748 - 2022-02-04 18:22:07+00:00
2025-01-31 17:09:48,156 - INFO - Inserting: 747 - 2022-02-04 18:22:07+00:00
2025-01-31 17:09:48,156 - INFO - Inserting: 746 - 2022-02-04 18:22:07+00:00
2025-01-31 17:09:48,157 - INFO - Inserting: 745 - 2022-02-04 18:22:07+00:00
2025-01-31 17:09:48,158 - INFO - Inserting: 744 - 2022-02-04 18:22:07+00:00
2025-01-31 17:09:48,158 - INFO - Inserting: 743 - 2022-02-04 18:22:07+00:00
2025-01-31 17:09:48,159 - INFO - Inserting: 742 - 2022-02-04 18:22:07+00:00
2025-01-31 17:09:48,160 - INFO - Inserting: 741 - 2022-02-04 18:22:07+00:00
2025-01-31 17:09:48,160 - INFO - Inserting: 740 - 2022-02-04 18:22:07+00:00
2025-01-31 17:09:48,161 - INFO - Inserting: 739 - 2022-01-29 16:07:41+00:00
2025-01-31 17:09:48,162 - INFO - Inserting: 738 - 2022-01-29 04:37:27+00:00
2025-01-31 17:09:48,163 - INFO - Inserting: 737 - 2022-01-28 18:45:54+00:00
2025-01-31 17:09:48,163 - INFO - Inserting: 736 - 2022-01-28 17:38:43+00:00
2025-01-31 17:09:48,164 - INFO - Inserting: 734 - 2022-01-20 17:56:31+00:00
2025-01-31 17:09:48,164 - INFO - Inserting: 733 - 2022-01-15 04:58:14+00:00
2025-01-31 17:09:48,166 - INFO - Inserting: 732 - 2022-01-07 05:19:22+00:00
2025-01-31 17:09:48,167 - INFO - Inserting: 731 - 2021-12-26 16:34:03+00:00
2025-01-31 17:09:48,168 - INFO - Inserting: 730 - 2021-12-14 18:47:57+00:00
2025-01-31 17:09:48,169 - INFO - Inserting: 729 - 2021-12-14 18:44:16+00:00
2025-01-31 17:09:48,170 - INFO - Inserting: 728 - 2021-11-27 17:25:17+00:00
2025-01-31 17:09:48,171 - INFO - Inserting: 727 - 2021-11-20 05:25:09+00:00
2025-01-31 17:09:48,171 - INFO - Inserting: 726 - 2021-11-19 18:33:52+00:00
2025-01-31 17:09:48,172 - INFO - Inserting: 725 - 2021-11-19 18:26:25+00:00
2025-01-31 17:09:48,172 - INFO - Inserting: 724 - 2021-11-16 17:15:24+00:00
2025-01-31 17:09:48,174 - INFO - Inserting: 723 - 2021-11-13 13:25:48+00:00
2025-01-31 17:09:48,174 - INFO - Inserting: 722 - 2021-11-07 16:16:55+00:00
2025-01-31 17:09:48,175 - INFO - Inserting: 721 - 2021-11-05 17:19:08+00:00
2025-01-31 17:09:48,175 - INFO - Inserting: 720 - 2021-10-31 15:55:32+00:00
2025-01-31 17:09:48,177 - INFO - Inserting: 719 - 2021-10-24 15:05:59+00:00
2025-01-31 17:09:48,177 - INFO - Inserting: 718 - 2021-10-18 18:36:13+00:00
2025-01-31 17:09:48,178 - INFO - Inserting: 717 - 2021-10-16 05:57:37+00:00
2025-01-31 17:09:48,178 - INFO - Inserting: 716 - 2021-10-13 18:17:34+00:00
2025-01-31 17:09:48,179 - INFO - Inserting: 715 - 2021-10-01 18:46:47+00:00
2025-01-31 17:09:48,179 - INFO - Inserting: 714 - 2021-10-01 17:23:00+00:00
2025-01-31 17:09:48,181 - INFO - Inserting: 713 - 2021-09-26 18:04:28+00:00
2025-01-31 17:09:48,181 - INFO - Inserting: 712 - 2021-09-19 13:20:33+00:00
2025-01-31 17:09:48,182 - INFO - Inserting: 711 - 2021-09-18 08:06:59+00:00
2025-01-31 17:09:48,182 - INFO - Inserting: 710 - 2021-09-09 17:27:33+00:00
2025-01-31 17:09:48,183 - INFO - Inserting: 709 - 2021-09-05 18:14:51+00:00
2025-01-31 17:09:48,183 - INFO - Inserting: 708 - 2021-08-27 18:17:38+00:00
2025-01-31 17:09:48,185 - INFO - Inserting: 707 - 2021-08-15 12:36:32+00:00
2025-01-31 17:09:48,186 - INFO - Inserting: 706 - 2021-08-13 18:31:29+00:00
2025-01-31 17:09:48,186 - INFO - Inserting: 704 - 2021-08-13 17:12:28+00:00
2025-01-31 17:09:48,188 - INFO - Inserting: 703 - 2021-08-08 09:51:08+00:00
2025-01-31 17:09:48,188 - INFO - Inserting: 702 - 2021-08-07 17:24:33+00:00
2025-01-31 17:09:48,189 - INFO - Inserting: 701 - 2021-08-06 18:53:17+00:00
2025-01-31 17:09:48,190 - INFO - Inserting: 700 - 2021-08-06 17:58:29+00:00
2025-01-31 17:09:48,191 - INFO - Inserting: 699 - 2021-07-30 19:07:30+00:00
2025-01-31 17:09:48,191 - INFO - Inserting: 698 - 2021-07-25 17:55:46+00:00
2025-01-31 17:09:48,192 - INFO - Inserting: 697 - 2021-07-24 16:10:40+00:00
2025-01-31 17:09:48,193 - INFO - Inserting: 696 - 2021-07-23 18:45:51+00:00
2025-01-31 17:09:48,194 - INFO - Inserting: 695 - 2021-07-23 17:40:48+00:00
2025-01-31 17:09:48,194 - INFO - Inserting: 694 - 2021-07-20 16:56:35+00:00
2025-01-31 17:09:48,196 - INFO - Inserting: 693 - 2021-07-17 06:39:40+00:00
2025-01-31 17:09:48,196 - INFO - Inserting: 692 - 2021-07-17 06:36:09+00:00
2025-01-31 17:09:48,197 - INFO - Inserting: 691 - 2021-07-17 06:36:03+00:00
2025-01-31 17:09:48,197 - INFO - Inserting: 689 - 2021-07-15 17:13:54+00:00
2025-01-31 17:09:48,198 - INFO - Inserting: 688 - 2021-07-09 18:50:23+00:00
2025-01-31 17:09:48,200 - INFO - Inserting: 687 - 2021-07-09 18:48:03+00:00
2025-01-31 17:09:48,200 - INFO - Inserting: 686 - 2021-07-03 14:38:32+00:00
2025-01-31 17:09:48,201 - INFO - Inserting: 685 - 2021-06-27 17:18:04+00:00
2025-01-31 17:09:48,202 - INFO - Inserting: 684 - 2021-06-25 18:48:34+00:00
2025-01-31 17:09:48,203 - INFO - Inserting: 683 - 2021-06-20 17:54:45+00:00
2025-01-31 17:09:48,204 - INFO - Inserting: 682 - 2021-06-19 16:24:09+00:00
2025-01-31 17:09:48,205 - INFO - Inserting: 681 - 2021-06-18 19:05:56+00:00
2025-01-31 17:09:48,205 - INFO - Inserting: 680 - 2021-06-18 14:20:56+00:00
2025-01-31 17:09:48,206 - INFO - Inserting: 679 - 2021-06-17 16:56:20+00:00
2025-01-31 17:09:48,208 - INFO - Inserting: 678 - 2021-06-12 18:12:01+00:00
2025-01-31 17:09:48,208 - INFO - Inserting: 677 - 2021-06-11 18:46:30+00:00
2025-01-31 17:09:48,209 - INFO - Inserting: 676 - 2021-06-11 17:08:50+00:00
2025-01-31 17:09:48,209 - INFO - Inserting: 675 - 2021-06-06 18:39:57+00:00
2025-01-31 17:09:48,210 - INFO - Inserting: 674 - 2021-06-05 18:30:01+00:00
2025-01-31 17:09:48,211 - INFO - Inserting: 673 - 2021-06-04 18:58:49+00:00
2025-01-31 17:09:48,212 - INFO - Inserting: 672 - 2021-06-04 18:05:56+00:00
2025-01-31 17:09:48,212 - INFO - Inserting: 671 - 2021-05-28 19:09:09+00:00
2025-01-31 17:09:48,214 - INFO - Inserting: 670 - 2021-05-28 19:04:16+00:00
2025-01-31 17:09:48,214 - INFO - Inserting: 669 - 2021-05-28 18:59:37+00:00
2025-01-31 17:09:48,215 - INFO - Inserting: 668 - 2021-05-28 17:03:49+00:00
2025-01-31 17:09:48,215 - INFO - Inserting: 667 - 2021-05-23 18:31:37+00:00
2025-01-31 17:09:48,217 - INFO - Inserting: 666 - 2021-05-22 17:33:58+00:00
2025-01-31 17:09:48,218 - INFO - Inserting: 665 - 2021-05-21 18:49:31+00:00
2025-01-31 17:09:48,219 - INFO - Inserting: 664 - 2021-05-21 17:24:06+00:00
2025-01-31 17:09:48,219 - INFO - Inserting: 663 - 2021-05-16 18:33:39+00:00
2025-01-31 17:09:48,221 - INFO - Inserting: 662 - 2021-05-15 17:13:50+00:00
2025-01-31 17:09:48,221 - INFO - Inserting: 661 - 2021-05-14 18:56:32+00:00
2025-01-31 17:09:48,223 - INFO - Inserting: 660 - 2021-05-14 18:54:06+00:00
2025-01-31 17:09:48,223 - INFO - Inserting: 659 - 2021-05-05 17:21:31+00:00
2025-01-31 17:09:48,224 - INFO - Inserting: 658 - 2021-05-02 12:03:56+00:00
2025-01-31 17:09:48,224 - INFO - Inserting: 657 - 2021-05-01 18:46:01+00:00
2025-01-31 17:09:48,225 - INFO - Inserting: 656 - 2021-04-30 19:02:54+00:00
2025-01-31 17:09:48,225 - INFO - Inserting: 655 - 2021-04-30 18:16:24+00:00
2025-01-31 17:09:48,227 - INFO - Inserting: 654 - 2021-04-27 09:34:05+00:00
2025-01-31 17:09:48,227 - INFO - Inserting: 653 - 2021-04-25 10:13:01+00:00
2025-01-31 17:09:48,228 - INFO - Inserting: 652 - 2021-04-23 18:47:46+00:00
2025-01-31 17:09:48,228 - INFO - Inserting: 651 - 2021-04-23 16:04:44+00:00
2025-01-31 17:09:48,230 - INFO - Inserting: 650 - 2021-04-21 18:27:05+00:00
2025-01-31 17:09:48,230 - INFO - Inserting: 648 - 2021-04-18 16:54:49+00:00
2025-01-31 17:09:48,231 - INFO - Inserting: 647 - 2021-04-18 16:54:39+00:00
2025-01-31 17:09:48,231 - INFO - Inserting: 644 - 2021-04-15 16:51:05+00:00
2025-01-31 17:09:48,232 - INFO - Inserting: 2603 - 2025-01-30 12:42:18+00:00
2025-01-31 17:09:48,233 - INFO - Inserting: 2602 - 2025-01-30 12:17:14+00:00
2025-01-31 17:09:48,234 - INFO - Inserting: 2601 - 2025-01-30 09:57:21+00:00
2025-01-31 17:09:48,236 - INFO - Inserting: 2600 - 2025-01-29 17:00:02+00:00
2025-01-31 17:09:48,237 - INFO - Inserting: 2598 - 2025-01-29 12:34:11+00:00
2025-01-31 17:09:48,238 - INFO - Inserting: 2597 - 2025-01-27 11:01:51+00:00
2025-01-31 17:09:48,239 - INFO - Inserting: 2596 - 2025-01-26 13:17:46+00:00
2025-01-31 17:09:48,240 - INFO - Inserting: 2595 - 2025-01-26 13:17:40+00:00
2025-01-31 17:09:48,241 - INFO - Inserting: 2594 - 2025-01-25 08:37:18+00:00
2025-01-31 17:09:48,242 - INFO - Inserting: 2593 - 2025-01-24 14:09:14+00:00
2025-01-31 17:09:48,243 - INFO - Inserting: 2592 - 2025-01-24 08:49:19+00:00
2025-01-31 17:09:48,243 - INFO - Inserting: 2591 - 2025-01-23 07:31:53+00:00
2025-01-31 17:09:48,245 - INFO - Inserting: 2590 - 2025-01-22 05:45:11+00:00
2025-01-31 17:09:48,245 - INFO - Inserting: 2589 - 2025-01-21 08:20:09+00:00
2025-01-31 17:09:48,246 - INFO - Inserting: 2588 - 2025-01-20 16:48:10+00:00
2025-01-31 17:09:48,246 - INFO - Inserting: 2587 - 2025-01-20 06:39:24+00:00
2025-01-31 17:09:48,248 - INFO - Inserting: 2586 - 2025-01-20 06:38:55+00:00
2025-01-31 17:09:48,248 - INFO - Inserting: 2585 - 2025-01-20 06:38:42+00:00
2025-01-31 17:09:48,249 - INFO - Inserting: 2584 - 2025-01-19 10:52:45+00:00
2025-01-31 17:09:48,250 - INFO - Inserting: 2583 - 2025-01-19 10:48:03+00:00
2025-01-31 17:09:48,250 - INFO - Inserting: 2582 - 2025-01-19 09:59:28+00:00
2025-01-31 17:09:48,251 - INFO - Inserting: 2581 - 2025-01-19 09:27:42+00:00
2025-01-31 17:09:48,252 - INFO - Inserting: 2580 - 2025-01-18 12:41:52+00:00
2025-01-31 17:09:48,252 - INFO - Inserting: 2579 - 2025-01-17 13:12:09+00:00
2025-01-31 17:09:48,254 - INFO - Inserting: 2578 - 2025-01-16 06:10:26+00:00
2025-01-31 17:09:48,254 - INFO - Inserting: 2577 - 2025-01-13 06:20:54+00:00
2025-01-31 17:09:48,255 - INFO - Inserting: 2576 - 2025-01-13 05:50:10+00:00
2025-01-31 17:09:48,255 - INFO - Inserting: 2575 - 2025-01-12 16:35:19+00:00
2025-01-31 17:09:48,257 - INFO - Inserting: 2574 - 2025-01-10 08:07:35+00:00
2025-01-31 17:09:48,257 - INFO - Inserting: 2573 - 2025-01-10 05:58:04+00:00
2025-01-31 17:09:48,258 - INFO - Inserting: 2571 - 2025-01-10 05:53:11+00:00
2025-01-31 17:09:48,258 - INFO - Inserting: 2570 - 2025-01-09 16:33:26+00:00
2025-01-31 17:09:48,260 - INFO - Inserting: 2568 - 2025-01-09 16:05:33+00:00
2025-01-31 17:09:48,260 - INFO - Inserting: 2567 - 2025-01-08 17:50:22+00:00
2025-01-31 17:09:48,261 - INFO - Inserting: 2566 - 2025-01-06 15:02:11+00:00
2025-01-31 17:09:48,262 - INFO - Inserting: 2565 - 2025-01-05 05:06:39+00:00
2025-01-31 17:09:48,263 - INFO - Inserting: 2564 - 2025-01-03 13:33:09+00:00
2025-01-31 17:09:48,263 - INFO - Inserting: 2563 - 2025-01-02 05:58:30+00:00
2025-01-31 17:09:48,264 - INFO - Inserting: 2562 - 2025-01-01 09:06:03+00:00
2025-01-31 17:09:48,265 - INFO - Inserting: 2559 - 2024-12-31 21:34:28+00:00
2025-01-31 17:09:48,266 - INFO - Inserting: 2558 - 2024-12-31 10:22:34+00:00
2025-01-31 17:09:48,266 - INFO - Inserting: 2556 - 2024-12-31 09:47:56+00:00
2025-01-31 17:09:48,268 - INFO - Inserting: 2555 - 2024-12-31 09:17:37+00:00
2025-01-31 17:09:48,269 - INFO - Inserting: 2554 - 2024-12-31 09:11:31+00:00
2025-01-31 17:09:48,270 - INFO - Inserting: 2553 - 2024-12-26 13:09:58+00:00
2025-01-31 17:09:48,271 - INFO - Inserting: 2552 - 2024-12-26 10:20:47+00:00
2025-01-31 17:09:48,271 - INFO - Inserting: 2551 - 2024-12-26 08:25:04+00:00
2025-01-31 17:09:48,272 - INFO - Inserting: 2549 - 2024-12-25 11:55:35+00:00
2025-01-31 17:09:48,273 - INFO - Inserting: 2545 - 2024-12-24 08:53:28+00:00
2025-01-31 17:09:48,273 - INFO - Inserting: 2544 - 2024-12-23 12:44:50+00:00
2025-01-31 17:09:48,274 - INFO - Inserting: 2542 - 2024-12-23 12:25:26+00:00
2025-01-31 17:09:48,274 - INFO - Inserting: 2541 - 2024-12-23 09:21:42+00:00
2025-01-31 17:09:48,276 - INFO - Inserting: 2540 - 2024-12-23 09:20:43+00:00
2025-01-31 17:09:48,276 - INFO - Inserting: 2539 - 2024-12-23 06:11:00+00:00
2025-01-31 17:09:48,277 - INFO - Inserting: 2538 - 2024-12-21 07:47:34+00:00
2025-01-31 17:09:48,277 - INFO - Inserting: 2537 - 2024-12-20 06:29:07+00:00
2025-01-31 17:09:48,278 - INFO - Inserting: 2536 - 2024-12-19 08:44:45+00:00
2025-01-31 17:09:48,279 - INFO - Inserting: 2535 - 2024-12-18 19:52:29+00:00
2025-01-31 17:09:48,280 - INFO - Inserting: 2534 - 2024-12-18 10:38:35+00:00
2025-01-31 17:09:48,280 - INFO - Inserting: 2533 - 2024-12-17 20:15:57+00:00
2025-01-31 17:09:48,281 - INFO - Inserting: 2532 - 2024-12-17 07:24:52+00:00
2025-01-31 17:09:48,282 - INFO - Inserting: 2531 - 2024-12-17 06:19:22+00:00
2025-01-31 17:09:48,283 - INFO - Inserting: 2530 - 2024-12-17 06:14:10+00:00
2025-01-31 17:09:48,283 - INFO - Inserting: 2529 - 2024-12-14 09:43:06+00:00
2025-01-31 17:09:48,284 - INFO - Inserting: 2528 - 2024-12-13 12:44:14+00:00
2025-01-31 17:09:48,285 - INFO - Inserting: 2527 - 2024-12-13 12:05:32+00:00
2025-01-31 17:09:48,285 - INFO - Inserting: 2526 - 2024-12-13 11:11:34+00:00
2025-01-31 17:09:48,287 - INFO - Inserting: 2525 - 2024-12-13 11:09:41+00:00
2025-01-31 17:09:48,287 - INFO - Inserting: 2524 - 2024-12-10 04:59:56+00:00
2025-01-31 17:09:48,288 - INFO - Inserting: 2523 - 2024-12-09 18:40:09+00:00
2025-01-31 17:09:48,288 - INFO - Inserting: 2522 - 2024-12-09 15:11:11+00:00
2025-01-31 17:09:48,290 - INFO - Inserting: 2521 - 2024-12-09 15:11:11+00:00
2025-01-31 17:09:48,290 - INFO - Inserting: 2520 - 2024-12-09 15:11:11+00:00
2025-01-31 17:09:48,292 - INFO - Inserting: 2519 - 2024-12-09 07:54:33+00:00
2025-01-31 17:09:48,292 - INFO - Inserting: 2518 - 2024-12-09 07:05:17+00:00
2025-01-31 17:09:48,293 - INFO - Inserting: 2517 - 2024-12-08 22:26:14+00:00
2025-01-31 17:09:48,293 - INFO - Inserting: 2516 - 2024-12-08 19:30:01+00:00
2025-01-31 17:09:48,295 - INFO - Inserting: 2515 - 2024-12-08 18:07:24+00:00
2025-01-31 17:09:48,295 - INFO - Inserting: 2514 - 2024-12-08 14:47:59+00:00
2025-01-31 17:09:48,296 - INFO - Inserting: 2513 - 2024-12-07 04:26:19+00:00
2025-01-31 17:09:48,297 - INFO - Inserting: 2512 - 2024-12-06 14:55:02+00:00
2025-01-31 17:09:48,297 - INFO - Inserting: 2511 - 2024-12-06 14:54:50+00:00
2025-01-31 17:09:48,299 - INFO - Inserting: 2510 - 2024-12-04 10:16:05+00:00
2025-01-31 17:09:48,300 - INFO - Inserting: 2509 - 2024-12-04 08:47:44+00:00
2025-01-31 17:09:48,300 - INFO - Inserting: 2507 - 2024-12-04 08:45:41+00:00
2025-01-31 17:09:48,301 - INFO - Inserting: 2506 - 2024-12-02 08:21:54+00:00
2025-01-31 17:09:48,302 - INFO - Inserting: 2505 - 2024-12-01 16:13:30+00:00
2025-01-31 17:09:48,302 - INFO - Inserting: 2503 - 2024-11-29 07:44:13+00:00
2025-01-31 17:09:48,304 - INFO - Inserting: 2502 - 2024-11-29 07:44:13+00:00
2025-01-31 17:09:48,304 - INFO - Inserting: 2501 - 2024-11-29 07:44:13+00:00
2025-01-31 17:09:48,305 - INFO - Inserting: 2500 - 2024-11-28 13:24:29+00:00
2025-01-31 17:09:48,305 - INFO - Inserting: 2499 - 2024-11-28 09:34:47+00:00
2025-01-31 17:09:48,306 - INFO - Inserting: 2498 - 2024-11-28 09:32:49+00:00
2025-01-31 17:09:48,306 - INFO - Inserting: 2496 - 2024-11-28 05:53:04+00:00
2025-01-31 17:09:48,308 - INFO - Inserting: 2495 - 2024-11-26 10:21:40+00:00
2025-01-31 17:09:48,308 - INFO - Inserting: 2494 - 2024-11-26 04:40:37+00:00
2025-01-31 17:09:48,309 - INFO - Inserting: 2493 - 2024-11-26 04:40:10+00:00
2025-01-31 17:09:48,310 - INFO - Inserting: 2492 - 2024-11-25 09:28:03+00:00
2025-01-31 17:09:48,311 - INFO - Inserting: 2490 - 2024-11-25 08:33:00+00:00
2025-01-31 17:09:48,311 - INFO - Inserting: 2489 - 2024-11-25 08:23:32+00:00
2025-01-31 17:09:48,312 - INFO - Inserting: 2488 - 2024-11-21 07:35:00+00:00
2025-01-31 17:09:48,313 - INFO - Inserting: 2487 - 2024-11-21 07:35:00+00:00
2025-01-31 17:09:48,314 - INFO - Inserting: 2486 - 2024-11-20 15:13:15+00:00
2025-01-31 17:09:48,315 - INFO - Inserting: 2485 - 2024-11-20 15:13:12+00:00
2025-01-31 17:09:48,316 - INFO - Inserting: 2484 - 2024-11-20 06:50:44+00:00
2025-01-31 17:09:48,317 - INFO - Inserting: 2483 - 2024-11-18 20:44:11+00:00
2025-01-31 17:09:48,317 - INFO - Inserting: 2482 - 2024-11-18 15:40:33+00:00
2025-01-31 17:09:48,318 - INFO - Inserting: 2481 - 2024-11-18 15:40:05+00:00
2025-01-31 17:09:48,319 - INFO - Inserting: 2479 - 2024-11-18 08:43:08+00:00
2025-01-31 17:09:48,320 - INFO - Inserting: 2478 - 2024-11-18 08:06:29+00:00
2025-01-31 17:09:48,321 - INFO - Inserting: 2477 - 2024-11-18 06:33:29+00:00
2025-01-31 17:09:48,322 - INFO - Inserting: 2476 - 2024-11-14 08:33:28+00:00
2025-01-31 17:09:48,323 - INFO - Inserting: 2475 - 2024-11-12 18:45:44+00:00
2025-01-31 17:09:48,324 - INFO - Inserting: 2474 - 2024-11-12 14:10:45+00:00
2025-01-31 17:09:48,325 - INFO - Inserting: 2473 - 2024-11-11 12:53:11+00:00
2025-01-31 17:09:48,326 - INFO - Inserting: 2472 - 2024-11-10 17:23:11+00:00
2025-01-31 17:09:48,327 - INFO - Inserting: 2471 - 2024-11-10 17:00:28+00:00
2025-01-31 17:09:48,328 - INFO - Inserting: 2470 - 2024-11-08 20:29:31+00:00
2025-01-31 17:09:48,328 - INFO - Inserting: 2468 - 2024-11-07 17:41:25+00:00
2025-01-31 17:09:48,329 - INFO - Inserting: 2467 - 2024-11-07 17:41:25+00:00
2025-01-31 17:09:48,331 - INFO - Inserting: 2465 - 2024-11-05 15:40:59+00:00
2025-01-31 17:09:48,331 - INFO - Inserting: 2464 - 2024-11-05 11:37:25+00:00
2025-01-31 17:09:48,332 - INFO - Inserting: 2463 - 2024-11-05 11:37:23+00:00
2025-01-31 17:09:48,332 - INFO - Inserting: 2462 - 2024-11-05 11:37:04+00:00
2025-01-31 17:09:48,334 - INFO - Inserting: 2461 - 2024-11-04 17:56:00+00:00
2025-01-31 17:09:48,335 - INFO - Inserting: 2460 - 2024-11-04 05:05:12+00:00
2025-01-31 17:09:48,336 - INFO - Inserting: 2459 - 2024-11-03 12:17:42+00:00
2025-01-31 17:09:48,337 - INFO - Inserting: 2458 - 2024-11-02 17:57:21+00:00
2025-01-31 17:09:48,338 - INFO - Inserting: 2457 - 2024-11-02 09:31:43+00:00
2025-01-31 17:09:48,339 - INFO - Inserting: 2456 - 2024-11-02 07:59:23+00:00
2025-01-31 17:09:48,340 - INFO - Inserting: 2455 - 2024-11-01 20:12:18+00:00
2025-01-31 17:09:48,340 - INFO - Inserting: 2454 - 2024-11-01 20:08:42+00:00
2025-01-31 17:09:48,342 - INFO - Inserting: 2453 - 2024-11-01 20:08:42+00:00
2025-01-31 17:09:48,342 - INFO - Inserting: 2452 - 2024-10-31 09:09:31+00:00
2025-01-31 17:09:48,343 - INFO - Inserting: 2451 - 2024-10-31 09:03:46+00:00
2025-01-31 17:09:48,344 - INFO - Inserting: 2450 - 2024-10-31 08:38:59+00:00
2025-01-31 17:09:48,344 - INFO - Inserting: 2449 - 2024-10-30 17:27:46+00:00
2025-01-31 17:09:48,345 - INFO - Inserting: 2448 - 2024-10-30 17:25:33+00:00
2025-01-31 17:09:48,345 - INFO - Inserting: 2447 - 2024-10-30 17:23:02+00:00
2025-01-31 17:09:48,347 - INFO - Inserting: 2446 - 2024-10-30 12:05:41+00:00
2025-01-31 17:09:48,348 - INFO - Inserting: 2445 - 2024-10-30 10:33:24+00:00
2025-01-31 17:09:48,348 - INFO - Inserting: 2440 - 2024-10-30 07:47:26+00:00
2025-01-31 17:09:48,349 - INFO - Inserting: 2439 - 2024-10-30 07:41:51+00:00
2025-01-31 17:09:48,350 - INFO - Inserting: 2438 - 2024-10-30 07:38:36+00:00
2025-01-31 17:09:48,350 - INFO - Inserting: 2437 - 2024-10-29 12:18:05+00:00
2025-01-31 17:09:48,351 - INFO - Inserting: 2436 - 2024-10-29 06:50:07+00:00
2025-01-31 17:09:48,351 - INFO - Inserting: 2435 - 2024-10-28 09:02:18+00:00
2025-01-31 17:09:48,353 - INFO - Inserting: 2434 - 2024-10-25 12:49:22+00:00
2025-01-31 17:09:48,353 - INFO - Inserting: 2432 - 2024-10-25 08:04:22+00:00
2025-01-31 17:09:48,354 - INFO - Inserting: 2431 - 2024-10-25 08:04:13+00:00
2025-01-31 17:09:48,354 - INFO - Inserting: 2430 - 2024-10-23 06:37:27+00:00
2025-01-31 17:09:48,356 - INFO - Inserting: 2429 - 2024-10-23 05:00:28+00:00
2025-01-31 17:09:48,356 - INFO - Inserting: 2428 - 2024-10-22 08:20:40+00:00
2025-01-31 17:09:48,357 - INFO - Inserting: 2427 - 2024-10-20 18:35:18+00:00
2025-01-31 17:09:48,357 - INFO - Inserting: 2426 - 2024-10-19 13:33:11+00:00
2025-01-31 17:09:48,359 - INFO - Inserting: 2425 - 2024-10-18 12:29:22+00:00
2025-01-31 17:09:48,359 - INFO - Inserting: 2424 - 2024-10-18 11:12:54+00:00
2025-01-31 17:09:48,360 - INFO - Inserting: 2423 - 2024-10-18 09:17:43+00:00
2025-01-31 17:09:48,361 - INFO - Inserting: 2422 - 2024-10-18 07:12:00+00:00
2025-01-31 17:09:48,362 - INFO - Inserting: 2421 - 2024-10-17 15:52:57+00:00
2025-01-31 17:09:48,362 - INFO - Inserting: 2419 - 2024-10-17 13:26:11+00:00
2025-01-31 17:09:48,363 - INFO - Inserting: 2417 - 2024-10-17 10:28:36+00:00
2025-01-31 17:09:48,364 - INFO - Inserting: 2416 - 2024-10-17 09:47:22+00:00
2025-01-31 17:09:48,365 - INFO - Inserting: 2414 - 2024-10-16 10:41:27+00:00
2025-01-31 17:09:48,366 - INFO - Inserting: 2413 - 2024-10-16 09:24:55+00:00
2025-01-31 17:09:48,367 - INFO - Inserting: 2408 - 2024-10-15 20:11:16+00:00
2025-01-31 17:09:48,368 - INFO - Inserting: 2407 - 2024-10-15 17:30:34+00:00
2025-01-31 17:09:48,369 - INFO - Inserting: 2406 - 2024-10-15 17:30:34+00:00
2025-01-31 17:09:48,370 - INFO - Inserting: 2405 - 2024-10-15 12:14:57+00:00
2025-01-31 17:09:48,371 - INFO - Inserting: 2404 - 2024-10-13 14:03:08+00:00
2025-01-31 17:09:48,372 - INFO - Inserting: 2403 - 2024-10-13 13:42:46+00:00
2025-01-31 17:09:48,372 - INFO - Inserting: 2402 - 2024-10-13 13:42:46+00:00
2025-01-31 17:09:48,373 - INFO - Inserting: 2401 - 2024-10-13 13:39:28+00:00
2025-01-31 17:09:48,374 - INFO - Inserting: 2400 - 2024-10-12 13:16:33+00:00
2025-01-31 17:09:48,375 - INFO - Inserting: 2399 - 2024-10-11 15:32:14+00:00
2025-01-31 17:09:48,376 - INFO - Inserting: 2397 - 2024-10-11 14:57:29+00:00
2025-01-31 17:09:48,376 - INFO - Inserting: 2396 - 2024-10-10 13:40:09+00:00
2025-01-31 17:09:48,377 - INFO - Inserting: 2395 - 2024-10-09 10:46:24+00:00
2025-01-31 17:09:48,378 - INFO - Inserting: 2394 - 2024-10-07 10:56:58+00:00
2025-01-31 17:09:48,379 - INFO - Inserting: 2393 - 2024-10-07 08:38:38+00:00
2025-01-31 17:09:48,379 - INFO - Inserting: 2392 - 2024-10-07 08:35:47+00:00
2025-01-31 17:09:48,380 - INFO - Inserting: 2391 - 2024-10-06 12:48:06+00:00
2025-01-31 17:09:48,381 - INFO - Inserting: 2390 - 2024-10-06 08:00:58+00:00
2025-01-31 17:09:48,382 - INFO - Inserting: 2389 - 2024-10-05 11:41:20+00:00
2025-01-31 17:09:48,383 - INFO - Inserting: 2388 - 2024-10-05 09:52:07+00:00
2025-01-31 17:09:48,383 - INFO - Inserting: 2387 - 2024-10-04 13:29:53+00:00
2025-01-31 17:09:48,384 - INFO - Inserting: 2386 - 2024-10-04 10:17:03+00:00
2025-01-31 17:09:48,385 - INFO - Inserting: 2385 - 2024-10-04 09:57:52+00:00
2025-01-31 17:09:48,386 - INFO - Inserting: 2384 - 2024-10-03 06:46:52+00:00
2025-01-31 17:09:48,386 - INFO - Inserting: 2383 - 2024-10-02 12:03:42+00:00
2025-01-31 17:09:48,387 - INFO - Inserting: 2382 - 2024-10-02 09:13:24+00:00
2025-01-31 17:09:48,388 - INFO - Inserting: 2379 - 2024-10-01 09:03:45+00:00
2025-01-31 17:09:48,389 - INFO - Inserting: 2378 - 2024-09-30 07:47:20+00:00
2025-01-31 17:09:48,389 - INFO - Inserting: 2377 - 2024-09-30 07:17:37+00:00
2025-01-31 17:09:48,390 - INFO - Inserting: 2376 - 2024-09-28 16:44:20+00:00
2025-01-31 17:09:48,391 - INFO - Inserting: 2375 - 2024-09-28 15:11:42+00:00
2025-01-31 17:09:48,392 - INFO - Inserting: 2374 - 2024-09-27 21:01:51+00:00
2025-01-31 17:09:48,393 - INFO - Inserting: 2372 - 2024-09-27 15:20:09+00:00
2025-01-31 17:09:48,393 - INFO - Inserting: 2371 - 2024-09-27 05:01:27+00:00
2025-01-31 17:09:48,394 - INFO - Inserting: 2369 - 2024-09-26 05:33:30+00:00
2025-01-31 17:09:48,395 - INFO - Inserting: 15200 - 2025-01-31 05:30:28+00:00
2025-01-31 17:09:48,396 - INFO - Inserting: 15199 - 2025-01-31 05:30:28+00:00
2025-01-31 17:09:48,396 - INFO - Inserting: 15198 - 2025-01-31 05:30:28+00:00
2025-01-31 17:09:48,397 - INFO - Inserting: 15197 - 2025-01-31 05:30:28+00:00
2025-01-31 17:09:48,398 - INFO - Inserting: 15196 - 2025-01-31 05:30:28+00:00
2025-01-31 17:09:48,399 - INFO - Inserting: 15195 - 2025-01-31 05:30:28+00:00
2025-01-31 17:09:48,399 - INFO - Inserting: 15194 - 2025-01-31 05:30:28+00:00
2025-01-31 17:09:48,400 - INFO - Inserting: 15193 - 2025-01-31 05:30:28+00:00
2025-01-31 17:09:48,402 - INFO - Inserting: 15192 - 2025-01-30 14:11:12+00:00
2025-01-31 17:09:48,402 - INFO - Inserting: 15191 - 2025-01-30 14:11:11+00:00
2025-01-31 17:09:48,403 - INFO - Inserting: 15190 - 2025-01-30 14:11:11+00:00
2025-01-31 17:09:48,403 - INFO - Inserting: 15189 - 2025-01-30 14:11:11+00:00
2025-01-31 17:09:48,404 - INFO - Inserting: 15188 - 2025-01-30 13:04:17+00:00
2025-01-31 17:09:48,404 - INFO - Inserting: 15187 - 2025-01-30 13:04:01+00:00
2025-01-31 17:09:48,406 - INFO - Inserting: 15186 - 2025-01-30 09:07:32+00:00
2025-01-31 17:09:48,406 - INFO - Inserting: 15185 - 2025-01-30 09:07:32+00:00
2025-01-31 17:09:48,407 - INFO - Inserting: 15184 - 2025-01-30 06:32:30+00:00
2025-01-31 17:09:48,407 - INFO - Inserting: 15183 - 2025-01-30 06:32:30+00:00
2025-01-31 17:09:48,409 - INFO - Inserting: 15182 - 2025-01-30 06:32:30+00:00
2025-01-31 17:09:48,409 - INFO - Inserting: 15181 - 2025-01-30 06:32:30+00:00
2025-01-31 17:09:48,410 - INFO - Inserting: 15180 - 2025-01-30 06:32:30+00:00
2025-01-31 17:09:48,410 - INFO - Inserting: 15179 - 2025-01-30 06:32:30+00:00
2025-01-31 17:09:48,412 - INFO - Inserting: 15178 - 2025-01-30 06:32:30+00:00
2025-01-31 17:09:48,412 - INFO - Inserting: 15177 - 2025-01-30 06:32:30+00:00
2025-01-31 17:09:48,413 - INFO - Inserting: 15176 - 2025-01-30 06:32:30+00:00
2025-01-31 17:09:48,413 - INFO - Inserting: 15175 - 2025-01-30 06:32:30+00:00
2025-01-31 17:09:48,414 - INFO - Inserting: 15174 - 2025-01-30 06:32:30+00:00
2025-01-31 17:09:48,415 - INFO - Inserting: 15173 - 2025-01-30 06:32:30+00:00
2025-01-31 17:09:48,416 - INFO - Inserting: 15172 - 2025-01-30 06:32:30+00:00
2025-01-31 17:09:48,417 - INFO - Inserting: 15171 - 2025-01-30 06:32:30+00:00
2025-01-31 17:09:48,418 - INFO - Inserting: 15170 - 2025-01-30 06:32:30+00:00
2025-01-31 17:09:48,419 - INFO - Inserting: 15169 - 2025-01-30 06:32:30+00:00
2025-01-31 17:09:48,420 - INFO - Inserting: 15168 - 2025-01-30 06:32:30+00:00
2025-01-31 17:09:48,420 - INFO - Inserting: 15167 - 2025-01-30 06:32:30+00:00
2025-01-31 17:09:48,421 - INFO - Inserting: 15166 - 2025-01-30 06:32:29+00:00
2025-01-31 17:09:48,422 - INFO - Inserting: 15165 - 2025-01-30 06:32:29+00:00
2025-01-31 17:09:48,423 - INFO - Inserting: 15164 - 2025-01-30 06:32:29+00:00
2025-01-31 17:09:48,423 - INFO - Inserting: 15163 - 2025-01-30 06:32:29+00:00
2025-01-31 17:09:48,425 - INFO - Inserting: 15162 - 2025-01-29 13:01:26+00:00
2025-01-31 17:09:48,425 - INFO - Inserting: 15161 - 2025-01-29 13:01:26+00:00
2025-01-31 17:09:48,426 - INFO - Inserting: 15160 - 2025-01-29 13:01:26+00:00
2025-01-31 17:09:48,426 - INFO - Inserting: 15159 - 2025-01-29 13:01:26+00:00
2025-01-31 17:09:48,427 - INFO - Inserting: 15158 - 2025-01-29 13:01:26+00:00
2025-01-31 17:09:48,427 - INFO - Inserting: 15157 - 2025-01-29 13:01:26+00:00
2025-01-31 17:09:48,429 - INFO - Inserting: 15156 - 2025-01-29 13:01:26+00:00
2025-01-31 17:09:48,429 - INFO - Inserting: 15155 - 2025-01-29 13:01:26+00:00
2025-01-31 17:09:48,430 - INFO - Inserting: 15154 - 2025-01-29 12:59:56+00:00
2025-01-31 17:09:48,430 - INFO - Inserting: 15153 - 2025-01-29 05:03:04+00:00
2025-01-31 17:09:48,432 - INFO - Inserting: 15152 - 2025-01-29 05:03:03+00:00
2025-01-31 17:09:48,432 - INFO - Inserting: 15151 - 2025-01-29 05:03:03+00:00
2025-01-31 17:09:48,433 - INFO - Inserting: 15150 - 2025-01-29 05:03:03+00:00
2025-01-31 17:09:48,434 - INFO - Inserting: 15149 - 2025-01-29 05:03:03+00:00
2025-01-31 17:09:48,435 - INFO - Inserting: 15148 - 2025-01-29 05:03:03+00:00
2025-01-31 17:09:48,437 - INFO - Inserting: 15147 - 2025-01-29 05:03:03+00:00
2025-01-31 17:09:48,438 - INFO - Inserting: 15146 - 2025-01-29 05:02:10+00:00
2025-01-31 17:09:48,439 - INFO - Inserting: 15145 - 2025-01-28 14:36:31+00:00
2025-01-31 17:09:48,440 - INFO - Inserting: 15144 - 2025-01-28 14:36:31+00:00
2025-01-31 17:09:48,441 - INFO - Inserting: 15143 - 2025-01-28 14:36:31+00:00
2025-01-31 17:09:48,442 - INFO - Inserting: 15142 - 2025-01-28 14:36:31+00:00
2025-01-31 17:09:48,442 - INFO - Inserting: 15141 - 2025-01-28 14:36:31+00:00
2025-01-31 17:09:48,443 - INFO - Inserting: 15140 - 2025-01-28 14:36:31+00:00
2025-01-31 17:09:48,444 - INFO - Inserting: 15139 - 2025-01-28 14:36:31+00:00
2025-01-31 17:09:48,444 - INFO - Inserting: 15138 - 2025-01-28 14:36:31+00:00
2025-01-31 17:09:48,445 - INFO - Inserting: 15137 - 2025-01-28 14:36:30+00:00
2025-01-31 17:09:48,445 - INFO - Inserting: 15136 - 2025-01-28 14:36:30+00:00
2025-01-31 17:09:48,446 - INFO - Inserting: 15135 - 2025-01-28 14:36:30+00:00
2025-01-31 17:09:48,447 - INFO - Inserting: 15134 - 2025-01-28 14:36:30+00:00
2025-01-31 17:09:48,448 - INFO - Inserting: 15133 - 2025-01-28 14:36:30+00:00
2025-01-31 17:09:48,449 - INFO - Inserting: 15132 - 2025-01-28 10:54:52+00:00
2025-01-31 17:09:48,449 - INFO - Inserting: 15131 - 2025-01-28 10:54:52+00:00
2025-01-31 17:09:48,450 - INFO - Inserting: 15130 - 2025-01-28 10:54:52+00:00
2025-01-31 17:09:48,451 - INFO - Inserting: 15129 - 2025-01-28 10:54:52+00:00
2025-01-31 17:09:48,452 - INFO - Inserting: 15128 - 2025-01-28 10:54:52+00:00
2025-01-31 17:09:48,452 - INFO - Inserting: 15127 - 2025-01-28 10:54:52+00:00
2025-01-31 17:09:48,454 - INFO - Inserting: 15126 - 2025-01-28 07:55:08+00:00
2025-01-31 17:09:48,455 - INFO - Inserting: 15125 - 2025-01-28 07:54:59+00:00
2025-01-31 17:09:48,455 - INFO - Inserting: 15124 - 2025-01-28 07:54:59+00:00
2025-01-31 17:09:48,456 - INFO - Inserting: 15123 - 2025-01-28 07:54:59+00:00
2025-01-31 17:09:48,457 - INFO - Inserting: 15122 - 2025-01-28 07:54:59+00:00
2025-01-31 17:09:48,457 - INFO - Inserting: 15121 - 2025-01-28 07:54:59+00:00
2025-01-31 17:09:48,458 - INFO - Inserting: 15120 - 2025-01-28 07:54:59+00:00
2025-01-31 17:09:48,459 - INFO - Inserting: 15119 - 2025-01-28 07:54:59+00:00
2025-01-31 17:09:48,460 - INFO - Inserting: 15118 - 2025-01-28 07:54:58+00:00
2025-01-31 17:09:48,460 - INFO - Inserting: 15117 - 2025-01-28 07:54:58+00:00
2025-01-31 17:09:48,461 - INFO - Inserting: 15116 - 2025-01-28 05:19:58+00:00
2025-01-31 17:09:48,462 - INFO - Inserting: 15115 - 2025-01-28 05:19:58+00:00
2025-01-31 17:09:48,462 - INFO - Inserting: 15114 - 2025-01-28 05:19:58+00:00
2025-01-31 17:09:48,463 - INFO - Inserting: 15113 - 2025-01-28 05:19:58+00:00
2025-01-31 17:09:48,463 - INFO - Inserting: 15112 - 2025-01-28 05:19:58+00:00
2025-01-31 17:09:48,465 - INFO - Inserting: 15111 - 2025-01-28 05:19:58+00:00
2025-01-31 17:09:48,466 - INFO - Inserting: 15110 - 2025-01-28 05:19:58+00:00
2025-01-31 17:09:48,467 - INFO - Inserting: 15109 - 2025-01-28 05:19:58+00:00
2025-01-31 17:09:48,468 - INFO - Inserting: 15108 - 2025-01-28 05:19:58+00:00
2025-01-31 17:09:48,469 - INFO - Inserting: 15107 - 2025-01-28 05:19:58+00:00
2025-01-31 17:09:48,471 - INFO - Inserting: 15106 - 2025-01-28 05:19:58+00:00
2025-01-31 17:09:48,471 - INFO - Inserting: 15105 - 2025-01-28 05:19:58+00:00
2025-01-31 17:09:48,472 - INFO - Inserting: 15104 - 2025-01-28 05:19:58+00:00
2025-01-31 17:09:48,473 - INFO - Inserting: 15103 - 2025-01-28 05:19:58+00:00
2025-01-31 17:09:48,473 - INFO - Inserting: 15102 - 2025-01-28 05:19:58+00:00
2025-01-31 17:09:48,474 - INFO - Inserting: 15101 - 2025-01-28 05:19:58+00:00
2025-01-31 17:09:48,475 - INFO - Inserting: 15100 - 2025-01-28 05:19:57+00:00
2025-01-31 17:09:48,475 - INFO - Inserting: 15099 - 2025-01-28 05:19:57+00:00
2025-01-31 17:09:48,476 - INFO - Inserting: 15098 - 2025-01-28 05:19:57+00:00
2025-01-31 17:09:48,477 - INFO - Inserting: 15097 - 2025-01-28 05:19:57+00:00
2025-01-31 17:09:48,479 - INFO - Inserting: 15096 - 2025-01-27 05:34:03+00:00
2025-01-31 17:09:48,479 - INFO - Inserting: 15095 - 2025-01-27 05:34:03+00:00
2025-01-31 17:09:48,480 - INFO - Inserting: 15094 - 2025-01-27 05:34:03+00:00
2025-01-31 17:09:48,481 - INFO - Inserting: 15093 - 2025-01-27 05:34:03+00:00
2025-01-31 17:09:48,482 - INFO - Inserting: 15092 - 2025-01-27 05:34:03+00:00
2025-01-31 17:09:48,482 - INFO - Inserting: 15091 - 2025-01-27 05:34:03+00:00
2025-01-31 17:09:48,483 - INFO - Inserting: 15090 - 2025-01-27 05:34:03+00:00
2025-01-31 17:09:48,484 - INFO - Inserting: 15089 - 2025-01-27 05:34:02+00:00
2025-01-31 17:09:48,485 - INFO - Inserting: 15088 - 2025-01-27 05:34:02+00:00
2025-01-31 17:09:48,486 - INFO - Inserting: 15087 - 2025-01-27 05:34:02+00:00
2025-01-31 17:09:48,487 - INFO - Inserting: 15086 - 2025-01-27 05:34:02+00:00
2025-01-31 17:09:48,488 - INFO - Inserting: 15085 - 2025-01-27 05:34:02+00:00
2025-01-31 17:09:48,489 - INFO - Inserting: 15084 - 2025-01-27 05:34:02+00:00
2025-01-31 17:09:48,489 - INFO - Inserting: 15083 - 2025-01-27 05:34:02+00:00
2025-01-31 17:09:48,490 - INFO - Inserting: 15082 - 2025-01-27 05:34:02+00:00
2025-01-31 17:09:48,491 - INFO - Inserting: 15081 - 2025-01-26 07:33:25+00:00
2025-01-31 17:09:48,492 - INFO - Inserting: 15080 - 2025-01-26 07:33:25+00:00
2025-01-31 17:09:48,493 - INFO - Inserting: 15079 - 2025-01-26 07:33:25+00:00
2025-01-31 17:09:48,493 - INFO - Inserting: 15078 - 2025-01-26 07:33:25+00:00
2025-01-31 17:09:48,494 - INFO - Inserting: 15077 - 2025-01-26 07:33:25+00:00
2025-01-31 17:09:48,495 - INFO - Inserting: 15076 - 2025-01-26 07:33:25+00:00
2025-01-31 17:09:48,496 - INFO - Inserting: 15075 - 2025-01-26 07:33:25+00:00
2025-01-31 17:09:48,496 - INFO - Inserting: 15074 - 2025-01-26 07:33:25+00:00
2025-01-31 17:09:48,497 - INFO - Inserting: 15073 - 2025-01-26 07:33:25+00:00
2025-01-31 17:09:48,498 - INFO - Inserting: 15072 - 2025-01-26 07:33:25+00:00
2025-01-31 17:09:48,499 - INFO - Inserting: 15071 - 2025-01-26 07:33:24+00:00
2025-01-31 17:09:48,500 - INFO - Inserting: 15068 - 2025-01-25 03:50:14+00:00
2025-01-31 17:09:48,501 - INFO - Inserting: 15067 - 2025-01-25 03:50:14+00:00
2025-01-31 17:09:48,501 - INFO - Inserting: 15065 - 2025-01-25 03:50:14+00:00
2025-01-31 17:09:48,502 - INFO - Inserting: 15064 - 2025-01-25 03:50:14+00:00
2025-01-31 17:09:48,503 - INFO - Inserting: 15063 - 2025-01-25 03:50:14+00:00
2025-01-31 17:09:48,504 - INFO - Inserting: 15062 - 2025-01-25 03:50:14+00:00
2025-01-31 17:09:48,505 - INFO - Inserting: 15061 - 2025-01-25 03:50:14+00:00
2025-01-31 17:09:48,505 - INFO - Inserting: 15060 - 2025-01-25 03:50:14+00:00
2025-01-31 17:09:48,506 - INFO - Inserting: 15059 - 2025-01-25 03:50:14+00:00
2025-01-31 17:09:48,507 - INFO - Inserting: 15058 - 2025-01-25 03:50:14+00:00
2025-01-31 17:09:48,508 - INFO - Inserting: 15057 - 2025-01-25 03:50:14+00:00
2025-01-31 17:09:48,509 - INFO - Inserting: 15056 - 2025-01-25 03:50:14+00:00
2025-01-31 17:09:48,509 - INFO - Inserting: 15055 - 2025-01-25 03:50:13+00:00
2025-01-31 17:09:48,510 - INFO - Inserting: 15054 - 2025-01-25 03:50:13+00:00
2025-01-31 17:09:48,511 - INFO - Inserting: 15053 - 2025-01-25 03:50:13+00:00
2025-01-31 17:09:48,512 - INFO - Inserting: 15052 - 2025-01-25 03:50:13+00:00
2025-01-31 17:09:48,513 - INFO - Inserting: 15051 - 2025-01-24 14:01:14+00:00
2025-01-31 17:09:48,513 - INFO - Inserting: 15050 - 2025-01-24 12:44:47+00:00
2025-01-31 17:09:48,514 - INFO - Inserting: 15049 - 2025-01-24 12:44:47+00:00
2025-01-31 17:09:48,515 - INFO - Inserting: 15048 - 2025-01-24 12:44:46+00:00
2025-01-31 17:09:48,516 - INFO - Inserting: 15047 - 2025-01-24 11:39:43+00:00
2025-01-31 17:09:48,517 - INFO - Inserting: 15046 - 2025-01-24 11:39:43+00:00
2025-01-31 17:09:48,518 - INFO - Inserting: 15045 - 2025-01-24 11:39:43+00:00
2025-01-31 17:09:48,519 - INFO - Inserting: 15044 - 2025-01-24 11:39:43+00:00
2025-01-31 17:09:48,520 - INFO - Inserting: 15043 - 2025-01-24 11:39:43+00:00
2025-01-31 17:09:48,521 - INFO - Inserting: 15042 - 2025-01-24 11:39:43+00:00
2025-01-31 17:09:48,522 - INFO - Inserting: 15041 - 2025-01-24 11:39:43+00:00
2025-01-31 17:09:48,523 - INFO - Inserting: 15040 - 2025-01-24 11:39:43+00:00
2025-01-31 17:09:48,523 - INFO - Inserting: 15039 - 2025-01-24 05:59:39+00:00
2025-01-31 17:09:48,524 - INFO - Inserting: 15038 - 2025-01-24 05:59:28+00:00
2025-01-31 17:09:48,525 - INFO - Inserting: 15037 - 2025-01-24 05:59:28+00:00
2025-01-31 17:09:48,526 - INFO - Inserting: 15036 - 2025-01-24 05:59:28+00:00
2025-01-31 17:09:48,527 - INFO - Inserting: 15035 - 2025-01-24 05:59:28+00:00
2025-01-31 17:09:48,527 - INFO - Inserting: 15034 - 2025-01-24 05:59:28+00:00
2025-01-31 17:09:48,528 - INFO - Inserting: 15033 - 2025-01-24 05:59:28+00:00
2025-01-31 17:09:48,529 - INFO - Inserting: 15032 - 2025-01-24 05:59:28+00:00
2025-01-31 17:09:48,530 - INFO - Inserting: 15031 - 2025-01-24 05:59:28+00:00
2025-01-31 17:09:48,530 - INFO - Inserting: 15030 - 2025-01-24 05:59:28+00:00
2025-01-31 17:09:48,531 - INFO - Inserting: 15029 - 2025-01-24 05:58:43+00:00
2025-01-31 17:09:48,532 - INFO - Inserting: 15027 - 2025-01-23 12:17:08+00:00
2025-01-31 17:09:48,533 - INFO - Inserting: 15026 - 2025-01-23 12:17:08+00:00
2025-01-31 17:09:48,534 - INFO - Inserting: 15025 - 2025-01-23 12:17:08+00:00
2025-01-31 17:09:48,534 - INFO - Inserting: 15024 - 2025-01-23 12:17:08+00:00
2025-01-31 17:09:48,535 - INFO - Inserting: 15023 - 2025-01-23 12:17:08+00:00
2025-01-31 17:09:48,536 - INFO - Inserting: 15022 - 2025-01-23 12:17:08+00:00
2025-01-31 17:09:48,537 - INFO - Inserting: 15021 - 2025-01-23 12:17:08+00:00
2025-01-31 17:09:48,539 - INFO - Inserting: 15020 - 2025-01-23 12:17:08+00:00
2025-01-31 17:09:48,540 - INFO - Inserting: 15019 - 2025-01-23 12:17:07+00:00
2025-01-31 17:09:48,541 - INFO - Inserting: 15018 - 2025-01-23 10:58:37+00:00
2025-01-31 17:09:48,542 - INFO - Inserting: 15017 - 2025-01-23 10:58:37+00:00
2025-01-31 17:09:48,543 - INFO - Inserting: 15016 - 2025-01-23 10:58:37+00:00
2025-01-31 17:09:48,544 - INFO - Inserting: 15015 - 2025-01-23 10:58:37+00:00
2025-01-31 17:09:48,545 - INFO - Inserting: 15014 - 2025-01-23 10:58:37+00:00
2025-01-31 17:09:48,546 - INFO - Inserting: 15013 - 2025-01-23 10:58:37+00:00
2025-01-31 17:09:48,546 - INFO - Inserting: 15012 - 2025-01-23 05:01:22+00:00
2025-01-31 17:09:48,547 - INFO - Inserting: 15011 - 2025-01-23 05:01:22+00:00
2025-01-31 17:09:48,548 - INFO - Inserting: 15010 - 2025-01-23 05:01:22+00:00
2025-01-31 17:09:48,549 - INFO - Inserting: 15009 - 2025-01-23 05:01:22+00:00
2025-01-31 17:09:48,549 - INFO - Inserting: 15008 - 2025-01-23 05:01:22+00:00
2025-01-31 17:09:48,550 - INFO - Inserting: 15007 - 2025-01-23 05:01:22+00:00
2025-01-31 17:09:48,551 - INFO - Inserting: 15006 - 2025-01-23 05:01:22+00:00
2025-01-31 17:09:48,553 - INFO - Inserting: 15005 - 2025-01-23 05:01:22+00:00
2025-01-31 17:09:48,554 - INFO - Inserting: 15004 - 2025-01-23 05:01:22+00:00
2025-01-31 17:09:48,555 - INFO - Inserting: 15003 - 2025-01-23 05:01:22+00:00
2025-01-31 17:09:48,556 - INFO - Inserting: 15002 - 2025-01-23 05:01:22+00:00
2025-01-31 17:09:48,558 - INFO - Inserting: 15001 - 2025-01-23 05:01:22+00:00
2025-01-31 17:09:48,559 - INFO - Inserting: 15000 - 2025-01-22 11:15:33+00:00
2025-01-31 17:09:48,560 - INFO - Inserting: 14999 - 2025-01-22 11:15:33+00:00
2025-01-31 17:09:48,561 - INFO - Inserting: 14998 - 2025-01-22 11:15:33+00:00
2025-01-31 17:09:48,562 - INFO - Inserting: 14997 - 2025-01-22 11:15:33+00:00
2025-01-31 17:09:48,563 - INFO - Inserting: 1247 - 2025-01-22 09:50:47+00:00
2025-01-31 17:09:48,564 - INFO - Inserting: 1246 - 2025-01-22 09:50:46+00:00
2025-01-31 17:09:48,565 - INFO - Inserting: 1245 - 2025-01-22 09:50:46+00:00
2025-01-31 17:09:48,566 - INFO - Inserting: 1244 - 2025-01-07 03:35:34+00:00
2025-01-31 17:09:48,567 - INFO - Inserting: 1243 - 2025-01-07 03:35:26+00:00
2025-01-31 17:09:48,568 - INFO - Inserting: 1242 - 2024-12-16 07:08:46+00:00
2025-01-31 17:09:48,569 - INFO - Inserting: 1241 - 2024-12-13 06:49:28+00:00
2025-01-31 17:09:48,570 - INFO - Inserting: 1240 - 2024-12-12 03:02:57+00:00
2025-01-31 17:09:48,571 - INFO - Inserting: 1239 - 2024-12-11 15:11:40+00:00
2025-01-31 17:09:48,573 - INFO - Inserting: 1238 - 2024-12-10 09:39:25+00:00
2025-01-31 17:09:48,574 - INFO - Inserting: 1237 - 2024-12-10 09:39:24+00:00
2025-01-31 17:09:48,575 - INFO - Inserting: 1236 - 2024-12-10 09:39:24+00:00
2025-01-31 17:09:48,577 - INFO - Inserting: 1235 - 2024-12-10 09:39:23+00:00
2025-01-31 17:09:48,578 - INFO - Inserting: 1234 - 2024-12-08 08:17:20+00:00
2025-01-31 17:09:48,579 - INFO - Inserting: 1233 - 2024-12-07 13:42:13+00:00
2025-01-31 17:09:48,580 - INFO - Inserting: 1232 - 2024-12-03 10:26:03+00:00
2025-01-31 17:09:48,581 - INFO - Inserting: 1231 - 2024-12-03 10:26:03+00:00
2025-01-31 17:09:48,581 - INFO - Inserting: 1230 - 2024-12-01 15:49:16+00:00
2025-01-31 17:09:48,582 - INFO - Inserting: 1229 - 2024-12-01 15:49:15+00:00
2025-01-31 17:09:48,583 - INFO - Inserting: 1228 - 2024-12-01 15:49:15+00:00
2025-01-31 17:09:48,584 - INFO - Inserting: 1227 - 2024-12-01 15:49:15+00:00
2025-01-31 17:09:48,585 - INFO - Inserting: 1226 - 2024-12-01 15:49:14+00:00
2025-01-31 17:09:48,586 - INFO - Inserting: 1225 - 2024-11-30 06:57:54+00:00
2025-01-31 17:09:48,587 - INFO - Inserting: 1224 - 2024-11-30 06:57:53+00:00
2025-01-31 17:09:48,588 - INFO - Inserting: 1223 - 2024-11-30 06:57:53+00:00
2025-01-31 17:09:48,589 - INFO - Inserting: 1222 - 2024-11-30 06:57:52+00:00
2025-01-31 17:09:48,590 - INFO - Inserting: 1221 - 2024-11-26 04:28:12+00:00
2025-01-31 17:09:48,592 - INFO - Inserting: 1220 - 2024-11-24 04:55:57+00:00
2025-01-31 17:09:48,593 - INFO - Inserting: 1219 - 2024-11-24 04:55:48+00:00
2025-01-31 17:09:48,595 - INFO - Inserting: 1218 - 2024-11-24 04:55:48+00:00
2025-01-31 17:09:48,595 - INFO - Inserting: 1217 - 2024-11-24 04:55:47+00:00
2025-01-31 17:09:48,597 - INFO - Inserting: 1216 - 2024-11-24 04:55:47+00:00
2025-01-31 17:09:48,598 - INFO - Inserting: 1215 - 2024-11-24 04:55:46+00:00
2025-01-31 17:09:48,598 - INFO - Inserting: 1214 - 2024-11-14 04:50:53+00:00
2025-01-31 17:09:48,599 - INFO - Inserting: 1213 - 2024-11-14 04:50:53+00:00
2025-01-31 17:09:48,600 - INFO - Inserting: 1212 - 2024-11-14 04:50:52+00:00
2025-01-31 17:09:48,601 - INFO - Inserting: 1211 - 2024-11-14 04:50:52+00:00
2025-01-31 17:09:48,602 - INFO - Inserting: 1210 - 2024-11-14 04:50:51+00:00
2025-01-31 17:09:48,602 - INFO - Inserting: 1209 - 2024-11-14 04:50:51+00:00
2025-01-31 17:09:48,603 - INFO - Inserting: 1208 - 2024-11-10 16:55:02+00:00
2025-01-31 17:09:48,604 - INFO - Inserting: 1207 - 2024-11-10 14:59:30+00:00
2025-01-31 17:09:48,605 - INFO - Inserting: 1206 - 2024-11-06 06:36:27+00:00
2025-01-31 17:09:48,606 - INFO - Inserting: 1205 - 2024-11-06 06:36:12+00:00
2025-01-31 17:09:48,607 - INFO - Inserting: 1204 - 2024-11-06 06:36:12+00:00
2025-01-31 17:09:48,609 - INFO - Inserting: 1203 - 2024-11-05 09:55:49+00:00
2025-01-31 17:09:48,610 - INFO - Inserting: 1202 - 2024-10-30 08:21:08+00:00
2025-01-31 17:09:48,611 - INFO - Inserting: 1201 - 2024-10-30 08:21:01+00:00
2025-01-31 17:09:48,613 - INFO - Inserting: 1199 - 2024-10-27 17:10:42+00:00
2025-01-31 17:09:48,613 - INFO - Inserting: 1198 - 2024-10-27 16:54:13+00:00
2025-01-31 17:09:48,614 - INFO - Inserting: 1197 - 2024-10-27 15:36:41+00:00
2025-01-31 17:09:48,615 - INFO - Inserting: 1196 - 2024-10-27 15:32:28+00:00
2025-01-31 17:09:48,616 - INFO - Inserting: 1195 - 2024-10-27 15:05:49+00:00
2025-01-31 17:09:48,617 - INFO - Inserting: 1194 - 2024-10-27 15:00:03+00:00
2025-01-31 17:09:48,618 - INFO - Inserting: 1193 - 2024-10-24 04:16:30+00:00
2025-01-31 17:09:48,619 - INFO - Inserting: 1192 - 2024-10-24 04:16:29+00:00
2025-01-31 17:09:48,621 - INFO - Inserting: 1191 - 2024-10-23 02:00:16+00:00
2025-01-31 17:09:48,622 - INFO - Inserting: 1190 - 2024-10-21 04:48:03+00:00
2025-01-31 17:09:48,623 - INFO - Inserting: 1189 - 2024-10-21 04:48:02+00:00
2025-01-31 17:09:48,624 - INFO - Inserting: 1188 - 2024-10-21 04:48:02+00:00
2025-01-31 17:09:48,625 - INFO - Inserting: 1187 - 2024-10-21 04:48:01+00:00
2025-01-31 17:09:48,626 - INFO - Inserting: 1186 - 2024-10-20 16:11:08+00:00
2025-01-31 17:09:48,627 - INFO - Inserting: 1185 - 2024-10-20 13:23:41+00:00
2025-01-31 17:09:48,628 - INFO - Inserting: 1184 - 2024-10-16 18:43:58+00:00
2025-01-31 17:09:48,629 - INFO - Inserting: 1183 - 2024-10-16 18:43:57+00:00
2025-01-31 17:09:48,630 - INFO - Inserting: 1182 - 2024-10-16 15:22:55+00:00
2025-01-31 17:09:48,631 - INFO - Inserting: 1181 - 2024-10-06 16:26:40+00:00
2025-01-31 17:09:48,632 - INFO - Inserting: 1180 - 2024-10-06 15:03:40+00:00
2025-01-31 17:09:48,632 - INFO - Inserting: 1179 - 2024-10-06 14:58:28+00:00
2025-01-31 17:09:48,633 - INFO - Inserting: 1178 - 2024-10-04 13:14:17+00:00
2025-01-31 17:09:48,634 - INFO - Inserting: 1177 - 2024-10-04 13:14:17+00:00
2025-01-31 17:09:48,635 - INFO - Inserting: 1176 - 2024-10-04 13:14:16+00:00
2025-01-31 17:09:48,636 - INFO - Inserting: 1175 - 2024-10-04 13:14:16+00:00
2025-01-31 17:09:48,637 - INFO - Inserting: 1172 - 2024-10-03 05:09:38+00:00
2025-01-31 17:09:48,637 - INFO - Inserting: 1171 - 2024-10-03 05:09:38+00:00
2025-01-31 17:09:48,638 - INFO - Inserting: 1170 - 2024-10-02 10:33:05+00:00
2025-01-31 17:09:48,639 - INFO - Inserting: 1169 - 2024-10-02 07:04:03+00:00
2025-01-31 17:09:48,640 - INFO - Inserting: 1168 - 2024-09-25 06:38:30+00:00
2025-01-31 17:09:48,641 - INFO - Inserting: 1167 - 2024-09-25 06:38:30+00:00
2025-01-31 17:09:48,642 - INFO - Inserting: 1166 - 2024-09-25 06:38:29+00:00
2025-01-31 17:09:48,644 - INFO - Inserting: 1165 - 2024-09-25 06:38:29+00:00
2025-01-31 17:09:48,645 - INFO - Inserting: 1164 - 2024-09-25 06:38:28+00:00
2025-01-31 17:09:48,646 - INFO - Inserting: 1163 - 2024-09-23 08:09:39+00:00
2025-01-31 17:09:48,646 - INFO - Inserting: 1162 - 2024-09-23 08:09:39+00:00
2025-01-31 17:09:48,647 - INFO - Inserting: 1161 - 2024-09-23 08:09:38+00:00
2025-01-31 17:09:48,648 - INFO - Inserting: 1160 - 2024-09-11 07:46:56+00:00
2025-01-31 17:09:48,649 - INFO - Inserting: 1159 - 2024-09-04 19:09:47+00:00
2025-01-31 17:09:48,650 - INFO - Inserting: 1158 - 2024-09-04 19:09:46+00:00
2025-01-31 17:09:48,651 - INFO - Inserting: 1157 - 2024-08-26 17:29:14+00:00
2025-01-31 17:09:48,652 - INFO - Inserting: 1156 - 2024-08-21 21:45:26+00:00
2025-01-31 17:09:48,653 - INFO - Inserting: 1155 - 2024-08-21 10:20:11+00:00
2025-01-31 17:09:48,655 - INFO - Inserting: 1154 - 2024-08-21 10:20:11+00:00
2025-01-31 17:09:48,656 - INFO - Inserting: 1153 - 2024-08-21 10:20:10+00:00
2025-01-31 17:09:48,657 - INFO - Inserting: 1152 - 2024-08-21 10:20:09+00:00
2025-01-31 17:09:48,658 - INFO - Inserting: 1151 - 2024-08-21 10:20:09+00:00
2025-01-31 17:09:48,658 - INFO - Inserting: 1150 - 2024-08-19 16:25:15+00:00
2025-01-31 17:09:48,659 - INFO - Inserting: 1149 - 2024-08-19 16:25:15+00:00
2025-01-31 17:09:48,659 - INFO - Inserting: 1148 - 2024-08-19 16:24:22+00:00
2025-01-31 17:09:48,661 - INFO - Inserting: 1147 - 2024-08-19 16:22:35+00:00
2025-01-31 17:09:48,662 - INFO - Inserting: 1146 - 2024-08-19 16:19:25+00:00
2025-01-31 17:09:48,662 - INFO - Inserting: 1145 - 2024-08-19 16:19:25+00:00
2025-01-31 17:09:48,663 - INFO - Inserting: 1142 - 2024-08-19 15:57:04+00:00
2025-01-31 17:09:48,665 - INFO - Inserting: 1141 - 2024-08-19 15:57:03+00:00
2025-01-31 17:09:48,666 - INFO - Inserting: 1140 - 2024-08-19 15:57:03+00:00
2025-01-31 17:09:48,666 - INFO - Inserting: 1139 - 2024-08-19 15:57:02+00:00
2025-01-31 17:09:48,667 - INFO - Inserting: 1138 - 2024-08-19 15:57:02+00:00
2025-01-31 17:09:48,668 - INFO - Inserting: 1137 - 2024-08-19 15:57:01+00:00
2025-01-31 17:09:48,669 - INFO - Inserting: 1136 - 2024-08-19 15:57:01+00:00
2025-01-31 17:09:48,670 - INFO - Inserting: 1135 - 2024-08-19 15:57:00+00:00
2025-01-31 17:09:48,671 - INFO - Inserting: 1134 - 2024-08-18 13:36:05+00:00
2025-01-31 17:09:48,672 - INFO - Inserting: 1133 - 2024-08-15 00:54:01+00:00
2025-01-31 17:09:48,673 - INFO - Inserting: 1132 - 2024-08-11 16:48:45+00:00
2025-01-31 17:09:48,674 - INFO - Inserting: 1131 - 2024-08-11 15:01:05+00:00
2025-01-31 17:09:48,675 - INFO - Inserting: 1130 - 2024-08-05 17:36:11+00:00
2025-01-31 17:09:48,676 - INFO - Inserting: 1129 - 2024-08-05 17:34:31+00:00
2025-01-31 17:09:48,677 - INFO - Inserting: 1128 - 2024-08-05 16:40:39+00:00
2025-01-31 17:09:48,678 - INFO - Inserting: 1127 - 2024-08-05 16:40:39+00:00
2025-01-31 17:09:48,680 - INFO - Inserting: 1126 - 2024-08-03 08:14:40+00:00
2025-01-31 17:09:48,681 - INFO - Inserting: 1125 - 2024-07-29 06:30:42+00:00
2025-01-31 17:09:48,682 - INFO - Inserting: 1124 - 2024-07-28 17:01:56+00:00
2025-01-31 17:09:48,683 - INFO - Inserting: 1123 - 2024-07-28 15:05:56+00:00
2025-01-31 17:09:48,683 - INFO - Inserting: 1122 - 2024-07-28 14:57:39+00:00
2025-01-31 17:09:48,684 - INFO - Inserting: 1121 - 2024-07-22 09:10:12+00:00
2025-01-31 17:09:48,686 - INFO - Inserting: 1120 - 2024-07-22 09:10:11+00:00
2025-01-31 17:09:48,687 - INFO - Inserting: 1119 - 2024-07-21 19:34:24+00:00
2025-01-31 17:09:48,689 - INFO - Inserting: 1118 - 2024-07-21 17:16:17+00:00
2025-01-31 17:09:48,689 - INFO - Inserting: 1117 - 2024-07-21 15:53:57+00:00
2025-01-31 17:09:48,690 - INFO - Inserting: 1116 - 2024-07-21 15:00:45+00:00
2025-01-31 17:09:48,691 - INFO - Inserting: 1115 - 2024-07-21 07:56:13+00:00
2025-01-31 17:09:48,693 - INFO - Inserting: 1114 - 2024-07-18 04:27:10+00:00
2025-01-31 17:09:48,694 - INFO - Inserting: 1113 - 2024-07-16 08:20:51+00:00
2025-01-31 17:09:48,695 - INFO - Inserting: 1112 - 2024-07-16 05:52:53+00:00
2025-01-31 17:09:48,696 - INFO - Inserting: 1111 - 2024-07-16 05:52:53+00:00
2025-01-31 17:09:48,696 - INFO - Inserting: 1109 - 2024-07-15 07:02:10+00:00
2025-01-31 17:09:48,697 - INFO - Inserting: 1108 - 2024-07-15 06:44:15+00:00
2025-01-31 17:09:48,698 - INFO - Inserting: 1107 - 2024-07-14 16:51:26+00:00
2025-01-31 17:09:48,699 - INFO - Inserting: 1106 - 2024-07-14 15:00:21+00:00
2025-01-31 17:09:48,700 - INFO - Inserting: 1105 - 2024-07-14 14:54:48+00:00
2025-01-31 17:09:48,701 - INFO - Inserting: 1104 - 2024-07-11 07:41:38+00:00
2025-01-31 17:09:48,702 - INFO - Inserting: 1103 - 2024-07-11 07:41:38+00:00
2025-01-31 17:09:48,703 - INFO - Inserting: 1102 - 2024-07-11 05:55:49+00:00
2025-01-31 17:09:48,704 - INFO - Inserting: 1101 - 2024-06-30 16:21:58+00:00
2025-01-31 17:09:48,705 - INFO - Inserting: 1100 - 2024-06-30 15:04:15+00:00
2025-01-31 17:09:48,706 - INFO - Inserting: 1099 - 2024-06-30 15:02:10+00:00
2025-01-31 17:09:48,707 - INFO - Inserting: 1098 - 2024-06-30 08:20:32+00:00
2025-01-31 17:09:48,707 - INFO - Inserting: 1097 - 2024-06-27 16:40:44+00:00
2025-01-31 17:09:48,709 - INFO - Inserting: 1096 - 2024-06-27 16:40:44+00:00
2025-01-31 17:09:48,710 - INFO - Inserting: 1095 - 2024-06-27 16:40:43+00:00
2025-01-31 17:09:48,711 - INFO - Inserting: 1094 - 2024-06-27 16:40:42+00:00
2025-01-31 17:09:48,711 - INFO - Inserting: 1093 - 2024-06-25 12:57:54+00:00
2025-01-31 17:09:48,712 - INFO - Inserting: 1092 - 2024-06-25 12:57:53+00:00
2025-01-31 17:09:48,713 - INFO - Inserting: 1091 - 2024-06-25 06:19:42+00:00
2025-01-31 17:09:48,714 - INFO - Inserting: 1090 - 2024-06-24 08:11:27+00:00
2025-01-31 17:09:48,715 - INFO - Inserting: 1088 - 2024-06-20 06:54:39+00:00
2025-01-31 17:09:48,716 - INFO - Inserting: 1087 - 2024-06-14 16:33:19+00:00
2025-01-31 17:09:48,717 - INFO - Inserting: 1086 - 2024-06-14 16:33:19+00:00
2025-01-31 17:09:48,717 - INFO - Inserting: 1085 - 2024-06-14 16:33:18+00:00
2025-01-31 17:09:48,719 - INFO - Inserting: 1084 - 2024-06-14 16:33:18+00:00
2025-01-31 17:09:48,720 - INFO - Inserting: 1083 - 2024-06-09 16:36:21+00:00
2025-01-31 17:09:48,721 - INFO - Inserting: 1082 - 2024-06-09 15:28:37+00:00
2025-01-31 17:09:48,722 - INFO - Inserting: 1081 - 2024-06-09 15:05:18+00:00
2025-01-31 17:09:48,722 - INFO - Inserting: 1080 - 2024-06-09 15:01:25+00:00
2025-01-31 17:09:48,724 - INFO - Inserting: 1079 - 2024-06-06 07:51:31+00:00
2025-01-31 17:09:48,725 - INFO - Inserting: 1078 - 2024-06-06 07:51:30+00:00
2025-01-31 17:09:48,726 - INFO - Inserting: 1077 - 2024-06-05 20:27:37+00:00
2025-01-31 17:09:48,726 - INFO - Inserting: 1076 - 2024-06-04 15:06:35+00:00
2025-01-31 17:09:48,727 - INFO - Inserting: 1075 - 2024-05-31 17:24:31+00:00
2025-01-31 17:09:48,728 - INFO - Inserting: 1074 - 2024-05-31 17:24:30+00:00
2025-01-31 17:09:48,729 - INFO - Inserting: 1073 - 2024-05-31 17:24:30+00:00
2025-01-31 17:09:48,730 - INFO - Inserting: 1072 - 2024-05-31 17:24:29+00:00
2025-01-31 17:09:48,730 - INFO - Inserting: 1071 - 2024-05-31 17:24:29+00:00
2025-01-31 17:09:48,731 - INFO - Inserting: 1070 - 2024-05-29 05:23:45+00:00
2025-01-31 17:09:48,732 - INFO - Inserting: 1069 - 2024-05-28 11:40:34+00:00
2025-01-31 17:09:48,732 - INFO - Inserting: 1068 - 2024-05-28 11:40:34+00:00
2025-01-31 17:09:48,733 - INFO - Inserting: 1067 - 2024-05-28 11:40:33+00:00
2025-01-31 17:09:48,735 - INFO - Inserting: 1066 - 2024-05-28 11:40:33+00:00
2025-01-31 17:09:48,737 - INFO - Inserting: 1065 - 2024-05-26 16:11:43+00:00
2025-01-31 17:09:48,738 - INFO - Inserting: 1064 - 2024-05-26 15:03:01+00:00
2025-01-31 17:09:48,739 - INFO - Inserting: 1063 - 2024-05-26 14:55:42+00:00
2025-01-31 17:09:48,740 - INFO - Inserting: 1062 - 2024-05-23 05:12:25+00:00
2025-01-31 17:09:48,741 - INFO - Inserting: 1061 - 2024-05-23 05:12:24+00:00
2025-01-31 17:09:48,741 - INFO - Inserting: 1060 - 2024-05-22 15:07:30+00:00
2025-01-31 17:09:48,742 - INFO - Inserting: 1059 - 2024-05-19 16:25:38+00:00
2025-01-31 17:09:48,743 - INFO - Inserting: 1058 - 2024-05-19 14:59:23+00:00
2025-01-31 17:09:48,744 - INFO - Inserting: 1057 - 2024-05-19 14:58:05+00:00
2025-01-31 17:09:48,745 - INFO - Inserting: 1056 - 2024-05-18 07:43:59+00:00
2025-01-31 17:09:48,746 - INFO - Inserting: 1055 - 2024-05-18 07:43:58+00:00
2025-01-31 17:09:48,746 - INFO - Inserting: 1054 - 2024-05-17 13:58:27+00:00
2025-01-31 17:09:48,747 - INFO - Inserting: 1053 - 2024-05-17 13:58:26+00:00
2025-01-31 17:09:48,748 - INFO - Inserting: 1052 - 2024-05-17 13:58:26+00:00
2025-01-31 17:09:48,749 - INFO - Inserting: 1051 - 2024-05-17 13:58:25+00:00
2025-01-31 17:09:48,750 - INFO - Inserting: 1050 - 2024-05-17 13:58:25+00:00
2025-01-31 17:09:48,751 - INFO - Inserting: 1049 - 2024-05-17 13:58:24+00:00
2025-01-31 17:09:48,752 - INFO - Inserting: 1042 - 2024-05-16 04:40:50+00:00
2025-01-31 17:09:48,753 - INFO - Inserting: 1041 - 2024-05-16 04:40:50+00:00
2025-01-31 17:09:48,754 - INFO - Inserting: 1040 - 2024-05-16 04:40:49+00:00
2025-01-31 17:09:48,755 - INFO - Inserting: 1039 - 2024-05-16 04:40:48+00:00
2025-01-31 17:09:48,757 - INFO - Inserting: 1038 - 2024-05-14 11:05:55+00:00
2025-01-31 17:09:48,759 - INFO - Inserting: 1037 - 2024-05-14 11:05:55+00:00
2025-01-31 17:09:48,759 - INFO - Inserting: 1036 - 2024-05-13 21:57:37+00:00
2025-01-31 17:09:48,760 - INFO - Inserting: 1035 - 2024-05-13 21:56:24+00:00
2025-01-31 17:09:48,762 - INFO - ✅ 876 records inserted into PostgreSQL database.
