2025-02-03 09:32:25 - INFO - Copied photo_2023-02-10_12-23-06.jpg to ./images
2025-02-03 09:32:25 - INFO - Copied photo_2023-02-02_08-58-52.jpg to ./images
2025-02-03 09:32:25 - INFO - Copied photo_2023-02-01_08-59-37.jpg to ./images
2025-02-03 09:32:25 - INFO - Copied photo_2023-01-31_09-19-53.jpg to ./images
2025-02-03 09:32:25 - INFO - Copied photo_2023-01-30_09-45-25.jpg to ./images
2025-02-03 09:32:25 - INFO - Copied photo_2023-01-27_07-18-40.jpg to ./images
2025-02-03 09:32:25 - INFO - Copied photo_2023-01-26_18-27-53.jpg to ./images
2025-02-03 09:32:25 - INFO - Copied photo_2023-01-23_10-39-20.jpg to ./images
2025-02-03 09:32:25 - INFO - Copied document_2023-01-17_19-10-57.mp4 to ./images
2025-02-03 09:32:25 - INFO - Copied photo_2023-01-17_08-43-12.jpg to ./images
2025-02-03 09:32:25 - INFO - Copied photo_2023-01-16_13-41-35.jpg to ./images
2025-02-03 09:32:25 - INFO - Copied photo_2023-01-16_10-13-42.jpg to ./images
2025-02-03 09:32:25 - INFO - Copied photo_2023-01-16_09-26-09.jpg to ./images
2025-02-03 09:32:25 - INFO - Copied photo_2023-01-13_12-48-47.jpg to ./images
2025-02-03 09:32:25 - INFO - Copied photo_2023-01-13_09-44-14.jpg to ./images
2025-02-03 09:32:25 - INFO - Copied photo_2023-01-06_16-06-21.jpg to ./images
2025-02-03 09:32:25 - INFO - Copied photo_2023-01-06_09-31-17.jpg to ./images
2025-02-03 09:32:25 - INFO - Copied photo_2023-01-06_06-05-01.jpg to ./images
2025-02-03 09:32:25 - INFO - Copied photo_2023-01-04_05-58-02.jpg to ./images
2025-02-03 09:32:25 - INFO - Copied photo_2023-01-03_17-49-48.jpg to ./images
2025-02-03 09:32:25 - INFO - Copied photo_2023-01-03_05-48-34.jpg to ./images
2025-02-03 09:32:25 - INFO - Copied photo_2023-01-02_07-02-55.jpg to ./images
2025-02-03 09:32:25 - INFO - Copied Open www.chemeds.org ON YOUR BROWSER.gif.mp4 to ./images
2025-02-03 09:32:25 - INFO - Copied photo_2022-12-30_15-45-35.jpg to ./images
2025-02-03 09:32:25 - INFO - Copied photo_2022-12-28_17-02-08.jpg to ./images
2025-02-03 09:32:25 - INFO - Copied photo_2022-12-28_06-31-50.jpg to ./images
2025-02-03 09:32:25 - INFO - Copied photo_2022-12-27_17-06-32.jpg to ./images
2025-02-03 09:32:25 - INFO - Copied document_2022-12-25_15-46-05.mp4 to ./images
2025-02-03 09:32:25 - INFO - Copied photo_2022-12-23_06-26-15.jpg to ./images
2025-02-03 09:32:25 - INFO - Copied photo_2022-12-22_06-40-25.jpg to ./images
2025-02-03 09:32:25 - INFO - Copied photo_2022-12-22_03-11-26.jpg to ./images
2025-02-03 09:32:25 - WARNING - File not found: no media
2025-02-03 09:32:25 - INFO - Copied photo_2022-12-20_17-25-05.jpg to ./images
2025-02-03 09:32:25 - INFO - Copied photo_2022-12-20_11-28-59.jpg to ./images
2025-02-03 09:32:25 - INFO - Copied photo_2022-12-20_07-41-33.jpg to ./images
2025-02-03 09:32:25 - INFO - Copied photo_2022-12-16_12-21-01.jpg to ./images
2025-02-03 09:32:25 - WARNING - File not found: no media
2025-02-03 09:32:25 - INFO - Copied photo_2022-12-13_05-55-18.jpg to ./images
2025-02-03 09:32:25 - INFO - Copied photo_2022-12-09_12-28-53.jpg to ./images
2025-02-03 09:32:25 - INFO - Copied photo_2022-12-09_04-09-49.jpg to ./images
2025-02-03 09:32:25 - INFO - Copied photo_2022-12-07_06-43-48.jpg to ./images
2025-02-03 09:32:25 - INFO - Copied photo_2022-12-05_05-57-22.jpg to ./images
2025-02-03 09:32:25 - INFO - Copied photo_2022-12-04_12-35-18.jpg to ./images
2025-02-03 09:32:25 - INFO - Copied photo_2022-12-02_13-44-41.jpg to ./images
2025-02-03 09:32:25 - INFO - Copied photo_2022-12-02_06-06-12.jpg to ./images
2025-02-03 09:32:25 - INFO - Copied photo_2022-12-01_06-47-22.jpg to ./images
2025-02-03 09:32:25 - INFO - Copied photo_2022-11-30_06-31-44.jpg to ./images
2025-02-03 09:32:25 - INFO - Copied photo_2022-11-29_07-43-06.jpg to ./images
2025-02-03 09:32:25 - INFO - Copied photo_2022-11-22_08-15-47.jpg to ./images
2025-02-03 09:32:25 - INFO - Copied photo_2022-11-15_11-51-16.jpg to ./images
2025-02-03 09:32:25 - INFO - Copied photo_2022-11-15_08-17-41.jpg to ./images
2025-02-03 09:32:25 - INFO - Copied photo_2022-11-15_05-24-41.jpg to ./images
2025-02-03 09:32:25 - INFO - Copied photo_2022-11-09_08-53-25.jpg to ./images
2025-02-03 09:32:25 - INFO - Copied photo_2022-10-29_20-26-28.jpg to ./images
2025-02-03 09:32:25 - INFO - Copied photo_2022-10-28_09-15-09.jpg to ./images
2025-02-03 09:32:25 - INFO - Copied photo_2022-10-28_06-49-36.jpg to ./images
2025-02-03 09:32:25 - INFO - Copied photo_2022-10-24_09-34-19.jpg to ./images
2025-02-03 09:32:25 - INFO - Copied photo_2022-10-20_12-24-01.jpg to ./images
2025-02-03 09:32:25 - INFO - Copied photo_2022-10-18_07-57-36.jpg to ./images
2025-02-03 09:32:25 - INFO - Copied photo_2022-10-17_14-02-40.jpg to ./images
2025-02-03 09:32:25 - INFO - Copied photo_2022-10-12_14-14-52.jpg to ./images
2025-02-03 09:32:25 - INFO - Copied photo_2022-10-12_14-14-19.jpg to ./images
2025-02-03 09:32:25 - INFO - Copied photo_2022-10-06_09-23-46.jpg to ./images
2025-02-03 09:32:25 - INFO - Copied photo_2022-10-03_05-16-30.jpg to ./images
2025-02-03 09:32:25 - INFO - Copied photo_2022-09-30_07-33-42.jpg to ./images
2025-02-03 09:32:25 - INFO - Copied photo_2022-09-28_05-45-31.jpg to ./images
2025-02-03 09:32:26 - INFO - Copied photo_2022-09-16_07-42-31.jpg to ./images
2025-02-03 09:32:26 - INFO - Copied photo_2022-09-10_15-55-25.jpg to ./images
2025-02-03 09:32:26 - INFO - Copied photo_2022-09-07_09-16-40.jpg to ./images
2025-02-03 09:32:26 - INFO - Copied photo_2022-09-06_04-26-15.jpg to ./images
2025-02-03 09:32:26 - WARNING - File not found: no media
2025-02-03 09:32:26 - WARNING - File not found: no media
2025-02-03 09:32:26 - WARNING - File not found: no media
2025-02-03 09:32:26 - INFO - Copied photo_2022-09-05_10-02-05.jpg to ./images
2025-02-03 09:32:26 - INFO - Copied photo_2022-09-05_09-57-09.jpg to ./images
2025-02-03 09:32:26 - WARNING - File not found: no media
2025-02-03 09:32:26 - INFO - Copied photo_2025-01-31_05-30-28.jpg to ./images
2025-02-03 09:32:26 - INFO - Copied photo_2025-01-31_05-30-28 (1).jpg to ./images
2025-02-03 09:32:26 - INFO - Copied photo_2025-01-31_05-30-28 (2).jpg to ./images
2025-02-03 09:32:26 - INFO - Copied photo_2025-01-31_05-30-28 (3).jpg to ./images
2025-02-03 09:32:26 - INFO - Copied photo_2025-01-31_05-30-28 (4).jpg to ./images
2025-02-03 09:32:26 - INFO - Copied photo_2025-01-31_05-30-28 (5).jpg to ./images
2025-02-03 09:32:26 - INFO - Copied photo_2025-01-31_05-30-28 (6).jpg to ./images
2025-02-03 09:32:26 - INFO - Copied photo_2025-01-31_05-30-28 (7).jpg to ./images
2025-02-03 09:32:26 - INFO - Copied photo_2025-01-30_14-11-12.jpg to ./images
2025-02-03 09:32:26 - INFO - Copied photo_2025-01-30_14-11-11.jpg to ./images
2025-02-03 09:32:26 - INFO - Copied photo_2025-01-30_14-11-11 (1).jpg to ./images
2025-02-03 09:32:26 - INFO - Copied photo_2025-01-30_14-11-11 (2).jpg to ./images
2025-02-03 09:32:26 - INFO - Copied photo_2025-01-30_13-04-17.jpg to ./images
2025-02-03 09:32:26 - INFO - Copied photo_2025-01-30_13-04-01.jpg to ./images
2025-02-03 09:32:26 - INFO - Copied photo_2025-01-30_09-07-32.jpg to ./images
2025-02-03 09:32:26 - INFO - Copied photo_2025-01-30_09-07-32 (1).jpg to ./images
2025-02-03 09:32:26 - INFO - Copied photo_2025-01-30_06-32-30.jpg to ./images
2025-02-03 09:32:26 - INFO - Copied photo_2025-01-30_06-32-30 (1).jpg to ./images
2025-02-03 09:32:26 - INFO - Copied photo_2025-01-30_06-32-30 (2).jpg to ./images
2025-02-03 09:32:26 - INFO - Copied photo_2025-01-30_06-32-30 (3).jpg to ./images
2025-02-03 09:32:26 - INFO - Copied photo_2025-01-30_06-32-30 (4).jpg to ./images
2025-02-03 09:32:26 - INFO - Copied photo_2025-01-30_06-32-30 (5).jpg to ./images
2025-02-03 09:32:26 - INFO - Copied photo_2025-01-30_06-32-30 (6).jpg to ./images
2025-02-03 09:32:26 - INFO - Copied photo_2025-01-30_06-32-30 (7).jpg to ./images
2025-02-03 09:32:26 - INFO - Copied photo_2025-01-30_06-32-30 (8).jpg to ./images
2025-02-03 09:32:26 - INFO - Copied photo_2025-01-30_06-32-30 (9).jpg to ./images
2025-02-03 09:32:26 - INFO - Copied photo_2025-01-30_06-32-30 (10).jpg to ./images
2025-02-03 09:32:26 - INFO - Copied photo_2025-01-30_06-32-30 (11).jpg to ./images
2025-02-03 09:32:26 - INFO - Copied photo_2025-01-30_06-32-30 (12).jpg to ./images
2025-02-03 09:32:26 - INFO - Copied photo_2025-01-30_06-32-30 (13).jpg to ./images
2025-02-03 09:32:26 - INFO - Copied photo_2025-01-30_06-32-30 (14).jpg to ./images
2025-02-03 09:32:26 - INFO - Copied photo_2025-01-30_06-32-30 (15).jpg to ./images
2025-02-03 09:32:26 - INFO - Copied photo_2025-01-30_06-32-30 (16).jpg to ./images
2025-02-03 09:32:26 - INFO - Copied photo_2025-01-30_06-32-30 (17).jpg to ./images
2025-02-03 09:32:26 - INFO - Copied photo_2025-01-30_06-32-29.jpg to ./images
2025-02-03 09:32:26 - INFO - Copied photo_2025-01-30_06-32-29 (1).jpg to ./images
2025-02-03 09:32:26 - INFO - Copied photo_2025-01-30_06-32-29 (2).jpg to ./images
2025-02-03 09:32:26 - INFO - Copied photo_2025-01-30_06-32-29 (3).jpg to ./images
2025-02-03 09:32:26 - INFO - Copied photo_2025-01-29_13-01-26.jpg to ./images
2025-02-03 09:32:26 - INFO - Copied photo_2025-01-29_13-01-26 (1).jpg to ./images
2025-02-03 09:32:26 - INFO - Copied photo_2025-01-29_13-01-26 (2).jpg to ./images
2025-02-03 09:32:26 - INFO - Copied photo_2025-01-29_13-01-26 (3).jpg to ./images
2025-02-03 09:32:26 - INFO - Copied photo_2025-01-29_13-01-26 (4).jpg to ./images
2025-02-03 09:32:26 - INFO - Copied photo_2025-01-29_13-01-26 (5).jpg to ./images
2025-02-03 09:32:26 - INFO - Copied photo_2025-01-29_13-01-26 (6).jpg to ./images
2025-02-03 09:32:26 - INFO - Copied photo_2025-01-29_13-01-26 (7).jpg to ./images
2025-02-03 09:32:26 - INFO - Copied photo_2025-01-29_12-59-56.jpg to ./images
2025-02-03 09:32:26 - INFO - Copied photo_2025-01-29_05-03-04.jpg to ./images
2025-02-03 09:32:26 - INFO - Copied photo_2025-01-29_05-03-03.jpg to ./images
2025-02-03 09:32:26 - INFO - Copied photo_2025-01-29_05-03-03 (1).jpg to ./images
2025-02-03 09:32:26 - INFO - Copied photo_2025-01-29_05-03-03 (2).jpg to ./images
2025-02-03 09:32:26 - INFO - Copied photo_2025-01-29_05-03-03 (3).jpg to ./images
2025-02-03 09:32:26 - INFO - Copied photo_2025-01-29_05-03-03 (4).jpg to ./images
2025-02-03 09:32:26 - INFO - Copied photo_2025-01-29_05-03-03 (5).jpg to ./images
2025-02-03 09:32:27 - INFO - Copied photo_2025-01-29_05-02-10.jpg to ./images
2025-02-03 09:32:27 - INFO - Copied photo_2025-01-28_14-36-31.jpg to ./images
2025-02-03 09:32:27 - INFO - Copied photo_2025-01-28_14-36-31 (1).jpg to ./images
2025-02-03 09:32:27 - INFO - Copied photo_2025-01-28_14-36-31 (2).jpg to ./images
2025-02-03 09:32:27 - INFO - Copied photo_2025-01-28_14-36-31 (3).jpg to ./images
2025-02-03 09:32:27 - INFO - Copied photo_2025-01-28_14-36-31 (4).jpg to ./images
2025-02-03 09:32:27 - INFO - Copied photo_2025-01-28_14-36-31 (5).jpg to ./images
2025-02-03 09:32:27 - INFO - Copied photo_2025-01-28_14-36-31 (6).jpg to ./images
2025-02-03 09:32:27 - INFO - Copied photo_2025-01-28_14-36-31 (7).jpg to ./images
2025-02-03 09:32:27 - INFO - Copied photo_2025-01-28_14-36-30.jpg to ./images
2025-02-03 09:32:27 - INFO - Copied photo_2025-01-28_14-36-30 (1).jpg to ./images
2025-02-03 09:32:27 - INFO - Copied photo_2025-01-28_14-36-30 (2).jpg to ./images
2025-02-03 09:32:27 - INFO - Copied photo_2025-01-28_14-36-30 (3).jpg to ./images
2025-02-03 09:32:28 - INFO - Copied photo_2025-01-28_14-36-30 (4).jpg to ./images
2025-02-03 09:32:28 - INFO - Copied photo_2025-01-28_10-54-52.jpg to ./images
2025-02-03 09:32:28 - INFO - Copied photo_2025-01-28_10-54-52 (1).jpg to ./images
2025-02-03 09:32:28 - INFO - Copied photo_2025-01-28_10-54-52 (2).jpg to ./images
2025-02-03 09:32:28 - INFO - Copied photo_2025-01-28_10-54-52 (3).jpg to ./images
2025-02-03 09:32:28 - INFO - Copied photo_2025-01-28_10-54-52 (4).jpg to ./images
2025-02-03 09:32:28 - INFO - Copied photo_2025-01-28_10-54-52 (5).jpg to ./images
2025-02-03 09:32:28 - INFO - Copied photo_2025-01-28_07-55-08.jpg to ./images
2025-02-03 09:32:28 - INFO - Copied photo_2025-01-28_07-54-59.jpg to ./images
2025-02-03 09:32:28 - INFO - Copied photo_2025-01-28_07-54-59 (1).jpg to ./images
2025-02-03 09:32:28 - INFO - Copied photo_2025-01-28_07-54-59 (2).jpg to ./images
2025-02-03 09:32:28 - INFO - Copied photo_2025-01-28_07-54-59 (3).jpg to ./images
2025-02-03 09:32:28 - INFO - Copied photo_2025-01-28_07-54-59 (4).jpg to ./images
2025-02-03 09:32:28 - INFO - Copied photo_2025-01-28_07-54-59 (5).jpg to ./images
2025-02-03 09:32:28 - INFO - Copied photo_2025-01-28_07-54-59 (6).jpg to ./images
2025-02-03 09:32:28 - INFO - Copied photo_2025-01-28_07-54-58.jpg to ./images
2025-02-03 09:32:28 - INFO - Copied photo_2025-01-28_07-54-58 (1).jpg to ./images
2025-02-03 09:32:28 - INFO - Copied photo_2025-01-28_05-19-58.jpg to ./images
2025-02-03 09:32:28 - INFO - Copied photo_2025-01-28_05-19-58 (1).jpg to ./images
2025-02-03 09:32:28 - INFO - Copied photo_2025-01-28_05-19-58 (2).jpg to ./images
2025-02-03 09:32:28 - INFO - Copied photo_2025-01-28_05-19-58 (3).jpg to ./images
2025-02-03 09:32:28 - INFO - Copied photo_2025-01-28_05-19-58 (4).jpg to ./images
2025-02-03 09:32:28 - INFO - Copied photo_2025-01-28_05-19-58 (5).jpg to ./images
2025-02-03 09:32:28 - INFO - Copied photo_2025-01-28_05-19-58 (6).jpg to ./images
2025-02-03 09:32:28 - INFO - Copied photo_2025-01-28_05-19-58 (7).jpg to ./images
2025-02-03 09:32:28 - INFO - Copied photo_2025-01-28_05-19-58 (8).jpg to ./images
2025-02-03 09:32:28 - INFO - Copied photo_2025-01-28_05-19-58 (9).jpg to ./images
2025-02-03 09:32:28 - INFO - Copied photo_2025-01-28_05-19-58 (10).jpg to ./images
2025-02-03 09:32:28 - INFO - Copied photo_2025-01-28_05-19-58 (11).jpg to ./images
2025-02-03 09:32:28 - INFO - Copied photo_2025-01-28_05-19-58 (12).jpg to ./images
2025-02-03 09:32:28 - INFO - Copied photo_2025-01-28_05-19-58 (13).jpg to ./images
2025-02-03 09:32:28 - INFO - Copied photo_2025-01-28_05-19-58 (14).jpg to ./images
2025-02-03 09:32:28 - INFO - Copied photo_2025-01-28_05-19-58 (15).jpg to ./images
2025-02-03 09:32:28 - INFO - Copied photo_2025-01-28_05-19-57.jpg to ./images
2025-02-03 09:32:28 - INFO - Copied photo_2025-01-28_05-19-57 (1).jpg to ./images
2025-02-03 09:32:28 - INFO - Copied photo_2025-01-28_05-19-57 (2).jpg to ./images
2025-02-03 09:32:28 - INFO - Copied photo_2025-01-28_05-19-57 (3).jpg to ./images
2025-02-03 09:32:28 - INFO - Copied photo_2025-01-27_05-34-03.jpg to ./images
2025-02-03 09:32:28 - INFO - Copied photo_2025-01-27_05-34-03 (1).jpg to ./images
2025-02-03 09:32:28 - INFO - Copied photo_2025-01-27_05-34-03 (2).jpg to ./images
2025-02-03 09:32:28 - INFO - Copied photo_2025-01-27_05-34-03 (3).jpg to ./images
2025-02-03 09:32:28 - INFO - Copied photo_2025-01-27_05-34-03 (4).jpg to ./images
2025-02-03 09:32:28 - INFO - Copied photo_2025-01-27_05-34-03 (5).jpg to ./images
2025-02-03 09:32:28 - INFO - Copied photo_2025-01-27_05-34-03 (6).jpg to ./images
2025-02-03 09:32:28 - INFO - Copied photo_2025-01-27_05-34-02.jpg to ./images
2025-02-03 09:32:28 - INFO - Copied photo_2025-01-27_05-34-02 (1).jpg to ./images
2025-02-03 09:32:28 - INFO - Copied photo_2025-01-27_05-34-02 (2).jpg to ./images
2025-02-03 09:32:28 - INFO - Copied photo_2025-01-27_05-34-02 (3).jpg to ./images
2025-02-03 09:32:28 - INFO - Copied photo_2025-01-27_05-34-02 (4).jpg to ./images
2025-02-03 09:32:28 - INFO - Copied photo_2025-01-27_05-34-02 (5).jpg to ./images
2025-02-03 09:32:28 - INFO - Copied photo_2025-01-27_05-34-02 (6).jpg to ./images
2025-02-03 09:32:28 - INFO - Copied photo_2025-01-27_05-34-02 (7).jpg to ./images
2025-02-03 09:32:28 - INFO - Copied photo_2025-01-26_07-33-25.jpg to ./images
2025-02-03 09:32:28 - INFO - Copied photo_2025-01-26_07-33-25 (1).jpg to ./images
2025-02-03 09:32:28 - INFO - Copied photo_2025-01-26_07-33-25 (2).jpg to ./images
2025-02-03 09:32:28 - INFO - Copied photo_2025-01-26_07-33-25 (3).jpg to ./images
2025-02-03 09:32:28 - INFO - Copied photo_2025-01-26_07-33-25 (4).jpg to ./images
2025-02-03 09:32:28 - INFO - Copied photo_2025-01-26_07-33-25 (5).jpg to ./images
2025-02-03 09:32:28 - INFO - Copied photo_2025-01-26_07-33-25 (6).jpg to ./images
2025-02-03 09:32:28 - INFO - Copied photo_2025-01-26_07-33-25 (7).jpg to ./images
2025-02-03 09:32:28 - INFO - Copied photo_2025-01-26_07-33-25 (8).jpg to ./images
2025-02-03 09:32:28 - INFO - Copied photo_2025-01-26_07-33-25 (9).jpg to ./images
2025-02-03 09:32:28 - INFO - Copied photo_2025-01-26_07-33-24.jpg to ./images
2025-02-03 09:32:28 - INFO - Copied photo_2025-01-25_03-50-14.jpg to ./images
2025-02-03 09:32:28 - INFO - Copied photo_2025-01-25_03-50-14 (1).jpg to ./images
2025-02-03 09:32:28 - INFO - Copied photo_2025-01-25_03-50-14 (2).jpg to ./images
2025-02-03 09:32:28 - INFO - Copied photo_2025-01-25_03-50-14 (3).jpg to ./images
2025-02-03 09:32:28 - INFO - Copied photo_2025-01-25_03-50-14 (4).jpg to ./images
2025-02-03 09:32:28 - INFO - Copied photo_2025-01-25_03-50-14 (5).jpg to ./images
2025-02-03 09:32:28 - INFO - Copied photo_2025-01-25_03-50-14 (6).jpg to ./images
2025-02-03 09:32:28 - INFO - Copied photo_2025-01-25_03-50-14 (7).jpg to ./images
2025-02-03 09:32:28 - INFO - Copied photo_2025-01-25_03-50-14 (8).jpg to ./images
2025-02-03 09:32:28 - INFO - Copied photo_2025-01-25_03-50-14 (9).jpg to ./images
2025-02-03 09:32:28 - INFO - Copied photo_2025-01-25_03-50-14 (10).jpg to ./images
2025-02-03 09:32:28 - INFO - Copied photo_2025-01-25_03-50-14 (11).jpg to ./images
2025-02-03 09:32:28 - INFO - Copied photo_2025-01-25_03-50-13.jpg to ./images
2025-02-03 09:32:28 - INFO - Copied photo_2025-01-25_03-50-13 (1).jpg to ./images
2025-02-03 09:32:28 - INFO - Copied photo_2025-01-25_03-50-13 (2).jpg to ./images
2025-02-03 09:32:28 - INFO - Copied photo_2025-01-25_03-50-13 (3).jpg to ./images
2025-02-03 09:32:28 - INFO - Copied photo_2025-01-24_14-01-14.jpg to ./images
2025-02-03 09:32:28 - INFO - Copied photo_2025-01-24_12-44-47.jpg to ./images
2025-02-03 09:32:28 - INFO - Copied photo_2025-01-24_12-44-47 (1).jpg to ./images
2025-02-03 09:32:28 - INFO - Copied photo_2025-01-24_12-44-46.jpg to ./images
2025-02-03 09:32:28 - INFO - Copied photo_2025-01-24_11-39-43.jpg to ./images
2025-02-03 09:32:28 - INFO - Copied photo_2025-01-24_11-39-43 (1).jpg to ./images
2025-02-03 09:32:28 - INFO - Copied photo_2025-01-24_11-39-43 (2).jpg to ./images
2025-02-03 09:32:28 - INFO - Copied photo_2025-01-24_11-39-43 (3).jpg to ./images
2025-02-03 09:32:28 - INFO - Copied photo_2025-01-24_11-39-43 (4).jpg to ./images
2025-02-03 09:32:28 - INFO - Copied photo_2025-01-24_11-39-43 (5).jpg to ./images
2025-02-03 09:32:28 - INFO - Copied photo_2025-01-24_11-39-43 (6).jpg to ./images
2025-02-03 09:32:28 - INFO - Copied photo_2025-01-24_11-39-43 (7).jpg to ./images
2025-02-03 09:32:28 - INFO - Copied photo_2025-01-24_05-59-39.jpg to ./images
2025-02-03 09:32:28 - INFO - Copied photo_2025-01-24_05-59-28.jpg to ./images
2025-02-03 09:32:28 - INFO - Copied photo_2025-01-24_05-59-28 (1).jpg to ./images
2025-02-03 09:32:28 - INFO - Copied photo_2025-01-24_05-59-28 (2).jpg to ./images
2025-02-03 09:32:28 - INFO - Copied photo_2025-01-24_05-59-28 (3).jpg to ./images
2025-02-03 09:32:28 - INFO - Copied photo_2025-01-24_05-59-28 (4).jpg to ./images
2025-02-03 09:32:28 - INFO - Copied photo_2025-01-24_05-59-28 (5).jpg to ./images
2025-02-03 09:32:28 - INFO - Copied photo_2025-01-24_05-59-28 (6).jpg to ./images
2025-02-03 09:32:28 - INFO - Copied photo_2025-01-24_05-59-28 (7).jpg to ./images
2025-02-03 09:32:28 - INFO - Copied photo_2025-01-24_05-59-28 (8).jpg to ./images
2025-02-03 09:32:28 - INFO - Copied photo_2025-01-24_05-58-43.jpg to ./images
2025-02-03 09:32:28 - INFO - Copied photo_2025-01-23_12-17-08.jpg to ./images
2025-02-03 09:32:28 - INFO - Copied photo_2025-01-23_12-17-08 (1).jpg to ./images
2025-02-03 09:32:28 - INFO - Copied photo_2025-01-23_12-17-08 (2).jpg to ./images
2025-02-03 09:32:28 - INFO - Copied photo_2025-01-23_12-17-08 (3).jpg to ./images
2025-02-03 09:32:28 - INFO - Copied photo_2025-01-23_12-17-08 (4).jpg to ./images
2025-02-03 09:32:28 - INFO - Copied photo_2025-01-23_12-17-08 (5).jpg to ./images
2025-02-03 09:32:28 - INFO - Copied photo_2025-01-23_12-17-08 (6).jpg to ./images
2025-02-03 09:32:28 - INFO - Copied photo_2025-01-23_12-17-08 (7).jpg to ./images
2025-02-03 09:32:28 - INFO - Copied photo_2025-01-23_12-17-07.jpg to ./images
2025-02-03 09:32:28 - INFO - Copied photo_2025-01-23_10-58-37.jpg to ./images
2025-02-03 09:32:28 - INFO - Copied photo_2025-01-23_10-58-37 (1).jpg to ./images
2025-02-03 09:32:28 - INFO - Copied photo_2025-01-23_10-58-37 (2).jpg to ./images
2025-02-03 09:32:28 - INFO - Copied photo_2025-01-23_10-58-37 (3).jpg to ./images
2025-02-03 09:32:28 - INFO - Copied photo_2025-01-23_10-58-37 (4).jpg to ./images
2025-02-03 09:32:28 - INFO - Copied photo_2025-01-23_10-58-37 (5).jpg to ./images
2025-02-03 09:32:28 - INFO - Copied photo_2025-01-23_05-01-22.jpg to ./images
2025-02-03 09:32:28 - INFO - Copied photo_2025-01-23_05-01-22 (1).jpg to ./images
2025-02-03 09:32:28 - INFO - Copied photo_2025-01-23_05-01-22 (2).jpg to ./images
2025-02-03 09:32:28 - INFO - Copied photo_2025-01-23_05-01-22 (3).jpg to ./images
2025-02-03 09:32:28 - INFO - Copied photo_2025-01-23_05-01-22 (4).jpg to ./images
2025-02-03 09:32:28 - INFO - Copied photo_2025-01-23_05-01-22 (5).jpg to ./images
2025-02-03 09:32:28 - INFO - Copied photo_2025-01-23_05-01-22 (6).jpg to ./images
2025-02-03 09:32:28 - INFO - Copied photo_2025-01-23_05-01-22 (7).jpg to ./images
2025-02-03 09:32:28 - INFO - Copied photo_2025-01-23_05-01-22 (8).jpg to ./images
2025-02-03 09:32:28 - INFO - Copied photo_2025-01-23_05-01-22 (9).jpg to ./images
2025-02-03 09:32:28 - INFO - Copied photo_2025-01-23_05-01-22 (10).jpg to ./images
2025-02-03 09:32:28 - INFO - Copied photo_2025-01-23_05-01-22 (11).jpg to ./images
2025-02-03 09:32:28 - INFO - Copied photo_2025-01-22_11-15-33.jpg to ./images
2025-02-03 09:32:28 - INFO - Copied photo_2025-01-22_11-15-33 (1).jpg to ./images
2025-02-03 09:32:28 - INFO - Copied photo_2025-01-22_11-15-33 (2).jpg to ./images
2025-02-03 09:32:28 - INFO - Copied photo_2025-01-22_11-15-33 (3).jpg to ./images
2025-02-03 09:32:28 - INFO - Script completed successfully.
