2025-02-03 15:09:29,544 - INFO - Loading YOLOv5 model...
2025-02-03 15:09:33,072 - INFO - NumExpr defaulting to 8 threads.
2025-02-03 15:09:44,386 - INFO - Model loaded successfully.
2025-02-03 15:09:44,387 - INFO - Processing images in './images' folder...
2025-02-03 15:09:44,406 - INFO - Running detection on photo_2022-09-05_09-57-09.jpg...
2025-02-03 15:09:44,811 - INFO - Saved detected image: ./images/detected_images\photo_2022-09-05_09-57-09.jpg
2025-02-03 15:09:44,812 - INFO - Saved labels for photo_2022-09-05_09-57-09.jpg: 11 objects detected.
2025-02-03 15:09:44,839 - INFO - Running detection on photo_2022-09-05_10-02-05.jpg...
2025-02-03 15:09:45,255 - INFO - Saved detected image: ./images/detected_images\photo_2022-09-05_10-02-05.jpg
2025-02-03 15:09:45,256 - INFO - Saved labels for photo_2022-09-05_10-02-05.jpg: 0 objects detected.
2025-02-03 15:09:45,270 - INFO - Running detection on photo_2022-09-06_04-26-15.jpg...
2025-02-03 15:09:45,534 - INFO - Saved detected image: ./images/detected_images\photo_2022-09-06_04-26-15.jpg
2025-02-03 15:09:45,535 - INFO - Saved labels for photo_2022-09-06_04-26-15.jpg: 11 objects detected.
2025-02-03 15:09:45,570 - INFO - Running detection on photo_2022-09-07_09-16-40.jpg...
2025-02-03 15:09:45,877 - INFO - Saved detected image: ./images/detected_images\photo_2022-09-07_09-16-40.jpg
2025-02-03 15:09:45,878 - INFO - Saved labels for photo_2022-09-07_09-16-40.jpg: 1 objects detected.
2025-02-03 15:09:45,911 - INFO - Running detection on photo_2022-09-10_15-55-25.jpg...
2025-02-03 15:09:46,222 - INFO - Saved detected image: ./images/detected_images\photo_2022-09-10_15-55-25.jpg
2025-02-03 15:09:46,260 - INFO - Saved labels for photo_2022-09-10_15-55-25.jpg: 0 objects detected.
2025-02-03 15:09:46,302 - INFO - Running detection on photo_2022-09-16_07-42-31.jpg...
2025-02-03 15:09:46,606 - INFO - Saved detected image: ./images/detected_images\photo_2022-09-16_07-42-31.jpg
2025-02-03 15:09:46,607 - INFO - Saved labels for photo_2022-09-16_07-42-31.jpg: 3 objects detected.
2025-02-03 15:09:46,628 - INFO - Running detection on photo_2022-09-28_05-45-31.jpg...
2025-02-03 15:09:46,848 - INFO - Saved detected image: ./images/detected_images\photo_2022-09-28_05-45-31.jpg
2025-02-03 15:09:46,849 - INFO - Saved labels for photo_2022-09-28_05-45-31.jpg: 0 objects detected.
2025-02-03 15:09:46,879 - INFO - Running detection on photo_2022-09-30_07-33-42.jpg...
2025-02-03 15:09:47,170 - INFO - Saved detected image: ./images/detected_images\photo_2022-09-30_07-33-42.jpg
2025-02-03 15:09:47,171 - INFO - Saved labels for photo_2022-09-30_07-33-42.jpg: 0 objects detected.
2025-02-03 15:09:47,202 - INFO - Running detection on photo_2022-10-03_05-16-30.jpg...
2025-02-03 15:09:47,448 - INFO - Saved detected image: ./images/detected_images\photo_2022-10-03_05-16-30.jpg
2025-02-03 15:09:47,449 - INFO - Saved labels for photo_2022-10-03_05-16-30.jpg: 10 objects detected.
2025-02-03 15:09:47,464 - INFO - Running detection on photo_2022-10-06_09-23-46.jpg...
2025-02-03 15:09:47,687 - INFO - Saved detected image: ./images/detected_images\photo_2022-10-06_09-23-46.jpg
2025-02-03 15:09:47,688 - INFO - Saved labels for photo_2022-10-06_09-23-46.jpg: 0 objects detected.
2025-02-03 15:09:47,713 - INFO - Running detection on photo_2022-10-12_14-14-19.jpg...
2025-02-03 15:09:47,933 - INFO - Saved detected image: ./images/detected_images\photo_2022-10-12_14-14-19.jpg
2025-02-03 15:09:47,934 - INFO - Saved labels for photo_2022-10-12_14-14-19.jpg: 4 objects detected.
2025-02-03 15:09:47,960 - INFO - Running detection on photo_2022-10-12_14-14-52.jpg...
2025-02-03 15:09:48,160 - INFO - Saved detected image: ./images/detected_images\photo_2022-10-12_14-14-52.jpg
2025-02-03 15:09:48,161 - INFO - Saved labels for photo_2022-10-12_14-14-52.jpg: 4 objects detected.
2025-02-03 15:09:48,187 - INFO - Running detection on photo_2022-10-17_14-02-40.jpg...
2025-02-03 15:09:48,549 - INFO - Saved detected image: ./images/detected_images\photo_2022-10-17_14-02-40.jpg
2025-02-03 15:09:48,550 - INFO - Saved labels for photo_2022-10-17_14-02-40.jpg: 0 objects detected.
2025-02-03 15:09:48,568 - INFO - Running detection on photo_2022-10-18_07-57-36.jpg...
2025-02-03 15:09:48,779 - INFO - Saved detected image: ./images/detected_images\photo_2022-10-18_07-57-36.jpg
2025-02-03 15:09:48,780 - INFO - Saved labels for photo_2022-10-18_07-57-36.jpg: 2 objects detected.
2025-02-03 15:09:48,786 - INFO - Running detection on photo_2022-10-20_12-24-01.jpg...
2025-02-03 15:09:49,001 - INFO - Saved detected image: ./images/detected_images\photo_2022-10-20_12-24-01.jpg
2025-02-03 15:09:49,002 - INFO - Saved labels for photo_2022-10-20_12-24-01.jpg: 0 objects detected.
2025-02-03 15:09:49,023 - INFO - Running detection on photo_2022-10-24_09-34-19.jpg...
2025-02-03 15:09:49,240 - INFO - Saved detected image: ./images/detected_images\photo_2022-10-24_09-34-19.jpg
2025-02-03 15:09:49,241 - INFO - Saved labels for photo_2022-10-24_09-34-19.jpg: 2 objects detected.
2025-02-03 15:09:49,270 - INFO - Running detection on photo_2022-10-28_06-49-36.jpg...
2025-02-03 15:09:49,502 - INFO - Saved detected image: ./images/detected_images\photo_2022-10-28_06-49-36.jpg
2025-02-03 15:09:49,502 - INFO - Saved labels for photo_2022-10-28_06-49-36.jpg: 1 objects detected.
2025-02-03 15:09:49,508 - INFO - Running detection on photo_2022-10-28_09-15-09.jpg...
2025-02-03 15:09:49,723 - INFO - Saved detected image: ./images/detected_images\photo_2022-10-28_09-15-09.jpg
2025-02-03 15:09:49,724 - INFO - Saved labels for photo_2022-10-28_09-15-09.jpg: 0 objects detected.
2025-02-03 15:09:49,756 - INFO - Running detection on photo_2022-10-29_20-26-28.jpg...
2025-02-03 15:09:49,977 - INFO - Saved detected image: ./images/detected_images\photo_2022-10-29_20-26-28.jpg
2025-02-03 15:09:49,978 - INFO - Saved labels for photo_2022-10-29_20-26-28.jpg: 3 objects detected.
2025-02-03 15:09:49,990 - INFO - Running detection on photo_2022-11-09_08-53-25.jpg...
2025-02-03 15:09:50,213 - INFO - Saved detected image: ./images/detected_images\photo_2022-11-09_08-53-25.jpg
2025-02-03 15:09:50,214 - INFO - Saved labels for photo_2022-11-09_08-53-25.jpg: 2 objects detected.
2025-02-03 15:09:50,235 - INFO - Running detection on photo_2022-11-15_05-24-41.jpg...
2025-02-03 15:09:50,438 - INFO - Saved detected image: ./images/detected_images\photo_2022-11-15_05-24-41.jpg
2025-02-03 15:09:50,438 - INFO - Saved labels for photo_2022-11-15_05-24-41.jpg: 10 objects detected.
2025-02-03 15:09:50,453 - INFO - Running detection on photo_2022-11-15_08-17-41.jpg...
2025-02-03 15:09:50,677 - INFO - Saved detected image: ./images/detected_images\photo_2022-11-15_08-17-41.jpg
2025-02-03 15:09:50,678 - INFO - Saved labels for photo_2022-11-15_08-17-41.jpg: 0 objects detected.
2025-02-03 15:09:50,706 - INFO - Running detection on photo_2022-11-15_11-51-16.jpg...
2025-02-03 15:09:50,970 - INFO - Saved detected image: ./images/detected_images\photo_2022-11-15_11-51-16.jpg
2025-02-03 15:09:50,970 - INFO - Saved labels for photo_2022-11-15_11-51-16.jpg: 0 objects detected.
2025-02-03 15:09:50,976 - INFO - Running detection on photo_2022-11-22_08-15-47.jpg...
2025-02-03 15:09:51,217 - INFO - Saved detected image: ./images/detected_images\photo_2022-11-22_08-15-47.jpg
2025-02-03 15:09:51,218 - INFO - Saved labels for photo_2022-11-22_08-15-47.jpg: 0 objects detected.
2025-02-03 15:09:51,238 - INFO - Running detection on photo_2022-11-29_07-43-06.jpg...
2025-02-03 15:09:51,534 - INFO - Saved detected image: ./images/detected_images\photo_2022-11-29_07-43-06.jpg
2025-02-03 15:09:51,535 - INFO - Saved labels for photo_2022-11-29_07-43-06.jpg: 2 objects detected.
2025-02-03 15:09:51,559 - INFO - Running detection on photo_2022-11-30_06-31-44.jpg...
2025-02-03 15:09:51,769 - INFO - Saved detected image: ./images/detected_images\photo_2022-11-30_06-31-44.jpg
2025-02-03 15:09:51,770 - INFO - Saved labels for photo_2022-11-30_06-31-44.jpg: 8 objects detected.
2025-02-03 15:09:51,791 - INFO - Running detection on photo_2022-12-01_06-47-22.jpg...
2025-02-03 15:09:52,033 - INFO - Saved detected image: ./images/detected_images\photo_2022-12-01_06-47-22.jpg
2025-02-03 15:09:52,034 - INFO - Saved labels for photo_2022-12-01_06-47-22.jpg: 5 objects detected.
2025-02-03 15:09:52,068 - INFO - Running detection on photo_2022-12-02_06-06-12.jpg...
2025-02-03 15:09:52,502 - INFO - Saved detected image: ./images/detected_images\photo_2022-12-02_06-06-12.jpg
2025-02-03 15:09:52,503 - INFO - Saved labels for photo_2022-12-02_06-06-12.jpg: 2 objects detected.
2025-02-03 15:09:52,523 - INFO - Running detection on photo_2022-12-02_13-44-41.jpg...
2025-02-03 15:09:52,904 - INFO - Saved detected image: ./images/detected_images\photo_2022-12-02_13-44-41.jpg
2025-02-03 15:09:52,905 - INFO - Saved labels for photo_2022-12-02_13-44-41.jpg: 3 objects detected.
2025-02-03 15:09:52,931 - INFO - Running detection on photo_2022-12-04_12-35-18.jpg...
2025-02-03 15:09:53,151 - INFO - Saved detected image: ./images/detected_images\photo_2022-12-04_12-35-18.jpg
2025-02-03 15:09:53,152 - INFO - Saved labels for photo_2022-12-04_12-35-18.jpg: 2 objects detected.
2025-02-03 15:09:53,171 - INFO - Running detection on photo_2022-12-05_05-57-22.jpg...
2025-02-03 15:09:53,431 - INFO - Saved detected image: ./images/detected_images\photo_2022-12-05_05-57-22.jpg
2025-02-03 15:09:53,431 - INFO - Saved labels for photo_2022-12-05_05-57-22.jpg: 2 objects detected.
2025-02-03 15:09:53,441 - INFO - Running detection on photo_2022-12-07_06-43-48.jpg...
2025-02-03 15:09:53,701 - INFO - Saved detected image: ./images/detected_images\photo_2022-12-07_06-43-48.jpg
2025-02-03 15:09:53,702 - INFO - Saved labels for photo_2022-12-07_06-43-48.jpg: 1 objects detected.
2025-02-03 15:09:53,738 - INFO - Running detection on photo_2022-12-09_04-09-49.jpg...
2025-02-03 15:09:54,109 - INFO - Saved detected image: ./images/detected_images\photo_2022-12-09_04-09-49.jpg
2025-02-03 15:09:54,110 - INFO - Saved labels for photo_2022-12-09_04-09-49.jpg: 1 objects detected.
2025-02-03 15:09:54,135 - INFO - Running detection on photo_2022-12-09_12-28-53.jpg...
2025-02-03 15:09:54,639 - INFO - Saved detected image: ./images/detected_images\photo_2022-12-09_12-28-53.jpg
2025-02-03 15:09:54,640 - INFO - Saved labels for photo_2022-12-09_12-28-53.jpg: 2 objects detected.
2025-02-03 15:09:54,657 - INFO - Running detection on photo_2022-12-13_05-55-18.jpg...
2025-02-03 15:09:55,055 - INFO - Saved detected image: ./images/detected_images\photo_2022-12-13_05-55-18.jpg
2025-02-03 15:09:55,056 - INFO - Saved labels for photo_2022-12-13_05-55-18.jpg: 0 objects detected.
2025-02-03 15:09:55,071 - INFO - Running detection on photo_2022-12-16_12-21-01.jpg...
2025-02-03 15:09:55,561 - INFO - Saved detected image: ./images/detected_images\photo_2022-12-16_12-21-01.jpg
2025-02-03 15:09:55,562 - INFO - Saved labels for photo_2022-12-16_12-21-01.jpg: 4 objects detected.
2025-02-03 15:09:55,602 - INFO - Running detection on photo_2022-12-20_07-41-33.jpg...
2025-02-03 15:09:55,900 - INFO - Saved detected image: ./images/detected_images\photo_2022-12-20_07-41-33.jpg
2025-02-03 15:09:55,901 - INFO - Saved labels for photo_2022-12-20_07-41-33.jpg: 0 objects detected.
2025-02-03 15:09:55,935 - INFO - Running detection on photo_2022-12-20_11-28-59.jpg...
2025-02-03 15:09:56,315 - INFO - Saved detected image: ./images/detected_images\photo_2022-12-20_11-28-59.jpg
2025-02-03 15:09:56,316 - INFO - Saved labels for photo_2022-12-20_11-28-59.jpg: 0 objects detected.
2025-02-03 15:09:56,364 - INFO - Running detection on photo_2022-12-20_17-25-05.jpg...
2025-02-03 15:09:56,938 - INFO - Saved detected image: ./images/detected_images\photo_2022-12-20_17-25-05.jpg
2025-02-03 15:09:56,954 - INFO - Saved labels for photo_2022-12-20_17-25-05.jpg: 1 objects detected.
2025-02-03 15:09:56,974 - INFO - Running detection on photo_2022-12-22_03-11-26.jpg...
2025-02-03 15:09:57,384 - INFO - Saved detected image: ./images/detected_images\photo_2022-12-22_03-11-26.jpg
2025-02-03 15:09:57,385 - INFO - Saved labels for photo_2022-12-22_03-11-26.jpg: 12 objects detected.
2025-02-03 15:09:57,404 - INFO - Running detection on photo_2022-12-22_06-40-25.jpg...
2025-02-03 15:09:57,765 - INFO - Saved detected image: ./images/detected_images\photo_2022-12-22_06-40-25.jpg
2025-02-03 15:09:57,815 - INFO - Saved labels for photo_2022-12-22_06-40-25.jpg: 1 objects detected.
2025-02-03 15:09:57,830 - INFO - Running detection on photo_2022-12-23_06-26-15.jpg...
2025-02-03 15:09:58,184 - INFO - Saved detected image: ./images/detected_images\photo_2022-12-23_06-26-15.jpg
2025-02-03 15:09:58,200 - INFO - Saved labels for photo_2022-12-23_06-26-15.jpg: 0 objects detected.
2025-02-03 15:09:58,225 - INFO - Running detection on photo_2022-12-27_17-06-32.jpg...
2025-02-03 15:09:58,708 - INFO - Saved detected image: ./images/detected_images\photo_2022-12-27_17-06-32.jpg
2025-02-03 15:09:58,768 - INFO - Saved labels for photo_2022-12-27_17-06-32.jpg: 3 objects detected.
2025-02-03 15:09:58,784 - INFO - Running detection on photo_2022-12-28_06-31-50.jpg...
2025-02-03 15:09:59,299 - INFO - Saved detected image: ./images/detected_images\photo_2022-12-28_06-31-50.jpg
2025-02-03 15:09:59,300 - INFO - Saved labels for photo_2022-12-28_06-31-50.jpg: 1 objects detected.
2025-02-03 15:09:59,330 - INFO - Running detection on photo_2022-12-28_17-02-08.jpg...
2025-02-03 15:09:59,849 - INFO - Saved detected image: ./images/detected_images\photo_2022-12-28_17-02-08.jpg
2025-02-03 15:10:00,074 - INFO - Saved labels for photo_2022-12-28_17-02-08.jpg: 2 objects detected.
2025-02-03 15:10:00,097 - INFO - Running detection on photo_2022-12-30_15-45-35.jpg...
2025-02-03 15:10:00,284 - INFO - Saved detected image: ./images/detected_images\photo_2022-12-30_15-45-35.jpg
2025-02-03 15:10:00,285 - INFO - Saved labels for photo_2022-12-30_15-45-35.jpg: 2 objects detected.
2025-02-03 15:10:00,307 - INFO - Running detection on photo_2023-01-02_07-02-55.jpg...
2025-02-03 15:10:00,603 - INFO - Saved detected image: ./images/detected_images\photo_2023-01-02_07-02-55.jpg
2025-02-03 15:10:00,618 - INFO - Saved labels for photo_2023-01-02_07-02-55.jpg: 1 objects detected.
2025-02-03 15:10:00,648 - INFO - Running detection on photo_2023-01-03_05-48-34.jpg...
2025-02-03 15:10:00,985 - INFO - Saved detected image: ./images/detected_images\photo_2023-01-03_05-48-34.jpg
2025-02-03 15:10:00,985 - INFO - Saved labels for photo_2023-01-03_05-48-34.jpg: 1 objects detected.
2025-02-03 15:10:01,015 - INFO - Running detection on photo_2023-01-03_17-49-48.jpg...
2025-02-03 15:10:01,256 - INFO - Saved detected image: ./images/detected_images\photo_2023-01-03_17-49-48.jpg
2025-02-03 15:10:01,344 - INFO - Saved labels for photo_2023-01-03_17-49-48.jpg: 1 objects detected.
2025-02-03 15:10:01,377 - INFO - Running detection on photo_2023-01-04_05-58-02.jpg...
2025-02-03 15:10:01,673 - INFO - Saved detected image: ./images/detected_images\photo_2023-01-04_05-58-02.jpg
2025-02-03 15:10:01,674 - INFO - Saved labels for photo_2023-01-04_05-58-02.jpg: 4 objects detected.
2025-02-03 15:10:01,707 - INFO - Running detection on photo_2023-01-06_06-05-01.jpg...
2025-02-03 15:10:01,941 - INFO - Saved detected image: ./images/detected_images\photo_2023-01-06_06-05-01.jpg
2025-02-03 15:10:01,979 - INFO - Saved labels for photo_2023-01-06_06-05-01.jpg: 2 objects detected.
2025-02-03 15:10:02,008 - INFO - Running detection on photo_2023-01-06_09-31-17.jpg...
2025-02-03 15:10:02,330 - INFO - Saved detected image: ./images/detected_images\photo_2023-01-06_09-31-17.jpg
2025-02-03 15:10:02,331 - INFO - Saved labels for photo_2023-01-06_09-31-17.jpg: 0 objects detected.
2025-02-03 15:10:02,360 - INFO - Running detection on photo_2023-01-06_16-06-21.jpg...
2025-02-03 15:10:02,630 - INFO - Saved detected image: ./images/detected_images\photo_2023-01-06_16-06-21.jpg
2025-02-03 15:10:02,636 - INFO - Saved labels for photo_2023-01-06_16-06-21.jpg: 2 objects detected.
2025-02-03 15:10:02,665 - INFO - Running detection on photo_2023-01-13_09-44-14.jpg...
2025-02-03 15:10:02,936 - INFO - Saved detected image: ./images/detected_images\photo_2023-01-13_09-44-14.jpg
2025-02-03 15:10:02,937 - INFO - Saved labels for photo_2023-01-13_09-44-14.jpg: 5 objects detected.
2025-02-03 15:10:02,964 - INFO - Running detection on photo_2023-01-13_12-48-47.jpg...
2025-02-03 15:10:03,332 - INFO - Saved detected image: ./images/detected_images\photo_2023-01-13_12-48-47.jpg
2025-02-03 15:10:03,335 - INFO - Saved labels for photo_2023-01-13_12-48-47.jpg: 4 objects detected.
2025-02-03 15:10:03,362 - INFO - Running detection on photo_2023-01-16_09-26-09.jpg...
2025-02-03 15:10:04,037 - INFO - Saved detected image: ./images/detected_images\photo_2023-01-16_09-26-09.jpg
2025-02-03 15:10:04,042 - INFO - Saved labels for photo_2023-01-16_09-26-09.jpg: 0 objects detected.
2025-02-03 15:10:04,070 - INFO - Running detection on photo_2023-01-16_10-13-42.jpg...
2025-02-03 15:10:04,374 - INFO - Saved detected image: ./images/detected_images\photo_2023-01-16_10-13-42.jpg
2025-02-03 15:10:04,823 - INFO - Saved labels for photo_2023-01-16_10-13-42.jpg: 9 objects detected.
2025-02-03 15:10:04,850 - INFO - Running detection on photo_2023-01-16_13-41-35.jpg...
2025-02-03 15:10:05,177 - INFO - Saved detected image: ./images/detected_images\photo_2023-01-16_13-41-35.jpg
2025-02-03 15:10:05,178 - INFO - Saved labels for photo_2023-01-16_13-41-35.jpg: 0 objects detected.
2025-02-03 15:10:05,202 - INFO - Running detection on photo_2023-01-17_08-43-12.jpg...
2025-02-03 15:10:05,482 - INFO - Saved detected image: ./images/detected_images\photo_2023-01-17_08-43-12.jpg
2025-02-03 15:10:05,539 - INFO - Saved labels for photo_2023-01-17_08-43-12.jpg: 0 objects detected.
2025-02-03 15:10:05,574 - INFO - Running detection on photo_2023-01-23_10-39-20.jpg...
2025-02-03 15:10:05,855 - INFO - Saved detected image: ./images/detected_images\photo_2023-01-23_10-39-20.jpg
2025-02-03 15:10:05,855 - INFO - Saved labels for photo_2023-01-23_10-39-20.jpg: 0 objects detected.
2025-02-03 15:10:05,890 - INFO - Running detection on photo_2023-01-26_18-27-53.jpg...
2025-02-03 15:10:06,200 - INFO - Saved detected image: ./images/detected_images\photo_2023-01-26_18-27-53.jpg
2025-02-03 15:10:06,221 - INFO - Saved labels for photo_2023-01-26_18-27-53.jpg: 0 objects detected.
2025-02-03 15:10:06,253 - INFO - Running detection on photo_2023-01-27_07-18-40.jpg...
2025-02-03 15:10:06,579 - INFO - Saved detected image: ./images/detected_images\photo_2023-01-27_07-18-40.jpg
2025-02-03 15:10:06,580 - INFO - Saved labels for photo_2023-01-27_07-18-40.jpg: 1 objects detected.
2025-02-03 15:10:06,610 - INFO - Running detection on photo_2023-01-30_09-45-25.jpg...
2025-02-03 15:10:07,055 - INFO - Saved detected image: ./images/detected_images\photo_2023-01-30_09-45-25.jpg
2025-02-03 15:10:07,067 - INFO - Saved labels for photo_2023-01-30_09-45-25.jpg: 3 objects detected.
2025-02-03 15:10:07,098 - INFO - Running detection on photo_2023-01-31_09-19-53.jpg...
2025-02-03 15:10:07,699 - INFO - Saved detected image: ./images/detected_images\photo_2023-01-31_09-19-53.jpg
2025-02-03 15:10:07,700 - INFO - Saved labels for photo_2023-01-31_09-19-53.jpg: 4 objects detected.
2025-02-03 15:10:07,725 - INFO - Running detection on photo_2023-02-01_08-59-37.jpg...
2025-02-03 15:10:08,010 - INFO - Saved detected image: ./images/detected_images\photo_2023-02-01_08-59-37.jpg
2025-02-03 15:10:08,064 - INFO - Saved labels for photo_2023-02-01_08-59-37.jpg: 2 objects detected.
2025-02-03 15:10:08,097 - INFO - Running detection on photo_2023-02-02_08-58-52.jpg...
2025-02-03 15:10:08,467 - INFO - Saved detected image: ./images/detected_images\photo_2023-02-02_08-58-52.jpg
2025-02-03 15:10:08,467 - INFO - Saved labels for photo_2023-02-02_08-58-52.jpg: 1 objects detected.
2025-02-03 15:10:08,498 - INFO - Running detection on photo_2023-02-10_12-23-06.jpg...
2025-02-03 15:10:08,994 - INFO - Saved detected image: ./images/detected_images\photo_2023-02-10_12-23-06.jpg
2025-02-03 15:10:09,007 - INFO - Saved labels for photo_2023-02-10_12-23-06.jpg: 0 objects detected.
2025-02-03 15:10:09,057 - INFO - Running detection on photo_2025-01-22_11-15-33 (1).jpg...
2025-02-03 15:10:09,355 - INFO - Saved detected image: ./images/detected_images\photo_2025-01-22_11-15-33 (1).jpg
2025-02-03 15:10:09,355 - INFO - Saved labels for photo_2025-01-22_11-15-33 (1).jpg: 1 objects detected.
2025-02-03 15:10:09,453 - INFO - Running detection on photo_2025-01-22_11-15-33 (2).jpg...
2025-02-03 15:10:09,761 - INFO - Saved detected image: ./images/detected_images\photo_2025-01-22_11-15-33 (2).jpg
2025-02-03 15:10:09,805 - INFO - Saved labels for photo_2025-01-22_11-15-33 (2).jpg: 0 objects detected.
2025-02-03 15:10:09,819 - INFO - Running detection on photo_2025-01-22_11-15-33 (3).jpg...
2025-02-03 15:10:10,265 - INFO - Saved detected image: ./images/detected_images\photo_2025-01-22_11-15-33 (3).jpg
2025-02-03 15:10:10,277 - INFO - Saved labels for photo_2025-01-22_11-15-33 (3).jpg: 0 objects detected.
2025-02-03 15:10:10,301 - INFO - Running detection on photo_2025-01-22_11-15-33.jpg...
2025-02-03 15:10:10,599 - INFO - Saved detected image: ./images/detected_images\photo_2025-01-22_11-15-33.jpg
2025-02-03 15:10:10,829 - INFO - Saved labels for photo_2025-01-22_11-15-33.jpg: 0 objects detected.
2025-02-03 15:10:10,901 - INFO - Running detection on photo_2025-01-23_05-01-22 (1).jpg...
2025-02-03 15:10:11,233 - INFO - Saved detected image: ./images/detected_images\photo_2025-01-23_05-01-22 (1).jpg
2025-02-03 15:10:11,234 - INFO - Saved labels for photo_2025-01-23_05-01-22 (1).jpg: 0 objects detected.
2025-02-03 15:10:11,242 - INFO - Running detection on photo_2025-01-23_05-01-22 (10).jpg...
2025-02-03 15:10:11,556 - INFO - Saved detected image: ./images/detected_images\photo_2025-01-23_05-01-22 (10).jpg
2025-02-03 15:10:11,564 - INFO - Saved labels for photo_2025-01-23_05-01-22 (10).jpg: 0 objects detected.
2025-02-03 15:10:11,573 - INFO - Running detection on photo_2025-01-23_05-01-22 (11).jpg...
2025-02-03 15:10:11,917 - INFO - Saved detected image: ./images/detected_images\photo_2025-01-23_05-01-22 (11).jpg
2025-02-03 15:10:11,918 - INFO - Saved labels for photo_2025-01-23_05-01-22 (11).jpg: 0 objects detected.
2025-02-03 15:10:11,953 - INFO - Running detection on photo_2025-01-23_05-01-22 (2).jpg...
2025-02-03 15:10:12,258 - INFO - Saved detected image: ./images/detected_images\photo_2025-01-23_05-01-22 (2).jpg
2025-02-03 15:10:12,534 - INFO - Saved labels for photo_2025-01-23_05-01-22 (2).jpg: 0 objects detected.
2025-02-03 15:10:12,541 - INFO - Running detection on photo_2025-01-23_05-01-22 (3).jpg...
2025-02-03 15:10:12,885 - INFO - Saved detected image: ./images/detected_images\photo_2025-01-23_05-01-22 (3).jpg
2025-02-03 15:10:12,885 - INFO - Saved labels for photo_2025-01-23_05-01-22 (3).jpg: 0 objects detected.
2025-02-03 15:10:12,982 - INFO - Running detection on photo_2025-01-23_05-01-22 (4).jpg...
2025-02-03 15:10:13,340 - INFO - Saved detected image: ./images/detected_images\photo_2025-01-23_05-01-22 (4).jpg
2025-02-03 15:10:13,661 - INFO - Saved labels for photo_2025-01-23_05-01-22 (4).jpg: 0 objects detected.
2025-02-03 15:10:13,668 - INFO - Running detection on photo_2025-01-23_05-01-22 (5).jpg...
2025-02-03 15:10:13,940 - INFO - Saved detected image: ./images/detected_images\photo_2025-01-23_05-01-22 (5).jpg
2025-02-03 15:10:13,941 - INFO - Saved labels for photo_2025-01-23_05-01-22 (5).jpg: 0 objects detected.
2025-02-03 15:10:13,957 - INFO - Running detection on photo_2025-01-23_05-01-22 (6).jpg...
2025-02-03 15:10:14,248 - INFO - Saved detected image: ./images/detected_images\photo_2025-01-23_05-01-22 (6).jpg
2025-02-03 15:10:14,282 - INFO - Saved labels for photo_2025-01-23_05-01-22 (6).jpg: 0 objects detected.
2025-02-03 15:10:14,310 - INFO - Running detection on photo_2025-01-23_05-01-22 (7).jpg...
2025-02-03 15:10:14,582 - INFO - Saved detected image: ./images/detected_images\photo_2025-01-23_05-01-22 (7).jpg
2025-02-03 15:10:14,582 - INFO - Saved labels for photo_2025-01-23_05-01-22 (7).jpg: 0 objects detected.
2025-02-03 15:10:14,588 - INFO - Running detection on photo_2025-01-23_05-01-22 (8).jpg...
2025-02-03 15:10:14,859 - INFO - Saved detected image: ./images/detected_images\photo_2025-01-23_05-01-22 (8).jpg
2025-02-03 15:10:14,872 - INFO - Saved labels for photo_2025-01-23_05-01-22 (8).jpg: 0 objects detected.
2025-02-03 15:10:14,890 - INFO - Running detection on photo_2025-01-23_05-01-22 (9).jpg...
2025-02-03 15:10:15,172 - INFO - Saved detected image: ./images/detected_images\photo_2025-01-23_05-01-22 (9).jpg
2025-02-03 15:10:15,173 - INFO - Saved labels for photo_2025-01-23_05-01-22 (9).jpg: 1 objects detected.
2025-02-03 15:10:15,212 - INFO - Running detection on photo_2025-01-23_05-01-22.jpg...
2025-02-03 15:10:15,610 - INFO - Saved detected image: ./images/detected_images\photo_2025-01-23_05-01-22.jpg
2025-02-03 15:10:15,902 - INFO - Saved labels for photo_2025-01-23_05-01-22.jpg: 0 objects detected.
2025-02-03 15:10:15,910 - INFO - Running detection on photo_2025-01-23_10-58-37 (1).jpg...
2025-02-03 15:10:16,183 - INFO - Saved detected image: ./images/detected_images\photo_2025-01-23_10-58-37 (1).jpg
2025-02-03 15:10:16,185 - INFO - Saved labels for photo_2025-01-23_10-58-37 (1).jpg: 0 objects detected.
2025-02-03 15:10:16,196 - INFO - Running detection on photo_2025-01-23_10-58-37 (2).jpg...
2025-02-03 15:10:16,457 - INFO - Saved detected image: ./images/detected_images\photo_2025-01-23_10-58-37 (2).jpg
2025-02-03 15:10:16,627 - INFO - Saved labels for photo_2025-01-23_10-58-37 (2).jpg: 1 objects detected.
2025-02-03 15:10:16,642 - INFO - Running detection on photo_2025-01-23_10-58-37 (3).jpg...
2025-02-03 15:10:16,889 - INFO - Saved detected image: ./images/detected_images\photo_2025-01-23_10-58-37 (3).jpg
2025-02-03 15:10:16,890 - INFO - Saved labels for photo_2025-01-23_10-58-37 (3).jpg: 1 objects detected.
2025-02-03 15:10:16,937 - INFO - Running detection on photo_2025-01-23_10-58-37 (4).jpg...
2025-02-03 15:10:17,211 - INFO - Saved detected image: ./images/detected_images\photo_2025-01-23_10-58-37 (4).jpg
2025-02-03 15:10:17,218 - INFO - Saved labels for photo_2025-01-23_10-58-37 (4).jpg: 0 objects detected.
2025-02-03 15:10:17,252 - INFO - Running detection on photo_2025-01-23_10-58-37 (5).jpg...
2025-02-03 15:10:17,521 - INFO - Saved detected image: ./images/detected_images\photo_2025-01-23_10-58-37 (5).jpg
2025-02-03 15:10:17,522 - INFO - Saved labels for photo_2025-01-23_10-58-37 (5).jpg: 0 objects detected.
2025-02-03 15:10:17,607 - INFO - Running detection on photo_2025-01-23_10-58-37.jpg...
2025-02-03 15:10:17,883 - INFO - Saved detected image: ./images/detected_images\photo_2025-01-23_10-58-37.jpg
2025-02-03 15:10:17,967 - INFO - Saved labels for photo_2025-01-23_10-58-37.jpg: 0 objects detected.
2025-02-03 15:10:17,973 - INFO - Running detection on photo_2025-01-23_12-17-07.jpg...
2025-02-03 15:10:18,245 - INFO - Saved detected image: ./images/detected_images\photo_2025-01-23_12-17-07.jpg
2025-02-03 15:10:18,246 - INFO - Saved labels for photo_2025-01-23_12-17-07.jpg: 1 objects detected.
2025-02-03 15:10:18,270 - INFO - Running detection on photo_2025-01-23_12-17-08 (1).jpg...
2025-02-03 15:10:18,541 - INFO - Saved detected image: ./images/detected_images\photo_2025-01-23_12-17-08 (1).jpg
2025-02-03 15:10:18,546 - INFO - Saved labels for photo_2025-01-23_12-17-08 (1).jpg: 0 objects detected.
2025-02-03 15:10:18,565 - INFO - Running detection on photo_2025-01-23_12-17-08 (2).jpg...
2025-02-03 15:10:18,831 - INFO - Saved detected image: ./images/detected_images\photo_2025-01-23_12-17-08 (2).jpg
2025-02-03 15:10:18,832 - INFO - Saved labels for photo_2025-01-23_12-17-08 (2).jpg: 0 objects detected.
2025-02-03 15:10:18,841 - INFO - Running detection on photo_2025-01-23_12-17-08 (3).jpg...
2025-02-03 15:10:19,150 - INFO - Saved detected image: ./images/detected_images\photo_2025-01-23_12-17-08 (3).jpg
2025-02-03 15:10:19,187 - INFO - Saved labels for photo_2025-01-23_12-17-08 (3).jpg: 0 objects detected.
2025-02-03 15:10:19,197 - INFO - Running detection on photo_2025-01-23_12-17-08 (4).jpg...
2025-02-03 15:10:19,460 - INFO - Saved detected image: ./images/detected_images\photo_2025-01-23_12-17-08 (4).jpg
2025-02-03 15:10:19,461 - INFO - Saved labels for photo_2025-01-23_12-17-08 (4).jpg: 0 objects detected.
2025-02-03 15:10:19,529 - INFO - Running detection on photo_2025-01-23_12-17-08 (5).jpg...
2025-02-03 15:10:20,062 - INFO - Saved detected image: ./images/detected_images\photo_2025-01-23_12-17-08 (5).jpg
2025-02-03 15:10:20,067 - INFO - Saved labels for photo_2025-01-23_12-17-08 (5).jpg: 0 objects detected.
2025-02-03 15:10:20,073 - INFO - Running detection on photo_2025-01-23_12-17-08 (6).jpg...
2025-02-03 15:10:20,342 - INFO - Saved detected image: ./images/detected_images\photo_2025-01-23_12-17-08 (6).jpg
2025-02-03 15:10:20,342 - INFO - Saved labels for photo_2025-01-23_12-17-08 (6).jpg: 0 objects detected.
2025-02-03 15:10:20,378 - INFO - Running detection on photo_2025-01-23_12-17-08 (7).jpg...
2025-02-03 15:10:20,804 - INFO - Saved detected image: ./images/detected_images\photo_2025-01-23_12-17-08 (7).jpg
2025-02-03 15:10:20,806 - INFO - Saved labels for photo_2025-01-23_12-17-08 (7).jpg: 3 objects detected.
2025-02-03 15:10:20,818 - INFO - Running detection on photo_2025-01-23_12-17-08.jpg...
2025-02-03 15:10:21,083 - INFO - Saved detected image: ./images/detected_images\photo_2025-01-23_12-17-08.jpg
2025-02-03 15:10:21,083 - INFO - Saved labels for photo_2025-01-23_12-17-08.jpg: 0 objects detected.
2025-02-03 15:10:21,150 - INFO - Running detection on photo_2025-01-24_05-58-43.jpg...
2025-02-03 15:10:21,457 - INFO - Saved detected image: ./images/detected_images\photo_2025-01-24_05-58-43.jpg
2025-02-03 15:10:21,509 - INFO - Saved labels for photo_2025-01-24_05-58-43.jpg: 0 objects detected.
2025-02-03 15:10:21,520 - INFO - Running detection on photo_2025-01-24_05-59-28 (1).jpg...
2025-02-03 15:10:21,775 - INFO - Saved detected image: ./images/detected_images\photo_2025-01-24_05-59-28 (1).jpg
2025-02-03 15:10:21,777 - INFO - Saved labels for photo_2025-01-24_05-59-28 (1).jpg: 0 objects detected.
2025-02-03 15:10:21,785 - INFO - Running detection on photo_2025-01-24_05-59-28 (2).jpg...
2025-02-03 15:10:22,056 - INFO - Saved detected image: ./images/detected_images\photo_2025-01-24_05-59-28 (2).jpg
2025-02-03 15:10:22,069 - INFO - Saved labels for photo_2025-01-24_05-59-28 (2).jpg: 0 objects detected.
2025-02-03 15:10:22,097 - INFO - Running detection on photo_2025-01-24_05-59-28 (3).jpg...
2025-02-03 15:10:22,401 - INFO - Saved detected image: ./images/detected_images\photo_2025-01-24_05-59-28 (3).jpg
2025-02-03 15:10:22,402 - INFO - Saved labels for photo_2025-01-24_05-59-28 (3).jpg: 0 objects detected.
2025-02-03 15:10:22,411 - INFO - Running detection on photo_2025-01-24_05-59-28 (4).jpg...
2025-02-03 15:10:22,637 - INFO - Saved detected image: ./images/detected_images\photo_2025-01-24_05-59-28 (4).jpg
2025-02-03 15:10:22,651 - INFO - Saved labels for photo_2025-01-24_05-59-28 (4).jpg: 0 objects detected.
2025-02-03 15:10:22,688 - INFO - Running detection on photo_2025-01-24_05-59-28 (5).jpg...
2025-02-03 15:10:22,965 - INFO - Saved detected image: ./images/detected_images\photo_2025-01-24_05-59-28 (5).jpg
2025-02-03 15:10:22,967 - INFO - Saved labels for photo_2025-01-24_05-59-28 (5).jpg: 0 objects detected.
2025-02-03 15:10:22,979 - INFO - Running detection on photo_2025-01-24_05-59-28 (6).jpg...
2025-02-03 15:10:23,299 - INFO - Saved detected image: ./images/detected_images\photo_2025-01-24_05-59-28 (6).jpg
2025-02-03 15:10:23,300 - INFO - Saved labels for photo_2025-01-24_05-59-28 (6).jpg: 0 objects detected.
2025-02-03 15:10:23,348 - INFO - Running detection on photo_2025-01-24_05-59-28 (7).jpg...
2025-02-03 15:10:23,647 - INFO - Saved detected image: ./images/detected_images\photo_2025-01-24_05-59-28 (7).jpg
2025-02-03 15:10:23,647 - INFO - Saved labels for photo_2025-01-24_05-59-28 (7).jpg: 0 objects detected.
2025-02-03 15:10:23,679 - INFO - Running detection on photo_2025-01-24_05-59-28 (8).jpg...
2025-02-03 15:10:23,996 - INFO - Saved detected image: ./images/detected_images\photo_2025-01-24_05-59-28 (8).jpg
2025-02-03 15:10:23,997 - INFO - Saved labels for photo_2025-01-24_05-59-28 (8).jpg: 0 objects detected.
2025-02-03 15:10:24,027 - INFO - Running detection on photo_2025-01-24_05-59-28.jpg...
2025-02-03 15:10:24,323 - INFO - Saved detected image: ./images/detected_images\photo_2025-01-24_05-59-28.jpg
2025-02-03 15:10:24,324 - INFO - Saved labels for photo_2025-01-24_05-59-28.jpg: 0 objects detected.
2025-02-03 15:10:24,355 - INFO - Running detection on photo_2025-01-24_05-59-39.jpg...
2025-02-03 15:10:24,670 - INFO - Saved detected image: ./images/detected_images\photo_2025-01-24_05-59-39.jpg
2025-02-03 15:10:24,673 - INFO - Saved labels for photo_2025-01-24_05-59-39.jpg: 0 objects detected.
2025-02-03 15:10:24,764 - INFO - Running detection on photo_2025-01-24_11-39-43 (1).jpg...
2025-02-03 15:10:25,091 - INFO - Saved detected image: ./images/detected_images\photo_2025-01-24_11-39-43 (1).jpg
2025-02-03 15:10:25,091 - INFO - Saved labels for photo_2025-01-24_11-39-43 (1).jpg: 0 objects detected.
2025-02-03 15:10:25,101 - INFO - Running detection on photo_2025-01-24_11-39-43 (2).jpg...
2025-02-03 15:10:25,402 - INFO - Saved detected image: ./images/detected_images\photo_2025-01-24_11-39-43 (2).jpg
2025-02-03 15:10:25,404 - INFO - Saved labels for photo_2025-01-24_11-39-43 (2).jpg: 0 objects detected.
2025-02-03 15:10:25,420 - INFO - Running detection on photo_2025-01-24_11-39-43 (3).jpg...
2025-02-03 15:10:25,688 - INFO - Saved detected image: ./images/detected_images\photo_2025-01-24_11-39-43 (3).jpg
2025-02-03 15:10:25,689 - INFO - Saved labels for photo_2025-01-24_11-39-43 (3).jpg: 0 objects detected.
2025-02-03 15:10:25,727 - INFO - Running detection on photo_2025-01-24_11-39-43 (4).jpg...
2025-02-03 15:10:26,018 - INFO - Saved detected image: ./images/detected_images\photo_2025-01-24_11-39-43 (4).jpg
2025-02-03 15:10:26,019 - INFO - Saved labels for photo_2025-01-24_11-39-43 (4).jpg: 0 objects detected.
2025-02-03 15:10:26,026 - INFO - Running detection on photo_2025-01-24_11-39-43 (5).jpg...
2025-02-03 15:10:26,317 - INFO - Saved detected image: ./images/detected_images\photo_2025-01-24_11-39-43 (5).jpg
2025-02-03 15:10:26,317 - INFO - Saved labels for photo_2025-01-24_11-39-43 (5).jpg: 0 objects detected.
2025-02-03 15:10:26,325 - INFO - Running detection on photo_2025-01-24_11-39-43 (6).jpg...
2025-02-03 15:10:26,605 - INFO - Saved detected image: ./images/detected_images\photo_2025-01-24_11-39-43 (6).jpg
2025-02-03 15:10:26,607 - INFO - Saved labels for photo_2025-01-24_11-39-43 (6).jpg: 0 objects detected.
2025-02-03 15:10:26,614 - INFO - Running detection on photo_2025-01-24_11-39-43 (7).jpg...
2025-02-03 15:10:26,986 - INFO - Saved detected image: ./images/detected_images\photo_2025-01-24_11-39-43 (7).jpg
2025-02-03 15:10:26,987 - INFO - Saved labels for photo_2025-01-24_11-39-43 (7).jpg: 0 objects detected.
2025-02-03 15:10:27,033 - INFO - Running detection on photo_2025-01-24_11-39-43.jpg...
2025-02-03 15:10:27,351 - INFO - Saved detected image: ./images/detected_images\photo_2025-01-24_11-39-43.jpg
2025-02-03 15:10:27,353 - INFO - Saved labels for photo_2025-01-24_11-39-43.jpg: 0 objects detected.
2025-02-03 15:10:27,411 - INFO - Running detection on photo_2025-01-24_12-44-46.jpg...
2025-02-03 15:10:27,729 - INFO - Saved detected image: ./images/detected_images\photo_2025-01-24_12-44-46.jpg
2025-02-03 15:10:27,730 - INFO - Saved labels for photo_2025-01-24_12-44-46.jpg: 0 objects detected.
2025-02-03 15:10:27,741 - INFO - Running detection on photo_2025-01-24_12-44-47 (1).jpg...
2025-02-03 15:10:28,039 - INFO - Saved detected image: ./images/detected_images\photo_2025-01-24_12-44-47 (1).jpg
2025-02-03 15:10:28,041 - INFO - Saved labels for photo_2025-01-24_12-44-47 (1).jpg: 1 objects detected.
2025-02-03 15:10:28,157 - INFO - Running detection on photo_2025-01-24_12-44-47.jpg...
2025-02-03 15:10:28,437 - INFO - Saved detected image: ./images/detected_images\photo_2025-01-24_12-44-47.jpg
2025-02-03 15:10:28,437 - INFO - Saved labels for photo_2025-01-24_12-44-47.jpg: 0 objects detected.
2025-02-03 15:10:28,493 - INFO - Running detection on photo_2025-01-24_14-01-14.jpg...
2025-02-03 15:10:28,801 - INFO - Saved detected image: ./images/detected_images\photo_2025-01-24_14-01-14.jpg
2025-02-03 15:10:28,802 - INFO - Saved labels for photo_2025-01-24_14-01-14.jpg: 3 objects detected.
2025-02-03 15:10:28,894 - INFO - Running detection on photo_2025-01-25_03-50-13 (1).jpg...
2025-02-03 15:10:29,213 - INFO - Saved detected image: ./images/detected_images\photo_2025-01-25_03-50-13 (1).jpg
2025-02-03 15:10:29,214 - INFO - Saved labels for photo_2025-01-25_03-50-13 (1).jpg: 0 objects detected.
2025-02-03 15:10:29,228 - INFO - Running detection on photo_2025-01-25_03-50-13 (2).jpg...
2025-02-03 15:10:29,523 - INFO - Saved detected image: ./images/detected_images\photo_2025-01-25_03-50-13 (2).jpg
2025-02-03 15:10:29,524 - INFO - Saved labels for photo_2025-01-25_03-50-13 (2).jpg: 0 objects detected.
2025-02-03 15:10:29,605 - INFO - Running detection on photo_2025-01-25_03-50-13 (3).jpg...
2025-02-03 15:10:29,918 - INFO - Saved detected image: ./images/detected_images\photo_2025-01-25_03-50-13 (3).jpg
2025-02-03 15:10:29,919 - INFO - Saved labels for photo_2025-01-25_03-50-13 (3).jpg: 0 objects detected.
2025-02-03 15:10:29,928 - INFO - Running detection on photo_2025-01-25_03-50-13.jpg...
2025-02-03 15:10:30,432 - INFO - Saved detected image: ./images/detected_images\photo_2025-01-25_03-50-13.jpg
2025-02-03 15:10:30,434 - INFO - Saved labels for photo_2025-01-25_03-50-13.jpg: 0 objects detected.
2025-02-03 15:10:30,464 - INFO - Running detection on photo_2025-01-25_03-50-14 (1).jpg...
2025-02-03 15:10:30,777 - INFO - Saved detected image: ./images/detected_images\photo_2025-01-25_03-50-14 (1).jpg
2025-02-03 15:10:30,778 - INFO - Saved labels for photo_2025-01-25_03-50-14 (1).jpg: 0 objects detected.
2025-02-03 15:10:30,798 - INFO - Running detection on photo_2025-01-25_03-50-14 (10).jpg...
2025-02-03 15:10:31,096 - INFO - Saved detected image: ./images/detected_images\photo_2025-01-25_03-50-14 (10).jpg
2025-02-03 15:10:31,097 - INFO - Saved labels for photo_2025-01-25_03-50-14 (10).jpg: 1 objects detected.
2025-02-03 15:10:31,127 - INFO - Running detection on photo_2025-01-25_03-50-14 (11).jpg...
2025-02-03 15:10:31,406 - INFO - Saved detected image: ./images/detected_images\photo_2025-01-25_03-50-14 (11).jpg
2025-02-03 15:10:31,407 - INFO - Saved labels for photo_2025-01-25_03-50-14 (11).jpg: 0 objects detected.
2025-02-03 15:10:31,414 - INFO - Running detection on photo_2025-01-25_03-50-14 (2).jpg...
2025-02-03 15:10:31,688 - INFO - Saved detected image: ./images/detected_images\photo_2025-01-25_03-50-14 (2).jpg
2025-02-03 15:10:31,689 - INFO - Saved labels for photo_2025-01-25_03-50-14 (2).jpg: 0 objects detected.
2025-02-03 15:10:31,723 - INFO - Running detection on photo_2025-01-25_03-50-14 (3).jpg...
2025-02-03 15:10:32,022 - INFO - Saved detected image: ./images/detected_images\photo_2025-01-25_03-50-14 (3).jpg
2025-02-03 15:10:32,023 - INFO - Saved labels for photo_2025-01-25_03-50-14 (3).jpg: 0 objects detected.
2025-02-03 15:10:32,027 - INFO - Running detection on photo_2025-01-25_03-50-14 (4).jpg...
2025-02-03 15:10:32,247 - INFO - Saved detected image: ./images/detected_images\photo_2025-01-25_03-50-14 (4).jpg
2025-02-03 15:10:32,248 - INFO - Saved labels for photo_2025-01-25_03-50-14 (4).jpg: 0 objects detected.
2025-02-03 15:10:32,258 - INFO - Running detection on photo_2025-01-25_03-50-14 (5).jpg...
2025-02-03 15:10:32,529 - INFO - Saved detected image: ./images/detected_images\photo_2025-01-25_03-50-14 (5).jpg
2025-02-03 15:10:32,530 - INFO - Saved labels for photo_2025-01-25_03-50-14 (5).jpg: 0 objects detected.
2025-02-03 15:10:32,537 - INFO - Running detection on photo_2025-01-25_03-50-14 (6).jpg...
2025-02-03 15:10:32,826 - INFO - Saved detected image: ./images/detected_images\photo_2025-01-25_03-50-14 (6).jpg
2025-02-03 15:10:32,827 - INFO - Saved labels for photo_2025-01-25_03-50-14 (6).jpg: 0 objects detected.
2025-02-03 15:10:32,857 - INFO - Running detection on photo_2025-01-25_03-50-14 (7).jpg...
2025-02-03 15:10:33,150 - INFO - Saved detected image: ./images/detected_images\photo_2025-01-25_03-50-14 (7).jpg
2025-02-03 15:10:33,151 - INFO - Saved labels for photo_2025-01-25_03-50-14 (7).jpg: 1 objects detected.
2025-02-03 15:10:33,160 - INFO - Running detection on photo_2025-01-25_03-50-14 (8).jpg...
2025-02-03 15:10:33,449 - INFO - Saved detected image: ./images/detected_images\photo_2025-01-25_03-50-14 (8).jpg
2025-02-03 15:10:33,451 - INFO - Saved labels for photo_2025-01-25_03-50-14 (8).jpg: 0 objects detected.
2025-02-03 15:10:33,494 - INFO - Running detection on photo_2025-01-25_03-50-14 (9).jpg...
2025-02-03 15:10:33,766 - INFO - Saved detected image: ./images/detected_images\photo_2025-01-25_03-50-14 (9).jpg
2025-02-03 15:10:33,767 - INFO - Saved labels for photo_2025-01-25_03-50-14 (9).jpg: 0 objects detected.
2025-02-03 15:10:33,785 - INFO - Running detection on photo_2025-01-25_03-50-14.jpg...
2025-02-03 15:10:34,064 - INFO - Saved detected image: ./images/detected_images\photo_2025-01-25_03-50-14.jpg
2025-02-03 15:10:34,065 - INFO - Saved labels for photo_2025-01-25_03-50-14.jpg: 0 objects detected.
2025-02-03 15:10:34,087 - INFO - Running detection on photo_2025-01-26_07-33-24.jpg...
2025-02-03 15:10:34,387 - INFO - Saved detected image: ./images/detected_images\photo_2025-01-26_07-33-24.jpg
2025-02-03 15:10:34,387 - INFO - Saved labels for photo_2025-01-26_07-33-24.jpg: 1 objects detected.
2025-02-03 15:10:34,400 - INFO - Running detection on photo_2025-01-26_07-33-25 (1).jpg...
2025-02-03 15:10:34,685 - INFO - Saved detected image: ./images/detected_images\photo_2025-01-26_07-33-25 (1).jpg
2025-02-03 15:10:34,686 - INFO - Saved labels for photo_2025-01-26_07-33-25 (1).jpg: 1 objects detected.
2025-02-03 15:10:34,748 - INFO - Running detection on photo_2025-01-26_07-33-25 (2).jpg...
2025-02-03 15:10:35,059 - INFO - Saved detected image: ./images/detected_images\photo_2025-01-26_07-33-25 (2).jpg
2025-02-03 15:10:35,059 - INFO - Saved labels for photo_2025-01-26_07-33-25 (2).jpg: 0 objects detected.
2025-02-03 15:10:35,087 - INFO - Running detection on photo_2025-01-26_07-33-25 (3).jpg...
2025-02-03 15:10:35,383 - INFO - Saved detected image: ./images/detected_images\photo_2025-01-26_07-33-25 (3).jpg
2025-02-03 15:10:35,384 - INFO - Saved labels for photo_2025-01-26_07-33-25 (3).jpg: 0 objects detected.
2025-02-03 15:10:35,393 - INFO - Running detection on photo_2025-01-26_07-33-25 (4).jpg...
2025-02-03 15:10:35,698 - INFO - Saved detected image: ./images/detected_images\photo_2025-01-26_07-33-25 (4).jpg
2025-02-03 15:10:35,700 - INFO - Saved labels for photo_2025-01-26_07-33-25 (4).jpg: 0 objects detected.
2025-02-03 15:10:35,712 - INFO - Running detection on photo_2025-01-26_07-33-25 (5).jpg...
2025-02-03 15:10:36,027 - INFO - Saved detected image: ./images/detected_images\photo_2025-01-26_07-33-25 (5).jpg
2025-02-03 15:10:36,029 - INFO - Saved labels for photo_2025-01-26_07-33-25 (5).jpg: 0 objects detected.
2025-02-03 15:10:36,084 - INFO - Running detection on photo_2025-01-26_07-33-25 (6).jpg...
2025-02-03 15:10:36,388 - INFO - Saved detected image: ./images/detected_images\photo_2025-01-26_07-33-25 (6).jpg
2025-02-03 15:10:36,389 - INFO - Saved labels for photo_2025-01-26_07-33-25 (6).jpg: 0 objects detected.
2025-02-03 15:10:36,398 - INFO - Running detection on photo_2025-01-26_07-33-25 (7).jpg...
2025-02-03 15:10:36,687 - INFO - Saved detected image: ./images/detected_images\photo_2025-01-26_07-33-25 (7).jpg
2025-02-03 15:10:36,687 - INFO - Saved labels for photo_2025-01-26_07-33-25 (7).jpg: 0 objects detected.
2025-02-03 15:10:36,732 - INFO - Running detection on photo_2025-01-26_07-33-25 (8).jpg...
2025-02-03 15:10:37,053 - INFO - Saved detected image: ./images/detected_images\photo_2025-01-26_07-33-25 (8).jpg
2025-02-03 15:10:37,054 - INFO - Saved labels for photo_2025-01-26_07-33-25 (8).jpg: 3 objects detected.
2025-02-03 15:10:37,061 - INFO - Running detection on photo_2025-01-26_07-33-25 (9).jpg...
2025-02-03 15:10:37,387 - INFO - Saved detected image: ./images/detected_images\photo_2025-01-26_07-33-25 (9).jpg
2025-02-03 15:10:37,388 - INFO - Saved labels for photo_2025-01-26_07-33-25 (9).jpg: 1 objects detected.
2025-02-03 15:10:37,510 - INFO - Running detection on photo_2025-01-26_07-33-25.jpg...
2025-02-03 15:10:37,788 - INFO - Saved detected image: ./images/detected_images\photo_2025-01-26_07-33-25.jpg
2025-02-03 15:10:37,788 - INFO - Saved labels for photo_2025-01-26_07-33-25.jpg: 0 objects detected.
2025-02-03 15:10:37,795 - INFO - Running detection on photo_2025-01-27_05-34-02 (1).jpg...
2025-02-03 15:10:38,100 - INFO - Saved detected image: ./images/detected_images\photo_2025-01-27_05-34-02 (1).jpg
2025-02-03 15:10:38,101 - INFO - Saved labels for photo_2025-01-27_05-34-02 (1).jpg: 0 objects detected.
2025-02-03 15:10:38,116 - INFO - Running detection on photo_2025-01-27_05-34-02 (2).jpg...
2025-02-03 15:10:38,484 - INFO - Saved detected image: ./images/detected_images\photo_2025-01-27_05-34-02 (2).jpg
2025-02-03 15:10:38,485 - INFO - Saved labels for photo_2025-01-27_05-34-02 (2).jpg: 1 objects detected.
2025-02-03 15:10:38,501 - INFO - Running detection on photo_2025-01-27_05-34-02 (3).jpg...
2025-02-03 15:10:38,780 - INFO - Saved detected image: ./images/detected_images\photo_2025-01-27_05-34-02 (3).jpg
2025-02-03 15:10:38,781 - INFO - Saved labels for photo_2025-01-27_05-34-02 (3).jpg: 1 objects detected.
2025-02-03 15:10:38,787 - INFO - Running detection on photo_2025-01-27_05-34-02 (4).jpg...
2025-02-03 15:10:39,083 - INFO - Saved detected image: ./images/detected_images\photo_2025-01-27_05-34-02 (4).jpg
2025-02-03 15:10:39,084 - INFO - Saved labels for photo_2025-01-27_05-34-02 (4).jpg: 1 objects detected.
2025-02-03 15:10:39,200 - INFO - Running detection on photo_2025-01-27_05-34-02 (5).jpg...
2025-02-03 15:10:39,476 - INFO - Saved detected image: ./images/detected_images\photo_2025-01-27_05-34-02 (5).jpg
2025-02-03 15:10:39,477 - INFO - Saved labels for photo_2025-01-27_05-34-02 (5).jpg: 0 objects detected.
2025-02-03 15:10:39,537 - INFO - Running detection on photo_2025-01-27_05-34-02 (6).jpg...
2025-02-03 15:10:39,832 - INFO - Saved detected image: ./images/detected_images\photo_2025-01-27_05-34-02 (6).jpg
2025-02-03 15:10:39,832 - INFO - Saved labels for photo_2025-01-27_05-34-02 (6).jpg: 0 objects detected.
2025-02-03 15:10:39,871 - INFO - Running detection on photo_2025-01-27_05-34-02 (7).jpg...
2025-02-03 15:10:40,148 - INFO - Saved detected image: ./images/detected_images\photo_2025-01-27_05-34-02 (7).jpg
2025-02-03 15:10:40,150 - INFO - Saved labels for photo_2025-01-27_05-34-02 (7).jpg: 0 objects detected.
2025-02-03 15:10:40,158 - INFO - Running detection on photo_2025-01-27_05-34-02.jpg...
2025-02-03 15:10:40,499 - INFO - Saved detected image: ./images/detected_images\photo_2025-01-27_05-34-02.jpg
2025-02-03 15:10:40,500 - INFO - Saved labels for photo_2025-01-27_05-34-02.jpg: 0 objects detected.
2025-02-03 15:10:40,519 - INFO - Running detection on photo_2025-01-27_05-34-03 (1).jpg...
2025-02-03 15:10:40,800 - INFO - Saved detected image: ./images/detected_images\photo_2025-01-27_05-34-03 (1).jpg
2025-02-03 15:10:40,802 - INFO - Saved labels for photo_2025-01-27_05-34-03 (1).jpg: 0 objects detected.
2025-02-03 15:10:40,837 - INFO - Running detection on photo_2025-01-27_05-34-03 (2).jpg...
2025-02-03 15:10:41,126 - INFO - Saved detected image: ./images/detected_images\photo_2025-01-27_05-34-03 (2).jpg
2025-02-03 15:10:41,127 - INFO - Saved labels for photo_2025-01-27_05-34-03 (2).jpg: 0 objects detected.
2025-02-03 15:10:41,133 - INFO - Running detection on photo_2025-01-27_05-34-03 (3).jpg...
2025-02-03 15:10:41,414 - INFO - Saved detected image: ./images/detected_images\photo_2025-01-27_05-34-03 (3).jpg
2025-02-03 15:10:41,415 - INFO - Saved labels for photo_2025-01-27_05-34-03 (3).jpg: 0 objects detected.
2025-02-03 15:10:41,438 - INFO - Running detection on photo_2025-01-27_05-34-03 (4).jpg...
2025-02-03 15:10:41,745 - INFO - Saved detected image: ./images/detected_images\photo_2025-01-27_05-34-03 (4).jpg
2025-02-03 15:10:41,747 - INFO - Saved labels for photo_2025-01-27_05-34-03 (4).jpg: 1 objects detected.
2025-02-03 15:10:41,783 - INFO - Running detection on photo_2025-01-27_05-34-03 (5).jpg...
2025-02-03 15:10:42,073 - INFO - Saved detected image: ./images/detected_images\photo_2025-01-27_05-34-03 (5).jpg
2025-02-03 15:10:42,075 - INFO - Saved labels for photo_2025-01-27_05-34-03 (5).jpg: 0 objects detected.
2025-02-03 15:10:42,078 - INFO - Running detection on photo_2025-01-27_05-34-03 (6).jpg...
2025-02-03 15:10:42,303 - INFO - Saved detected image: ./images/detected_images\photo_2025-01-27_05-34-03 (6).jpg
2025-02-03 15:10:42,304 - INFO - Saved labels for photo_2025-01-27_05-34-03 (6).jpg: 0 objects detected.
2025-02-03 15:10:42,317 - INFO - Running detection on photo_2025-01-27_05-34-03.jpg...
2025-02-03 15:10:42,605 - INFO - Saved detected image: ./images/detected_images\photo_2025-01-27_05-34-03.jpg
2025-02-03 15:10:42,606 - INFO - Saved labels for photo_2025-01-27_05-34-03.jpg: 0 objects detected.
2025-02-03 15:10:42,615 - INFO - Running detection on photo_2025-01-28_05-19-57 (1).jpg...
2025-02-03 15:10:42,934 - INFO - Saved detected image: ./images/detected_images\photo_2025-01-28_05-19-57 (1).jpg
2025-02-03 15:10:42,936 - INFO - Saved labels for photo_2025-01-28_05-19-57 (1).jpg: 0 objects detected.
2025-02-03 15:10:42,957 - INFO - Running detection on photo_2025-01-28_05-19-57 (2).jpg...
2025-02-03 15:10:43,336 - INFO - Saved detected image: ./images/detected_images\photo_2025-01-28_05-19-57 (2).jpg
2025-02-03 15:10:43,338 - INFO - Saved labels for photo_2025-01-28_05-19-57 (2).jpg: 0 objects detected.
2025-02-03 15:10:43,367 - INFO - Running detection on photo_2025-01-28_05-19-57 (3).jpg...
2025-02-03 15:10:43,647 - INFO - Saved detected image: ./images/detected_images\photo_2025-01-28_05-19-57 (3).jpg
2025-02-03 15:10:43,649 - INFO - Saved labels for photo_2025-01-28_05-19-57 (3).jpg: 0 objects detected.
2025-02-03 15:10:43,655 - INFO - Running detection on photo_2025-01-28_05-19-57.jpg...
2025-02-03 15:10:43,922 - INFO - Saved detected image: ./images/detected_images\photo_2025-01-28_05-19-57.jpg
2025-02-03 15:10:43,924 - INFO - Saved labels for photo_2025-01-28_05-19-57.jpg: 1 objects detected.
2025-02-03 15:10:43,943 - INFO - Running detection on photo_2025-01-28_05-19-58 (1).jpg...
2025-02-03 15:10:44,326 - INFO - Saved detected image: ./images/detected_images\photo_2025-01-28_05-19-58 (1).jpg
2025-02-03 15:10:44,327 - INFO - Saved labels for photo_2025-01-28_05-19-58 (1).jpg: 0 objects detected.
2025-02-03 15:10:44,341 - INFO - Running detection on photo_2025-01-28_05-19-58 (10).jpg...
2025-02-03 15:10:44,717 - INFO - Saved detected image: ./images/detected_images\photo_2025-01-28_05-19-58 (10).jpg
2025-02-03 15:10:44,718 - INFO - Saved labels for photo_2025-01-28_05-19-58 (10).jpg: 0 objects detected.
2025-02-03 15:10:44,744 - INFO - Running detection on photo_2025-01-28_05-19-58 (11).jpg...
2025-02-03 15:10:44,997 - INFO - Saved detected image: ./images/detected_images\photo_2025-01-28_05-19-58 (11).jpg
2025-02-03 15:10:44,998 - INFO - Saved labels for photo_2025-01-28_05-19-58 (11).jpg: 0 objects detected.
2025-02-03 15:10:45,007 - INFO - Running detection on photo_2025-01-28_05-19-58 (12).jpg...
2025-02-03 15:10:45,278 - INFO - Saved detected image: ./images/detected_images\photo_2025-01-28_05-19-58 (12).jpg
2025-02-03 15:10:45,280 - INFO - Saved labels for photo_2025-01-28_05-19-58 (12).jpg: 1 objects detected.
2025-02-03 15:10:45,308 - INFO - Running detection on photo_2025-01-28_05-19-58 (13).jpg...
2025-02-03 15:10:45,624 - INFO - Saved detected image: ./images/detected_images\photo_2025-01-28_05-19-58 (13).jpg
2025-02-03 15:10:45,625 - INFO - Saved labels for photo_2025-01-28_05-19-58 (13).jpg: 1 objects detected.
2025-02-03 15:10:45,638 - INFO - Running detection on photo_2025-01-28_05-19-58 (14).jpg...
2025-02-03 15:10:45,925 - INFO - Saved detected image: ./images/detected_images\photo_2025-01-28_05-19-58 (14).jpg
2025-02-03 15:10:45,926 - INFO - Saved labels for photo_2025-01-28_05-19-58 (14).jpg: 0 objects detected.
2025-02-03 15:10:45,930 - INFO - Running detection on photo_2025-01-28_05-19-58 (15).jpg...
2025-02-03 15:10:46,198 - INFO - Saved detected image: ./images/detected_images\photo_2025-01-28_05-19-58 (15).jpg
2025-02-03 15:10:46,199 - INFO - Saved labels for photo_2025-01-28_05-19-58 (15).jpg: 1 objects detected.
2025-02-03 15:10:46,239 - INFO - Running detection on photo_2025-01-28_05-19-58 (2).jpg...
2025-02-03 15:10:46,520 - INFO - Saved detected image: ./images/detected_images\photo_2025-01-28_05-19-58 (2).jpg
2025-02-03 15:10:46,521 - INFO - Saved labels for photo_2025-01-28_05-19-58 (2).jpg: 3 objects detected.
2025-02-03 15:10:46,527 - INFO - Running detection on photo_2025-01-28_05-19-58 (3).jpg...
2025-02-03 15:10:46,789 - INFO - Saved detected image: ./images/detected_images\photo_2025-01-28_05-19-58 (3).jpg
2025-02-03 15:10:46,790 - INFO - Saved labels for photo_2025-01-28_05-19-58 (3).jpg: 1 objects detected.
2025-02-03 15:10:46,866 - INFO - Running detection on photo_2025-01-28_05-19-58 (4).jpg...
2025-02-03 15:10:47,172 - INFO - Saved detected image: ./images/detected_images\photo_2025-01-28_05-19-58 (4).jpg
2025-02-03 15:10:47,174 - INFO - Saved labels for photo_2025-01-28_05-19-58 (4).jpg: 0 objects detected.
2025-02-03 15:10:47,187 - INFO - Running detection on photo_2025-01-28_05-19-58 (5).jpg...
2025-02-03 15:10:47,461 - INFO - Saved detected image: ./images/detected_images\photo_2025-01-28_05-19-58 (5).jpg
2025-02-03 15:10:47,461 - INFO - Saved labels for photo_2025-01-28_05-19-58 (5).jpg: 0 objects detected.
2025-02-03 15:10:47,490 - INFO - Running detection on photo_2025-01-28_05-19-58 (6).jpg...
2025-02-03 15:10:47,704 - INFO - Saved detected image: ./images/detected_images\photo_2025-01-28_05-19-58 (6).jpg
2025-02-03 15:10:47,705 - INFO - Saved labels for photo_2025-01-28_05-19-58 (6).jpg: 0 objects detected.
2025-02-03 15:10:47,725 - INFO - Running detection on photo_2025-01-28_05-19-58 (7).jpg...
2025-02-03 15:10:47,996 - INFO - Saved detected image: ./images/detected_images\photo_2025-01-28_05-19-58 (7).jpg
2025-02-03 15:10:47,997 - INFO - Saved labels for photo_2025-01-28_05-19-58 (7).jpg: 3 objects detected.
2025-02-03 15:10:48,038 - INFO - Running detection on photo_2025-01-28_05-19-58 (8).jpg...
2025-02-03 15:10:48,326 - INFO - Saved detected image: ./images/detected_images\photo_2025-01-28_05-19-58 (8).jpg
2025-02-03 15:10:48,327 - INFO - Saved labels for photo_2025-01-28_05-19-58 (8).jpg: 1 objects detected.
2025-02-03 15:10:48,357 - INFO - Running detection on photo_2025-01-28_05-19-58 (9).jpg...
2025-02-03 15:10:48,627 - INFO - Saved detected image: ./images/detected_images\photo_2025-01-28_05-19-58 (9).jpg
2025-02-03 15:10:48,628 - INFO - Saved labels for photo_2025-01-28_05-19-58 (9).jpg: 1 objects detected.
2025-02-03 15:10:48,630 - INFO - Running detection on photo_2025-01-28_05-19-58.jpg...
2025-02-03 15:10:48,899 - INFO - Saved detected image: ./images/detected_images\photo_2025-01-28_05-19-58.jpg
2025-02-03 15:10:48,901 - INFO - Saved labels for photo_2025-01-28_05-19-58.jpg: 8 objects detected.
2025-02-03 15:10:48,913 - INFO - Running detection on photo_2025-01-28_07-54-58 (1).jpg...
2025-02-03 15:10:49,218 - INFO - Saved detected image: ./images/detected_images\photo_2025-01-28_07-54-58 (1).jpg
2025-02-03 15:10:49,219 - INFO - Saved labels for photo_2025-01-28_07-54-58 (1).jpg: 0 objects detected.
2025-02-03 15:10:49,250 - INFO - Running detection on photo_2025-01-28_07-54-58.jpg...
2025-02-03 15:10:49,534 - INFO - Saved detected image: ./images/detected_images\photo_2025-01-28_07-54-58.jpg
2025-02-03 15:10:49,536 - INFO - Saved labels for photo_2025-01-28_07-54-58.jpg: 0 objects detected.
2025-02-03 15:10:49,541 - INFO - Running detection on photo_2025-01-28_07-54-59 (1).jpg...
2025-02-03 15:10:49,822 - INFO - Saved detected image: ./images/detected_images\photo_2025-01-28_07-54-59 (1).jpg
2025-02-03 15:10:49,823 - INFO - Saved labels for photo_2025-01-28_07-54-59 (1).jpg: 0 objects detected.
2025-02-03 15:10:49,933 - INFO - Running detection on photo_2025-01-28_07-54-59 (2).jpg...
2025-02-03 15:10:50,249 - INFO - Saved detected image: ./images/detected_images\photo_2025-01-28_07-54-59 (2).jpg
2025-02-03 15:10:50,250 - INFO - Saved labels for photo_2025-01-28_07-54-59 (2).jpg: 0 objects detected.
2025-02-03 15:10:50,331 - INFO - Running detection on photo_2025-01-28_07-54-59 (3).jpg...
2025-02-03 15:10:50,627 - INFO - Saved detected image: ./images/detected_images\photo_2025-01-28_07-54-59 (3).jpg
2025-02-03 15:10:50,628 - INFO - Saved labels for photo_2025-01-28_07-54-59 (3).jpg: 0 objects detected.
2025-02-03 15:10:50,674 - INFO - Running detection on photo_2025-01-28_07-54-59 (4).jpg...
2025-02-03 15:10:50,959 - INFO - Saved detected image: ./images/detected_images\photo_2025-01-28_07-54-59 (4).jpg
2025-02-03 15:10:50,961 - INFO - Saved labels for photo_2025-01-28_07-54-59 (4).jpg: 3 objects detected.
2025-02-03 15:10:50,990 - INFO - Running detection on photo_2025-01-28_07-54-59 (5).jpg...
2025-02-03 15:10:51,275 - INFO - Saved detected image: ./images/detected_images\photo_2025-01-28_07-54-59 (5).jpg
2025-02-03 15:10:51,277 - INFO - Saved labels for photo_2025-01-28_07-54-59 (5).jpg: 0 objects detected.
2025-02-03 15:10:51,299 - INFO - Running detection on photo_2025-01-28_07-54-59 (6).jpg...
2025-02-03 15:10:51,599 - INFO - Saved detected image: ./images/detected_images\photo_2025-01-28_07-54-59 (6).jpg
2025-02-03 15:10:51,600 - INFO - Saved labels for photo_2025-01-28_07-54-59 (6).jpg: 0 objects detected.
2025-02-03 15:10:51,632 - INFO - Running detection on photo_2025-01-28_07-54-59.jpg...
2025-02-03 15:10:51,942 - INFO - Saved detected image: ./images/detected_images\photo_2025-01-28_07-54-59.jpg
2025-02-03 15:10:51,943 - INFO - Saved labels for photo_2025-01-28_07-54-59.jpg: 0 objects detected.
2025-02-03 15:10:51,977 - INFO - Running detection on photo_2025-01-28_07-55-08.jpg...
2025-02-03 15:10:52,380 - INFO - Saved detected image: ./images/detected_images\photo_2025-01-28_07-55-08.jpg
2025-02-03 15:10:52,381 - INFO - Saved labels for photo_2025-01-28_07-55-08.jpg: 0 objects detected.
2025-02-03 15:10:52,490 - INFO - Running detection on photo_2025-01-28_10-54-52 (1).jpg...
2025-02-03 15:10:52,780 - INFO - Saved detected image: ./images/detected_images\photo_2025-01-28_10-54-52 (1).jpg
2025-02-03 15:10:52,780 - INFO - Saved labels for photo_2025-01-28_10-54-52 (1).jpg: 0 objects detected.
2025-02-03 15:10:52,850 - INFO - Running detection on photo_2025-01-28_10-54-52 (2).jpg...
2025-02-03 15:10:53,157 - INFO - Saved detected image: ./images/detected_images\photo_2025-01-28_10-54-52 (2).jpg
2025-02-03 15:10:53,249 - INFO - Saved labels for photo_2025-01-28_10-54-52 (2).jpg: 0 objects detected.
2025-02-03 15:10:53,291 - INFO - Running detection on photo_2025-01-28_10-54-52 (3).jpg...
2025-02-03 15:10:53,563 - INFO - Saved detected image: ./images/detected_images\photo_2025-01-28_10-54-52 (3).jpg
2025-02-03 15:10:53,564 - INFO - Saved labels for photo_2025-01-28_10-54-52 (3).jpg: 0 objects detected.
2025-02-03 15:10:53,591 - INFO - Running detection on photo_2025-01-28_10-54-52 (4).jpg...
2025-02-03 15:10:53,858 - INFO - Saved detected image: ./images/detected_images\photo_2025-01-28_10-54-52 (4).jpg
2025-02-03 15:10:53,990 - INFO - Saved labels for photo_2025-01-28_10-54-52 (4).jpg: 0 objects detected.
2025-02-03 15:10:53,997 - INFO - Running detection on photo_2025-01-28_10-54-52 (5).jpg...
2025-02-03 15:10:54,262 - INFO - Saved detected image: ./images/detected_images\photo_2025-01-28_10-54-52 (5).jpg
2025-02-03 15:10:54,263 - INFO - Saved labels for photo_2025-01-28_10-54-52 (5).jpg: 0 objects detected.
2025-02-03 15:10:54,277 - INFO - Running detection on photo_2025-01-28_10-54-52.jpg...
2025-02-03 15:10:54,538 - INFO - Saved detected image: ./images/detected_images\photo_2025-01-28_10-54-52.jpg
2025-02-03 15:10:55,365 - INFO - Saved labels for photo_2025-01-28_10-54-52.jpg: 1 objects detected.
2025-02-03 15:10:55,429 - INFO - Running detection on photo_2025-01-28_14-36-30 (1).jpg...
2025-02-03 15:10:55,699 - INFO - Saved detected image: ./images/detected_images\photo_2025-01-28_14-36-30 (1).jpg
2025-02-03 15:10:55,699 - INFO - Saved labels for photo_2025-01-28_14-36-30 (1).jpg: 0 objects detected.
2025-02-03 15:10:55,702 - INFO - Running detection on photo_2025-01-28_14-36-30 (2).jpg...
2025-02-03 15:10:55,955 - INFO - Saved detected image: ./images/detected_images\photo_2025-01-28_14-36-30 (2).jpg
2025-02-03 15:10:56,210 - INFO - Saved labels for photo_2025-01-28_14-36-30 (2).jpg: 0 objects detected.
2025-02-03 15:10:56,224 - INFO - Running detection on photo_2025-01-28_14-36-30 (3).jpg...
2025-02-03 15:10:56,476 - INFO - Saved detected image: ./images/detected_images\photo_2025-01-28_14-36-30 (3).jpg
2025-02-03 15:10:56,476 - INFO - Saved labels for photo_2025-01-28_14-36-30 (3).jpg: 0 objects detected.
2025-02-03 15:10:56,518 - INFO - Running detection on photo_2025-01-28_14-36-30 (4).jpg...
2025-02-03 15:10:56,794 - INFO - Saved detected image: ./images/detected_images\photo_2025-01-28_14-36-30 (4).jpg
2025-02-03 15:10:56,933 - INFO - Saved labels for photo_2025-01-28_14-36-30 (4).jpg: 0 objects detected.
2025-02-03 15:10:56,955 - INFO - Running detection on photo_2025-01-28_14-36-30.jpg...
2025-02-03 15:10:57,212 - INFO - Saved detected image: ./images/detected_images\photo_2025-01-28_14-36-30.jpg
2025-02-03 15:10:57,213 - INFO - Saved labels for photo_2025-01-28_14-36-30.jpg: 2 objects detected.
2025-02-03 15:10:57,219 - INFO - Running detection on photo_2025-01-28_14-36-31 (1).jpg...
2025-02-03 15:10:57,446 - INFO - Saved detected image: ./images/detected_images\photo_2025-01-28_14-36-31 (1).jpg
2025-02-03 15:10:57,647 - INFO - Saved labels for photo_2025-01-28_14-36-31 (1).jpg: 0 objects detected.
2025-02-03 15:10:57,671 - INFO - Running detection on photo_2025-01-28_14-36-31 (2).jpg...
2025-02-03 15:10:57,932 - INFO - Saved detected image: ./images/detected_images\photo_2025-01-28_14-36-31 (2).jpg
2025-02-03 15:10:57,933 - INFO - Saved labels for photo_2025-01-28_14-36-31 (2).jpg: 0 objects detected.
2025-02-03 15:10:57,934 - INFO - Running detection on photo_2025-01-28_14-36-31 (3).jpg...
2025-02-03 15:10:58,195 - INFO - Saved detected image: ./images/detected_images\photo_2025-01-28_14-36-31 (3).jpg
2025-02-03 15:10:58,390 - INFO - Saved labels for photo_2025-01-28_14-36-31 (3).jpg: 1 objects detected.
2025-02-03 15:10:58,410 - INFO - Running detection on photo_2025-01-28_14-36-31 (4).jpg...
2025-02-03 15:10:58,675 - INFO - Saved detected image: ./images/detected_images\photo_2025-01-28_14-36-31 (4).jpg
2025-02-03 15:10:58,677 - INFO - Saved labels for photo_2025-01-28_14-36-31 (4).jpg: 0 objects detected.
2025-02-03 15:10:58,699 - INFO - Running detection on photo_2025-01-28_14-36-31 (5).jpg...
2025-02-03 15:10:58,986 - INFO - Saved detected image: ./images/detected_images\photo_2025-01-28_14-36-31 (5).jpg
2025-02-03 15:10:59,319 - INFO - Saved labels for photo_2025-01-28_14-36-31 (5).jpg: 0 objects detected.
2025-02-03 15:10:59,324 - INFO - Running detection on photo_2025-01-28_14-36-31 (6).jpg...
2025-02-03 15:10:59,553 - INFO - Saved detected image: ./images/detected_images\photo_2025-01-28_14-36-31 (6).jpg
2025-02-03 15:10:59,554 - INFO - Saved labels for photo_2025-01-28_14-36-31 (6).jpg: 0 objects detected.
2025-02-03 15:10:59,561 - INFO - Running detection on photo_2025-01-28_14-36-31 (7).jpg...
2025-02-03 15:10:59,830 - INFO - Saved detected image: ./images/detected_images\photo_2025-01-28_14-36-31 (7).jpg
2025-02-03 15:11:00,068 - INFO - Saved labels for photo_2025-01-28_14-36-31 (7).jpg: 0 objects detected.
2025-02-03 15:11:00,093 - INFO - Running detection on photo_2025-01-28_14-36-31.jpg...
2025-02-03 15:11:00,312 - INFO - Saved detected image: ./images/detected_images\photo_2025-01-28_14-36-31.jpg
2025-02-03 15:11:00,313 - INFO - Saved labels for photo_2025-01-28_14-36-31.jpg: 0 objects detected.
2025-02-03 15:11:00,319 - INFO - Running detection on photo_2025-01-29_05-02-10.jpg...
2025-02-03 15:11:00,555 - INFO - Saved detected image: ./images/detected_images\photo_2025-01-29_05-02-10.jpg
2025-02-03 15:11:00,779 - INFO - Saved labels for photo_2025-01-29_05-02-10.jpg: 2 objects detected.
2025-02-03 15:11:00,784 - INFO - Running detection on photo_2025-01-29_05-03-03 (1).jpg...
2025-02-03 15:11:01,062 - INFO - Saved detected image: ./images/detected_images\photo_2025-01-29_05-03-03 (1).jpg
2025-02-03 15:11:01,063 - INFO - Saved labels for photo_2025-01-29_05-03-03 (1).jpg: 1 objects detected.
2025-02-03 15:11:01,084 - INFO - Running detection on photo_2025-01-29_05-03-03 (2).jpg...
2025-02-03 15:11:01,365 - INFO - Saved detected image: ./images/detected_images\photo_2025-01-29_05-03-03 (2).jpg
2025-02-03 15:11:01,399 - INFO - Saved labels for photo_2025-01-29_05-03-03 (2).jpg: 2 objects detected.
2025-02-03 15:11:01,410 - INFO - Running detection on photo_2025-01-29_05-03-03 (3).jpg...
2025-02-03 15:11:01,615 - INFO - Saved detected image: ./images/detected_images\photo_2025-01-29_05-03-03 (3).jpg
2025-02-03 15:11:01,615 - INFO - Saved labels for photo_2025-01-29_05-03-03 (3).jpg: 1 objects detected.
2025-02-03 15:11:01,617 - INFO - Running detection on photo_2025-01-29_05-03-03 (4).jpg...
2025-02-03 15:11:01,884 - INFO - Saved detected image: ./images/detected_images\photo_2025-01-29_05-03-03 (4).jpg
2025-02-03 15:11:01,945 - INFO - Saved labels for photo_2025-01-29_05-03-03 (4).jpg: 0 objects detected.
2025-02-03 15:11:01,961 - INFO - Running detection on photo_2025-01-29_05-03-03 (5).jpg...
2025-02-03 15:11:02,240 - INFO - Saved detected image: ./images/detected_images\photo_2025-01-29_05-03-03 (5).jpg
2025-02-03 15:11:02,241 - INFO - Saved labels for photo_2025-01-29_05-03-03 (5).jpg: 0 objects detected.
2025-02-03 15:11:02,254 - INFO - Running detection on photo_2025-01-29_05-03-03.jpg...
2025-02-03 15:11:02,520 - INFO - Saved detected image: ./images/detected_images\photo_2025-01-29_05-03-03.jpg
2025-02-03 15:11:02,619 - INFO - Saved labels for photo_2025-01-29_05-03-03.jpg: 3 objects detected.
2025-02-03 15:11:02,637 - INFO - Running detection on photo_2025-01-29_05-03-04.jpg...
2025-02-03 15:11:02,942 - INFO - Saved detected image: ./images/detected_images\photo_2025-01-29_05-03-04.jpg
2025-02-03 15:11:02,943 - INFO - Saved labels for photo_2025-01-29_05-03-04.jpg: 1 objects detected.
2025-02-03 15:11:02,951 - INFO - Running detection on photo_2025-01-29_12-59-56.jpg...
2025-02-03 15:11:03,307 - INFO - Saved detected image: ./images/detected_images\photo_2025-01-29_12-59-56.jpg
2025-02-03 15:11:03,564 - INFO - Saved labels for photo_2025-01-29_12-59-56.jpg: 0 objects detected.
2025-02-03 15:11:03,585 - INFO - Running detection on photo_2025-01-29_13-01-26 (1).jpg...
2025-02-03 15:11:03,804 - INFO - Saved detected image: ./images/detected_images\photo_2025-01-29_13-01-26 (1).jpg
2025-02-03 15:11:03,805 - INFO - Saved labels for photo_2025-01-29_13-01-26 (1).jpg: 0 objects detected.
2025-02-03 15:11:03,828 - INFO - Running detection on photo_2025-01-29_13-01-26 (2).jpg...
2025-02-03 15:11:04,169 - INFO - Saved detected image: ./images/detected_images\photo_2025-01-29_13-01-26 (2).jpg
2025-02-03 15:11:04,170 - INFO - Saved labels for photo_2025-01-29_13-01-26 (2).jpg: 0 objects detected.
2025-02-03 15:11:04,182 - INFO - Running detection on photo_2025-01-29_13-01-26 (3).jpg...
2025-02-03 15:11:04,474 - INFO - Saved detected image: ./images/detected_images\photo_2025-01-29_13-01-26 (3).jpg
2025-02-03 15:11:04,475 - INFO - Saved labels for photo_2025-01-29_13-01-26 (3).jpg: 0 objects detected.
2025-02-03 15:11:04,491 - INFO - Running detection on photo_2025-01-29_13-01-26 (4).jpg...
2025-02-03 15:11:04,778 - INFO - Saved detected image: ./images/detected_images\photo_2025-01-29_13-01-26 (4).jpg
2025-02-03 15:11:04,783 - INFO - Saved labels for photo_2025-01-29_13-01-26 (4).jpg: 0 objects detected.
2025-02-03 15:11:04,815 - INFO - Running detection on photo_2025-01-29_13-01-26 (5).jpg...
2025-02-03 15:11:05,096 - INFO - Saved detected image: ./images/detected_images\photo_2025-01-29_13-01-26 (5).jpg
2025-02-03 15:11:05,097 - INFO - Saved labels for photo_2025-01-29_13-01-26 (5).jpg: 0 objects detected.
2025-02-03 15:11:05,130 - INFO - Running detection on photo_2025-01-29_13-01-26 (6).jpg...
2025-02-03 15:11:05,445 - INFO - Saved detected image: ./images/detected_images\photo_2025-01-29_13-01-26 (6).jpg
2025-02-03 15:11:05,520 - INFO - Saved labels for photo_2025-01-29_13-01-26 (6).jpg: 1 objects detected.
2025-02-03 15:11:05,591 - INFO - Running detection on photo_2025-01-29_13-01-26 (7).jpg...
2025-02-03 15:11:05,989 - INFO - Saved detected image: ./images/detected_images\photo_2025-01-29_13-01-26 (7).jpg
2025-02-03 15:11:05,990 - INFO - Saved labels for photo_2025-01-29_13-01-26 (7).jpg: 1 objects detected.
2025-02-03 15:11:05,995 - INFO - Running detection on photo_2025-01-29_13-01-26.jpg...
2025-02-03 15:11:06,281 - INFO - Saved detected image: ./images/detected_images\photo_2025-01-29_13-01-26.jpg
2025-02-03 15:11:06,411 - INFO - Saved labels for photo_2025-01-29_13-01-26.jpg: 0 objects detected.
2025-02-03 15:11:06,433 - INFO - Running detection on photo_2025-01-30_06-32-29 (1).jpg...
2025-02-03 15:11:06,705 - INFO - Saved detected image: ./images/detected_images\photo_2025-01-30_06-32-29 (1).jpg
2025-02-03 15:11:06,706 - INFO - Saved labels for photo_2025-01-30_06-32-29 (1).jpg: 5 objects detected.
2025-02-03 15:11:06,792 - INFO - Running detection on photo_2025-01-30_06-32-29 (2).jpg...
2025-02-03 15:11:07,098 - INFO - Saved detected image: ./images/detected_images\photo_2025-01-30_06-32-29 (2).jpg
2025-02-03 15:11:07,112 - INFO - Saved labels for photo_2025-01-30_06-32-29 (2).jpg: 0 objects detected.
2025-02-03 15:11:07,123 - INFO - Running detection on photo_2025-01-30_06-32-29 (3).jpg...
2025-02-03 15:11:07,387 - INFO - Saved detected image: ./images/detected_images\photo_2025-01-30_06-32-29 (3).jpg
2025-02-03 15:11:07,387 - INFO - Saved labels for photo_2025-01-30_06-32-29 (3).jpg: 0 objects detected.
2025-02-03 15:11:07,402 - INFO - Running detection on photo_2025-01-30_06-32-29.jpg...
2025-02-03 15:11:07,681 - INFO - Saved detected image: ./images/detected_images\photo_2025-01-30_06-32-29.jpg
2025-02-03 15:11:08,026 - INFO - Saved labels for photo_2025-01-30_06-32-29.jpg: 1 objects detected.
2025-02-03 15:11:08,032 - INFO - Running detection on photo_2025-01-30_06-32-30 (1).jpg...
2025-02-03 15:11:08,285 - INFO - Saved detected image: ./images/detected_images\photo_2025-01-30_06-32-30 (1).jpg
2025-02-03 15:11:08,287 - INFO - Saved labels for photo_2025-01-30_06-32-30 (1).jpg: 0 objects detected.
2025-02-03 15:11:08,291 - INFO - Running detection on photo_2025-01-30_06-32-30 (10).jpg...
2025-02-03 15:11:08,507 - INFO - Saved detected image: ./images/detected_images\photo_2025-01-30_06-32-30 (10).jpg
2025-02-03 15:11:08,575 - INFO - Saved labels for photo_2025-01-30_06-32-30 (10).jpg: 0 objects detected.
2025-02-03 15:11:08,617 - INFO - Running detection on photo_2025-01-30_06-32-30 (11).jpg...
2025-02-03 15:11:09,013 - INFO - Saved detected image: ./images/detected_images\photo_2025-01-30_06-32-30 (11).jpg
2025-02-03 15:11:09,014 - INFO - Saved labels for photo_2025-01-30_06-32-30 (11).jpg: 0 objects detected.
2025-02-03 15:11:09,044 - INFO - Running detection on photo_2025-01-30_06-32-30 (12).jpg...
2025-02-03 15:11:09,329 - INFO - Saved detected image: ./images/detected_images\photo_2025-01-30_06-32-30 (12).jpg
2025-02-03 15:11:09,477 - INFO - Saved labels for photo_2025-01-30_06-32-30 (12).jpg: 0 objects detected.
2025-02-03 15:11:09,502 - INFO - Running detection on photo_2025-01-30_06-32-30 (13).jpg...
2025-02-03 15:11:09,776 - INFO - Saved detected image: ./images/detected_images\photo_2025-01-30_06-32-30 (13).jpg
2025-02-03 15:11:09,776 - INFO - Saved labels for photo_2025-01-30_06-32-30 (13).jpg: 1 objects detected.
2025-02-03 15:11:09,808 - INFO - Running detection on photo_2025-01-30_06-32-30 (14).jpg...
2025-02-03 15:11:10,024 - INFO - Saved detected image: ./images/detected_images\photo_2025-01-30_06-32-30 (14).jpg
2025-02-03 15:11:10,054 - INFO - Saved labels for photo_2025-01-30_06-32-30 (14).jpg: 0 objects detected.
2025-02-03 15:11:10,064 - INFO - Running detection on photo_2025-01-30_06-32-30 (15).jpg...
2025-02-03 15:11:10,340 - INFO - Saved detected image: ./images/detected_images\photo_2025-01-30_06-32-30 (15).jpg
2025-02-03 15:11:10,679 - INFO - Saved labels for photo_2025-01-30_06-32-30 (15).jpg: 0 objects detected.
2025-02-03 15:11:10,701 - INFO - Running detection on photo_2025-01-30_06-32-30 (16).jpg...
2025-02-03 15:11:10,983 - INFO - Saved detected image: ./images/detected_images\photo_2025-01-30_06-32-30 (16).jpg
2025-02-03 15:11:11,645 - INFO - Saved labels for photo_2025-01-30_06-32-30 (16).jpg: 1 objects detected.
2025-02-03 15:11:11,678 - INFO - Running detection on photo_2025-01-30_06-32-30 (17).jpg...
2025-02-03 15:11:11,915 - INFO - Saved detected image: ./images/detected_images\photo_2025-01-30_06-32-30 (17).jpg
2025-02-03 15:11:11,916 - INFO - Saved labels for photo_2025-01-30_06-32-30 (17).jpg: 1 objects detected.
2025-02-03 15:11:11,936 - INFO - Running detection on photo_2025-01-30_06-32-30 (2).jpg...
2025-02-03 15:11:12,237 - INFO - Saved detected image: ./images/detected_images\photo_2025-01-30_06-32-30 (2).jpg
2025-02-03 15:11:12,339 - INFO - Saved labels for photo_2025-01-30_06-32-30 (2).jpg: 0 objects detected.
2025-02-03 15:11:12,345 - INFO - Running detection on photo_2025-01-30_06-32-30 (3).jpg...
2025-02-03 15:11:12,599 - INFO - Saved detected image: ./images/detected_images\photo_2025-01-30_06-32-30 (3).jpg
2025-02-03 15:11:12,599 - INFO - Saved labels for photo_2025-01-30_06-32-30 (3).jpg: 0 objects detected.
2025-02-03 15:11:12,638 - INFO - Running detection on photo_2025-01-30_06-32-30 (4).jpg...
2025-02-03 15:11:12,920 - INFO - Saved detected image: ./images/detected_images\photo_2025-01-30_06-32-30 (4).jpg
2025-02-03 15:11:13,010 - INFO - Saved labels for photo_2025-01-30_06-32-30 (4).jpg: 0 objects detected.
2025-02-03 15:11:13,022 - INFO - Running detection on photo_2025-01-30_06-32-30 (5).jpg...
2025-02-03 15:11:13,330 - INFO - Saved detected image: ./images/detected_images\photo_2025-01-30_06-32-30 (5).jpg
2025-02-03 15:11:13,331 - INFO - Saved labels for photo_2025-01-30_06-32-30 (5).jpg: 0 objects detected.
2025-02-03 15:11:13,439 - INFO - Running detection on photo_2025-01-30_06-32-30 (6).jpg...
2025-02-03 15:11:13,758 - INFO - Saved detected image: ./images/detected_images\photo_2025-01-30_06-32-30 (6).jpg
2025-02-03 15:11:13,766 - INFO - Saved labels for photo_2025-01-30_06-32-30 (6).jpg: 0 objects detected.
2025-02-03 15:11:13,781 - INFO - Running detection on photo_2025-01-30_06-32-30 (7).jpg...
2025-02-03 15:11:14,058 - INFO - Saved detected image: ./images/detected_images\photo_2025-01-30_06-32-30 (7).jpg
2025-02-03 15:11:14,059 - INFO - Saved labels for photo_2025-01-30_06-32-30 (7).jpg: 0 objects detected.
2025-02-03 15:11:14,075 - INFO - Running detection on photo_2025-01-30_06-32-30 (8).jpg...
2025-02-03 15:11:14,357 - INFO - Saved detected image: ./images/detected_images\photo_2025-01-30_06-32-30 (8).jpg
2025-02-03 15:11:14,365 - INFO - Saved labels for photo_2025-01-30_06-32-30 (8).jpg: 1 objects detected.
2025-02-03 15:11:14,387 - INFO - Running detection on photo_2025-01-30_06-32-30 (9).jpg...
2025-02-03 15:11:14,674 - INFO - Saved detected image: ./images/detected_images\photo_2025-01-30_06-32-30 (9).jpg
2025-02-03 15:11:14,675 - INFO - Saved labels for photo_2025-01-30_06-32-30 (9).jpg: 0 objects detected.
2025-02-03 15:11:14,760 - INFO - Running detection on photo_2025-01-30_06-32-30.jpg...
2025-02-03 15:11:15,068 - INFO - Saved detected image: ./images/detected_images\photo_2025-01-30_06-32-30.jpg
2025-02-03 15:11:15,073 - INFO - Saved labels for photo_2025-01-30_06-32-30.jpg: 0 objects detected.
2025-02-03 15:11:15,096 - INFO - Running detection on photo_2025-01-30_09-07-32 (1).jpg...
2025-02-03 15:11:15,379 - INFO - Saved detected image: ./images/detected_images\photo_2025-01-30_09-07-32 (1).jpg
2025-02-03 15:11:15,379 - INFO - Saved labels for photo_2025-01-30_09-07-32 (1).jpg: 3 objects detected.
2025-02-03 15:11:15,411 - INFO - Running detection on photo_2025-01-30_09-07-32.jpg...
2025-02-03 15:11:15,705 - INFO - Saved detected image: ./images/detected_images\photo_2025-01-30_09-07-32.jpg
2025-02-03 15:11:15,713 - INFO - Saved labels for photo_2025-01-30_09-07-32.jpg: 0 objects detected.
2025-02-03 15:11:15,733 - INFO - Running detection on photo_2025-01-30_13-04-01.jpg...
2025-02-03 15:11:16,007 - INFO - Saved detected image: ./images/detected_images\photo_2025-01-30_13-04-01.jpg
2025-02-03 15:11:16,008 - INFO - Saved labels for photo_2025-01-30_13-04-01.jpg: 0 objects detected.
2025-02-03 15:11:16,013 - INFO - Running detection on photo_2025-01-30_13-04-17.jpg...
2025-02-03 15:11:16,287 - INFO - Saved detected image: ./images/detected_images\photo_2025-01-30_13-04-17.jpg
2025-02-03 15:11:16,310 - INFO - Saved labels for photo_2025-01-30_13-04-17.jpg: 1 objects detected.
2025-02-03 15:11:16,332 - INFO - Running detection on photo_2025-01-30_14-11-11 (1).jpg...
2025-02-03 15:11:16,642 - INFO - Saved detected image: ./images/detected_images\photo_2025-01-30_14-11-11 (1).jpg
2025-02-03 15:11:16,643 - INFO - Saved labels for photo_2025-01-30_14-11-11 (1).jpg: 0 objects detected.
2025-02-03 15:11:16,650 - INFO - Running detection on photo_2025-01-30_14-11-11 (2).jpg...
2025-02-03 15:11:16,929 - INFO - Saved detected image: ./images/detected_images\photo_2025-01-30_14-11-11 (2).jpg
2025-02-03 15:11:17,138 - INFO - Saved labels for photo_2025-01-30_14-11-11 (2).jpg: 0 objects detected.
2025-02-03 15:11:17,225 - INFO - Running detection on photo_2025-01-30_14-11-11.jpg...
2025-02-03 15:11:17,467 - INFO - Saved detected image: ./images/detected_images\photo_2025-01-30_14-11-11.jpg
2025-02-03 15:11:17,467 - INFO - Saved labels for photo_2025-01-30_14-11-11.jpg: 0 objects detected.
2025-02-03 15:11:17,477 - INFO - Running detection on photo_2025-01-30_14-11-12.jpg...
2025-02-03 15:11:17,739 - INFO - Saved detected image: ./images/detected_images\photo_2025-01-30_14-11-12.jpg
2025-02-03 15:11:17,744 - INFO - Saved labels for photo_2025-01-30_14-11-12.jpg: 1 objects detected.
2025-02-03 15:11:17,756 - INFO - Running detection on photo_2025-01-31_05-30-28 (1).jpg...
2025-02-03 15:11:18,065 - INFO - Saved detected image: ./images/detected_images\photo_2025-01-31_05-30-28 (1).jpg
2025-02-03 15:11:18,066 - INFO - Saved labels for photo_2025-01-31_05-30-28 (1).jpg: 0 objects detected.
2025-02-03 15:11:18,091 - INFO - Running detection on photo_2025-01-31_05-30-28 (2).jpg...
2025-02-03 15:11:18,487 - INFO - Saved detected image: ./images/detected_images\photo_2025-01-31_05-30-28 (2).jpg
2025-02-03 15:11:18,569 - INFO - Saved labels for photo_2025-01-31_05-30-28 (2).jpg: 1 objects detected.
2025-02-03 15:11:18,575 - INFO - Running detection on photo_2025-01-31_05-30-28 (3).jpg...
2025-02-03 15:11:18,854 - INFO - Saved detected image: ./images/detected_images\photo_2025-01-31_05-30-28 (3).jpg
2025-02-03 15:11:18,854 - INFO - Saved labels for photo_2025-01-31_05-30-28 (3).jpg: 0 objects detected.
2025-02-03 15:11:18,864 - INFO - Running detection on photo_2025-01-31_05-30-28 (4).jpg...
2025-02-03 15:11:19,254 - INFO - Saved detected image: ./images/detected_images\photo_2025-01-31_05-30-28 (4).jpg
2025-02-03 15:11:19,313 - INFO - Saved labels for photo_2025-01-31_05-30-28 (4).jpg: 0 objects detected.
2025-02-03 15:11:19,320 - INFO - Running detection on photo_2025-01-31_05-30-28 (5).jpg...
2025-02-03 15:11:19,619 - INFO - Saved detected image: ./images/detected_images\photo_2025-01-31_05-30-28 (5).jpg
2025-02-03 15:11:19,620 - INFO - Saved labels for photo_2025-01-31_05-30-28 (5).jpg: 0 objects detected.
2025-02-03 15:11:19,660 - INFO - Running detection on photo_2025-01-31_05-30-28 (6).jpg...
2025-02-03 15:11:19,998 - INFO - Saved detected image: ./images/detected_images\photo_2025-01-31_05-30-28 (6).jpg
2025-02-03 15:11:20,235 - INFO - Saved labels for photo_2025-01-31_05-30-28 (6).jpg: 0 objects detected.
2025-02-03 15:11:20,267 - INFO - Running detection on photo_2025-01-31_05-30-28 (7).jpg...
2025-02-03 15:11:20,587 - INFO - Saved detected image: ./images/detected_images\photo_2025-01-31_05-30-28 (7).jpg
2025-02-03 15:11:20,588 - INFO - Saved labels for photo_2025-01-31_05-30-28 (7).jpg: 0 objects detected.
2025-02-03 15:11:20,614 - INFO - Running detection on photo_2025-01-31_05-30-28.jpg...
2025-02-03 15:11:20,916 - INFO - Saved detected image: ./images/detected_images\photo_2025-01-31_05-30-28.jpg
2025-02-03 15:11:20,922 - INFO - Saved labels for photo_2025-01-31_05-30-28.jpg: 0 objects detected.
2025-02-03 15:11:20,922 - INFO - Object detection completed. Check 'detected_images' and 'labels' folders.
