2025-01-31 10:20:30,607 - INFO - Initializing Telegram client...
2025-01-31 10:20:30,610 - INFO - Connecting to 149.154.167.91:443/TcpFull...
2025-01-31 10:20:30,726 - INFO - Connection to 149.154.167.91:443/TcpFull complete!
2025-01-31 10:20:31,350 - INFO - Telegram client started successfully.
2025-01-31 10:20:31,352 - INFO - Fetching messages from https://t.me/DoctorsET...
2025-01-31 10:20:31,352 - INFO - Fetching messages from https://t.me/DoctorsET with min_id=864...
2025-01-31 10:20:32,082 - INFO - Fetched 0 messages from https://t.me/DoctorsET.
2025-01-31 10:20:32,082 - INFO - No new messages found for https://t.me/DoctorsET.
2025-01-31 10:20:32,082 - INFO - Fetching messages from https://t.me/CheMed123...
2025-01-31 10:20:32,083 - INFO - Fetching messages from https://t.me/CheMed123 with min_id=97...
2025-01-31 10:20:32,568 - INFO - Fetched 0 messages from https://t.me/CheMed123.
2025-01-31 10:20:32,569 - INFO - No new messages found for https://t.me/CheMed123.
2025-01-31 10:20:32,569 - INFO - Fetching messages from https://t.me/lobelia4cosmetics...
2025-01-31 10:20:32,569 - INFO - Fetching messages from https://t.me/lobelia4cosmetics with min_id=15200...
2025-01-31 10:20:33,065 - INFO - Fetched 0 messages from https://t.me/lobelia4cosmetics.
2025-01-31 10:20:33,065 - INFO - No new messages found for https://t.me/lobelia4cosmetics.
2025-01-31 10:20:33,066 - INFO - Fetching messages from https://t.me/yetenaweg...
2025-01-31 10:20:33,066 - INFO - Fetching messages from https://t.me/yetenaweg with min_id=1247...
2025-01-31 10:20:33,697 - INFO - Fetched 0 messages from https://t.me/yetenaweg.
2025-01-31 10:20:33,697 - INFO - No new messages found for https://t.me/yetenaweg.
2025-01-31 10:20:33,697 - INFO - Fetching messages from https://t.me/EAHCI...
2025-01-31 10:20:33,698 - INFO - Fetching messages from https://t.me/EAHCI with min_id=2603...
2025-01-31 10:20:34,754 - INFO - Fetched 0 messages from https://t.me/EAHCI.
2025-01-31 10:20:34,754 - INFO - No new messages found for https://t.me/EAHCI.
2025-01-31 10:20:34,756 - INFO - Metadata updated successfully.
2025-01-31 10:20:34,756 - INFO - Disconnecting Telegram client...
2025-01-31 10:20:34,756 - INFO - Disconnecting from 149.154.167.91:443/TcpFull...
2025-01-31 10:20:34,757 - INFO - Disconnection from 149.154.167.91:443/TcpFull complete!
2025-01-31 10:20:34,771 - INFO - Telegram client disconnected.
2025-01-31 10:24:22,861 - INFO - Initializing Telegram client...
2025-01-31 10:24:22,864 - INFO - Connecting to 149.154.167.91:443/TcpFull...
2025-01-31 10:24:22,974 - INFO - Connection to 149.154.167.91:443/TcpFull complete!
2025-01-31 10:24:23,638 - INFO - Telegram client started successfully.
2025-01-31 10:24:23,639 - INFO - Fetching messages from https://t.me/DoctorsET...
2025-01-31 10:24:23,639 - INFO - Fetching messages from https://t.me/DoctorsET with min_id=864...
2025-01-31 10:24:24,335 - INFO - Fetched 0 messages from https://t.me/DoctorsET.
2025-01-31 10:24:24,336 - INFO - No new messages found for https://t.me/DoctorsET.
2025-01-31 10:24:24,336 - INFO - Fetching messages from https://t.me/CheMed123...
2025-01-31 10:24:24,336 - INFO - Fetching messages from https://t.me/CheMed123 with min_id=97...
2025-01-31 10:24:24,831 - INFO - Fetched 0 messages from https://t.me/CheMed123.
2025-01-31 10:24:24,831 - INFO - No new messages found for https://t.me/CheMed123.
2025-01-31 10:24:24,831 - INFO - Fetching messages from https://t.me/lobelia4cosmetics...
2025-01-31 10:24:24,831 - INFO - Fetching messages from https://t.me/lobelia4cosmetics with min_id=15200...
2025-01-31 10:24:25,298 - INFO - Fetched 0 messages from https://t.me/lobelia4cosmetics.
2025-01-31 10:24:25,298 - INFO - No new messages found for https://t.me/lobelia4cosmetics.
2025-01-31 10:24:25,299 - INFO - Fetching messages from https://t.me/yetenaweg...
2025-01-31 10:24:25,299 - INFO - Fetching messages from https://t.me/yetenaweg with min_id=1247...
2025-01-31 10:24:25,846 - INFO - Fetched 0 messages from https://t.me/yetenaweg.
2025-01-31 10:24:25,846 - INFO - No new messages found for https://t.me/yetenaweg.
2025-01-31 10:24:25,847 - INFO - Fetching messages from https://t.me/EAHCI...
2025-01-31 10:24:25,847 - INFO - Fetching messages from https://t.me/EAHCI with min_id=2603...
2025-01-31 10:24:26,521 - INFO - Fetched 0 messages from https://t.me/EAHCI.
2025-01-31 10:24:26,522 - INFO - No new messages found for https://t.me/EAHCI.
2025-01-31 10:24:26,524 - INFO - Metadata updated successfully.
2025-01-31 10:24:26,524 - INFO - Disconnecting Telegram client...
2025-01-31 10:24:26,524 - INFO - Disconnecting from 149.154.167.91:443/TcpFull...
2025-01-31 10:24:26,525 - INFO - Disconnection from 149.154.167.91:443/TcpFull complete!
2025-01-31 10:24:26,538 - INFO - Telegram client disconnected.
